#Build: Fabric Configuration 2022.1, Build 99559, Jul 12 00:20 2022
#Install: D:\FPGA\pango\PDS_2022.1\bin
#Application name: cdt_cfg.exe
#OS: Windows 10 10.0.19045
#Hostname: LAPTOP-O1KCSQEN
Generated by Fabric Configuration (version 2022.1 build 99559) at Mon Nov 13 22:13:06 2023
M_PROCESS_FINISH_STARTED

Connecting to server[127.0.0.1 : 65420].
Connect to server[127.0.0.1 : 65420] successfully.
COMMAND[check version information] execute successfully, takes 0.2 secs.
The cable List : 
Cable index 0:USB Cable II/fffffffffffffffe 

COMMAND[get_cable_paras] execute successfully, takes 1.0 secs.
PANGO USB CABLE II cable driver: D2XX DLL
PGL50H
COMMAND[Open config cable] execute successfully, takes 3.0 secs.
COMMAND[Program] execute successfully, takes 2.2 secs.
COMMAND[Program] execute successfully, takes 2.2 secs.
PANGO USB CABLE II cable driver: D2XX DLL
PGL50H
COMMAND[Open config cable] execute successfully, takes 1.8 secs.
COMMAND[Program] execute successfully, takes 2.1 secs.
COMMAND[Program] execute successfully, takes 2.1 secs.
COMMAND[Program] execute successfully, takes 2.2 secs.
COMMAND[Program] execute successfully, takes 2.1 secs.
COMMAND[Program] execute successfully, takes 2.2 secs.
COMMAND[Program] execute successfully, takes 2.1 secs.
COMMAND[Program] execute successfully, takes 2.1 secs.
COMMAND[Program] execute successfully, takes 2.1 secs.
COMMAND[Program] execute successfully, takes 2.1 secs.
COMMAND[Program] execute successfully, takes 2.1 secs.
COMMAND[Program] execute successfully, takes 2.2 secs.
E: Configuration-0005: Try to abort Verifying.
E: Configuration-0005: Try to abort Programming.
E: JtagServer-0001: No PANGO USB CABLE II cable was found in system.
E: JtagServer-0306: No devices detected while scanning the JTAG chain, failed detecting JTAG device chain.
W: Configuration-4003: Maybe the cable frequency is high or file error, decreasing frequency may avoid fail or check file. And check flash mode whether device supports.
E: Configuration-0008: The operation 'Verify' execute fail.
E: JtagServer-0001: No PANGO USB CABLE II cable was found in system.
E: JtagServer-0306: No devices detected while scanning the JTAG chain, failed detecting JTAG device chain.
E: Configuration-0008: The operation 'Program' execute fail.
E: JtagServer-0001: No PANGO USB CABLE II cable was found in system.
E: JtagServer-0306: No devices detected while scanning the JTAG chain, failed detecting JTAG device chain.
E: Configuration-0008: The operation 'Open config cable' execute fail.
E: JtagServer-0001: No PANGO USB CABLE II cable was found in system.
E: JtagServer-0306: No devices detected while scanning the JTAG chain, failed detecting JTAG device chain.
E: Configuration-0008: The operation 'Program' execute fail.
PANGO USB CABLE II cable driver: D2XX DLL
PGL50H
COMMAND[Open config cable] execute successfully, takes 7.3 secs.
COMMAND[Program] execute successfully, takes 2.2 secs.
COMMAND[Program] execute successfully, takes 2.1 secs.
COMMAND[Program] execute successfully, takes 2.1 secs.
