#Build: Fabric Inserter 2022.1, Build 99559, Jul 12 00:20 2022
#Install: D:\FPGA\pango\PDS_2022.1\bin
#Application name: cdt_ins.exe
#OS: Windows 10 10.0.19045
#Hostname: LAPTOP-O1KCSQEN
Generated by Fabric Inserter (version 2022.1 build 99559) at Sun Nov 12 15:19:36 2023
*************************************************************************
*
*  Parsing design. Please be patient as this can take several minutes.
*
*************************************************************************
Compiling architecture definition.
Loading technology operator library.
Compiling technology operator library.
Compiling technology operator (valence) library.
Compiling file 'C:/Users/user/Desktop/full_screen11/full_screen/synthesize/hdmi_ddr_ov5640_top_syn.adf' successful.
Creating module hierarchy.
Collecting net information.
*************************************************************************
*
*  Design Parsing Done.
*
*************************************************************************
M_PROCESS_FINISH_STARTED

I: Inserter-6007: The TriggerPort1 has deleted.
I: Inserter-6007: The TriggerPort1 has deleted.
I: Inserter-6007: The TriggerPort1 has deleted.
*************************************************************************
*
*  Parsing design. Please be patient as this can take several minutes.
*
*************************************************************************
Compiling file 'C:/Users/user/Desktop/full_screen11/full_screen/synthesize/hdmi_ddr_ov5640_top_syn.adf' successful.
Creating module hierarchy.
Collecting net information.
*************************************************************************
*
*  Design Parsing Done.
*
*************************************************************************
