#Build: Fabric Compiler 2021.4-SP1.2, Build 96435, May 30 04:40 2022
#Install: D:\PDS_2021.4-SP1.2\bin
#Application name: pds_shell.exe
#OS: Windows 10 10.0.22621
#Hostname: LAPTOP-GOI50Q5C
Generated by Fabric Compiler (version 2021.4-SP1.2 build 96435) at Fri Oct 27 21:09:09 2023
Executing command action 'cmd_report_power'
Compiling verification operator library.
Compiling common defs.
Compiling prim grid devices.
Compiling gate devices.
Compiling gate operators.
Building architecture model.
Loading device packaging model.
Reading design from pnr DB.
Start: Report Power
Report Power...
Report Power successfully.
Action report_power: Real time elapsed is 18.000 sec
Action report_power: CPU time elapsed is 4.516 sec
Action report_power: Process CPU time elapsed is 4.516 sec
Current time: Fri Oct 27 21:09:25 2023
Action report_power: Peak memory pool usage is 582,131,712 bytes
