#Build: Fabric Compiler 2022.1, Build 99559, Jul 12 00:20 2022
#Install: D:\FPGA\pango\PDS_2022.1\bin
#Application name: pds_shell.exe
#OS: Windows 10 10.0.19045
#Hostname: LAPTOP-O1KCSQEN
Generated by Fabric Compiler (version 2022.1 build 99559) at Mon Nov 13 20:02:02 2023
Compiling verification operator library.
Compiling common defs.
Compiling prim grid devices.
Compiling gate devices.
Compiling gate operators.
Building architecture model.
Loading device packaging model.
Reading design from DB.
Start Generating Programming File...
Reading design from DB takes 2.781250 sec.
Generating architecture configuration.
The bitstream file is "C:/Users/user/Desktop/end_test/full_screen/generate_bitstream/hdmi_ddr_ov5640_top.sbit"
Generate programming file takes 20.890625 sec.
Generating Programming File done.
Action gen_bit_stream: Real time elapsed is 0h:0m:27s
Action gen_bit_stream: CPU time elapsed is 0h:0m:25s
Action gen_bit_stream: Process CPU time elapsed is 0h:0m:25s
Current time: Mon Nov 13 20:02:27 2023
Action gen_bit_stream: Peak memory pool usage is 797 MB
