#Build: Fabric Compiler 2021.4-SP1.2, Build 96435, May 30 04:40 2022
#Install: D:\.PDS2021\PDS_2021.4-SP1.2\bin
#Application name: pds_shell.exe
#OS: Windows 10 10.0.22621
#Hostname: DESKTOP-M0DLJ71
Generated by Fabric Compiler (version 2021.4-SP1.2 build 96435) at Sun Nov 12 17:17:24 2023
Compiling verification operator library.
Compiling common defs.
Compiling prim grid devices.
Compiling gate devices.
Compiling gate operators.
Building architecture model.
Loading device packaging model.
Reading design from DB.
Start Generating Programming File...
Reading design from DB takes 3.093750 sec.
Generating architecture configuration.
The bitstream file is "C:/Users/23600/Desktop/1_end/full_screen/generate_bitstream/hdmi_ddr_ov5640_top.sbit"
Generate programming file takes 26.156250 sec.
Generating Programming File done.
Action gen_bit_stream: Real time elapsed is 48.000 sec
Action gen_bit_stream: CPU time elapsed is 29.484 sec
Action gen_bit_stream: Process CPU time elapsed is 29.484 sec
Current time: Sun Nov 12 17:18:10 2023
Action gen_bit_stream: Peak memory pool usage is 791,224,320 bytes
