#Build: Fabric Compiler 2022.1, Build 99559, Jul 12 00:20 2022
#Install: D:\FPGA\pango\PDS_2022.1\bin
#Application name: pds_shell.exe
#OS: Windows 10 10.0.19045
#Hostname: LAPTOP-O1KCSQEN
Generated by Fabric Compiler (version 2022.1 build 99559) at Mon Nov 13 20:40:42 2023
Compiling verification operator library.
Compiling common defs.
Compiling prim grid devices.
Compiling gate devices.
Compiling gate operators.
Building architecture model.
Loading device packaging model.
Building architecture floorplan logic view.
Constraint check start.
Executing : def_port {cmos1_scl} LOC=Y11 VCCIO=3.3 IOSTANDARD=LVCMOS33 DRIVE=8 SLEW=SLOW NONE=TRUE
Executing : def_port {cmos1_scl} LOC=Y11 VCCIO=3.3 IOSTANDARD=LVCMOS33 DRIVE=8 SLEW=SLOW NONE=TRUE successfully
Executing : def_port {cmos1_sda} LOC=Y13 VCCIO=3.3 IOSTANDARD=LVCMOS33 DRIVE=8 SLEW=SLOW NONE=TRUE
C: ConstraintEditor-2002: [C:/Users/user/Desktop/end_test/full_screen/device_map/hdmi_ddr_ov5640_top.pcf(line number: 4)] | Port cmos1_sda has been placed at location Y13, whose type is share pin.
Executing : def_port {cmos1_sda} LOC=Y13 VCCIO=3.3 IOSTANDARD=LVCMOS33 DRIVE=8 SLEW=SLOW NONE=TRUE successfully
Executing : def_port {cmos2_scl} LOC=V9 VCCIO=3.3 IOSTANDARD=LVCMOS33 DRIVE=8 SLEW=SLOW NONE=TRUE
Executing : def_port {cmos2_scl} LOC=V9 VCCIO=3.3 IOSTANDARD=LVCMOS33 DRIVE=8 SLEW=SLOW NONE=TRUE successfully
Executing : def_port {cmos2_sda} LOC=T10 VCCIO=3.3 IOSTANDARD=LVCMOS33 DRIVE=8 SLEW=SLOW NONE=TRUE
Executing : def_port {cmos2_sda} LOC=T10 VCCIO=3.3 IOSTANDARD=LVCMOS33 DRIVE=8 SLEW=SLOW NONE=TRUE successfully
Executing : def_port {iic_sda} LOC=V20 VCCIO=3.3 IOSTANDARD=LVCMOS33 DRIVE=4 SLEW=FAST UNUSED=TRUE
C: ConstraintEditor-2002: [C:/Users/user/Desktop/end_test/full_screen/device_map/hdmi_ddr_ov5640_top.pcf(line number: 7)] | Port iic_sda has been placed at location V20, whose type is share pin.
Executing : def_port {iic_sda} LOC=V20 VCCIO=3.3 IOSTANDARD=LVCMOS33 DRIVE=4 SLEW=FAST UNUSED=TRUE successfully
Executing : def_port {iic_tx_sda} LOC=P18 VCCIO=3.3 IOSTANDARD=LVCMOS33 DRIVE=8 SLEW=FAST NONE=TRUE
Executing : def_port {iic_tx_sda} LOC=P18 VCCIO=3.3 IOSTANDARD=LVCMOS33 DRIVE=8 SLEW=FAST NONE=TRUE successfully
Executing : def_port {mem_dq[0]} LOC=U1 VCCIO=1.5 IOSTANDARD=HSTL15_I DRIVE=8 SLEW=FAST NONE=TRUE
Executing : def_port {mem_dq[0]} LOC=U1 VCCIO=1.5 IOSTANDARD=HSTL15_I DRIVE=8 SLEW=FAST NONE=TRUE successfully
Executing : def_port {mem_dq[1]} LOC=U3 VCCIO=1.5 IOSTANDARD=HSTL15_I DRIVE=8 SLEW=FAST NONE=TRUE
Executing : def_port {mem_dq[1]} LOC=U3 VCCIO=1.5 IOSTANDARD=HSTL15_I DRIVE=8 SLEW=FAST NONE=TRUE successfully
Executing : def_port {mem_dq[2]} LOC=T2 VCCIO=1.5 IOSTANDARD=HSTL15_I DRIVE=8 SLEW=FAST NONE=TRUE
Executing : def_port {mem_dq[2]} LOC=T2 VCCIO=1.5 IOSTANDARD=HSTL15_I DRIVE=8 SLEW=FAST NONE=TRUE successfully
Executing : def_port {mem_dq[3]} LOC=Y2 VCCIO=1.5 IOSTANDARD=HSTL15_I DRIVE=8 SLEW=FAST NONE=TRUE
Executing : def_port {mem_dq[3]} LOC=Y2 VCCIO=1.5 IOSTANDARD=HSTL15_I DRIVE=8 SLEW=FAST NONE=TRUE successfully
Executing : def_port {mem_dq[4]} LOC=T1 VCCIO=1.5 IOSTANDARD=HSTL15_I DRIVE=8 SLEW=FAST NONE=TRUE
Executing : def_port {mem_dq[4]} LOC=T1 VCCIO=1.5 IOSTANDARD=HSTL15_I DRIVE=8 SLEW=FAST NONE=TRUE successfully
Executing : def_port {mem_dq[5]} LOC=Y1 VCCIO=1.5 IOSTANDARD=HSTL15_I DRIVE=8 SLEW=FAST NONE=TRUE
Executing : def_port {mem_dq[5]} LOC=Y1 VCCIO=1.5 IOSTANDARD=HSTL15_I DRIVE=8 SLEW=FAST NONE=TRUE successfully
Executing : def_port {mem_dq[6]} LOC=M7 VCCIO=1.5 IOSTANDARD=HSTL15_I DRIVE=8 SLEW=FAST NONE=TRUE
Executing : def_port {mem_dq[6]} LOC=M7 VCCIO=1.5 IOSTANDARD=HSTL15_I DRIVE=8 SLEW=FAST NONE=TRUE successfully
Executing : def_port {mem_dq[7]} LOC=W1 VCCIO=1.5 IOSTANDARD=HSTL15_I DRIVE=8 SLEW=FAST NONE=TRUE
Executing : def_port {mem_dq[7]} LOC=W1 VCCIO=1.5 IOSTANDARD=HSTL15_I DRIVE=8 SLEW=FAST NONE=TRUE successfully
Executing : def_port {mem_dq[8]} LOC=P1 VCCIO=1.5 IOSTANDARD=HSTL15_I DRIVE=8 SLEW=FAST NONE=TRUE
Executing : def_port {mem_dq[8]} LOC=P1 VCCIO=1.5 IOSTANDARD=HSTL15_I DRIVE=8 SLEW=FAST NONE=TRUE successfully
Executing : def_port {mem_dq[9]} LOC=M2 VCCIO=1.5 IOSTANDARD=HSTL15_I DRIVE=8 SLEW=FAST NONE=TRUE
C: ConstraintEditor-2002: [C:/Users/user/Desktop/end_test/full_screen/device_map/hdmi_ddr_ov5640_top.pcf(line number: 18)] | Port mem_dq[9] has been placed at location M2, whose type is share pin.
Executing : def_port {mem_dq[9]} LOC=M2 VCCIO=1.5 IOSTANDARD=HSTL15_I DRIVE=8 SLEW=FAST NONE=TRUE successfully
Executing : def_port {mem_dq[10]} LOC=R1 VCCIO=1.5 IOSTANDARD=HSTL15_I DRIVE=8 SLEW=FAST NONE=TRUE
Executing : def_port {mem_dq[10]} LOC=R1 VCCIO=1.5 IOSTANDARD=HSTL15_I DRIVE=8 SLEW=FAST NONE=TRUE successfully
Executing : def_port {mem_dq[11]} LOC=M1 VCCIO=1.5 IOSTANDARD=HSTL15_I DRIVE=8 SLEW=FAST NONE=TRUE
C: ConstraintEditor-2002: [C:/Users/user/Desktop/end_test/full_screen/device_map/hdmi_ddr_ov5640_top.pcf(line number: 20)] | Port mem_dq[11] has been placed at location M1, whose type is share pin.
Executing : def_port {mem_dq[11]} LOC=M1 VCCIO=1.5 IOSTANDARD=HSTL15_I DRIVE=8 SLEW=FAST NONE=TRUE successfully
Executing : def_port {mem_dq[12]} LOC=P2 VCCIO=1.5 IOSTANDARD=HSTL15_I DRIVE=8 SLEW=FAST NONE=TRUE
Executing : def_port {mem_dq[12]} LOC=P2 VCCIO=1.5 IOSTANDARD=HSTL15_I DRIVE=8 SLEW=FAST NONE=TRUE successfully
Executing : def_port {mem_dq[13]} LOC=L3 VCCIO=1.5 IOSTANDARD=HSTL15_I DRIVE=8 SLEW=FAST NONE=TRUE
Executing : def_port {mem_dq[13]} LOC=L3 VCCIO=1.5 IOSTANDARD=HSTL15_I DRIVE=8 SLEW=FAST NONE=TRUE successfully
Executing : def_port {mem_dq[14]} LOC=P3 VCCIO=1.5 IOSTANDARD=HSTL15_I DRIVE=8 SLEW=FAST NONE=TRUE
C: ConstraintEditor-2002: [C:/Users/user/Desktop/end_test/full_screen/device_map/hdmi_ddr_ov5640_top.pcf(line number: 23)] | Port mem_dq[14] has been placed at location P3, whose type is share pin.
Executing : def_port {mem_dq[14]} LOC=P3 VCCIO=1.5 IOSTANDARD=HSTL15_I DRIVE=8 SLEW=FAST NONE=TRUE successfully
Executing : def_port {mem_dq[15]} LOC=N4 VCCIO=1.5 IOSTANDARD=HSTL15_I DRIVE=8 SLEW=FAST NONE=TRUE
Executing : def_port {mem_dq[15]} LOC=N4 VCCIO=1.5 IOSTANDARD=HSTL15_I DRIVE=8 SLEW=FAST NONE=TRUE successfully
Executing : def_port {mem_dq[16]} LOC=K4 VCCIO=1.5 IOSTANDARD=HSTL15_I DRIVE=8 SLEW=FAST NONE=TRUE
Executing : def_port {mem_dq[16]} LOC=K4 VCCIO=1.5 IOSTANDARD=HSTL15_I DRIVE=8 SLEW=FAST NONE=TRUE successfully
Executing : def_port {mem_dq[17]} LOC=K1 VCCIO=1.5 IOSTANDARD=HSTL15_I DRIVE=8 SLEW=FAST NONE=TRUE
Executing : def_port {mem_dq[17]} LOC=K1 VCCIO=1.5 IOSTANDARD=HSTL15_I DRIVE=8 SLEW=FAST NONE=TRUE successfully
Executing : def_port {mem_dq[18]} LOC=J3 VCCIO=1.5 IOSTANDARD=HSTL15_I DRIVE=8 SLEW=FAST NONE=TRUE
Executing : def_port {mem_dq[18]} LOC=J3 VCCIO=1.5 IOSTANDARD=HSTL15_I DRIVE=8 SLEW=FAST NONE=TRUE successfully
Executing : def_port {mem_dq[19]} LOC=L4 VCCIO=1.5 IOSTANDARD=HSTL15_I DRIVE=8 SLEW=FAST NONE=TRUE
Executing : def_port {mem_dq[19]} LOC=L4 VCCIO=1.5 IOSTANDARD=HSTL15_I DRIVE=8 SLEW=FAST NONE=TRUE successfully
Executing : def_port {mem_dq[20]} LOC=K3 VCCIO=1.5 IOSTANDARD=HSTL15_I DRIVE=8 SLEW=FAST NONE=TRUE
Executing : def_port {mem_dq[20]} LOC=K3 VCCIO=1.5 IOSTANDARD=HSTL15_I DRIVE=8 SLEW=FAST NONE=TRUE successfully
Executing : def_port {mem_dq[21]} LOC=M3 VCCIO=1.5 IOSTANDARD=HSTL15_I DRIVE=8 SLEW=FAST NONE=TRUE
Executing : def_port {mem_dq[21]} LOC=M3 VCCIO=1.5 IOSTANDARD=HSTL15_I DRIVE=8 SLEW=FAST NONE=TRUE successfully
Executing : def_port {mem_dq[22]} LOC=J1 VCCIO=1.5 IOSTANDARD=HSTL15_I DRIVE=8 SLEW=FAST NONE=TRUE
Executing : def_port {mem_dq[22]} LOC=J1 VCCIO=1.5 IOSTANDARD=HSTL15_I DRIVE=8 SLEW=FAST NONE=TRUE successfully
Executing : def_port {mem_dq[23]} LOC=M4 VCCIO=1.5 IOSTANDARD=HSTL15_I DRIVE=8 SLEW=FAST NONE=TRUE
Executing : def_port {mem_dq[23]} LOC=M4 VCCIO=1.5 IOSTANDARD=HSTL15_I DRIVE=8 SLEW=FAST NONE=TRUE successfully
Executing : def_port {mem_dq[24]} LOC=J6 VCCIO=1.5 IOSTANDARD=HSTL15_I DRIVE=8 SLEW=FAST NONE=TRUE
Executing : def_port {mem_dq[24]} LOC=J6 VCCIO=1.5 IOSTANDARD=HSTL15_I DRIVE=8 SLEW=FAST NONE=TRUE successfully
Executing : def_port {mem_dq[25]} LOC=F1 VCCIO=1.5 IOSTANDARD=HSTL15_I DRIVE=8 SLEW=FAST NONE=TRUE
Executing : def_port {mem_dq[25]} LOC=F1 VCCIO=1.5 IOSTANDARD=HSTL15_I DRIVE=8 SLEW=FAST NONE=TRUE successfully
Executing : def_port {mem_dq[26]} LOC=K7 VCCIO=1.5 IOSTANDARD=HSTL15_I DRIVE=8 SLEW=FAST NONE=TRUE
Executing : def_port {mem_dq[26]} LOC=K7 VCCIO=1.5 IOSTANDARD=HSTL15_I DRIVE=8 SLEW=FAST NONE=TRUE successfully
Executing : def_port {mem_dq[27]} LOC=F2 VCCIO=1.5 IOSTANDARD=HSTL15_I DRIVE=8 SLEW=FAST NONE=TRUE
Executing : def_port {mem_dq[27]} LOC=F2 VCCIO=1.5 IOSTANDARD=HSTL15_I DRIVE=8 SLEW=FAST NONE=TRUE successfully
Executing : def_port {mem_dq[28]} LOC=H5 VCCIO=1.5 IOSTANDARD=HSTL15_I DRIVE=8 SLEW=FAST NONE=TRUE
Executing : def_port {mem_dq[28]} LOC=H5 VCCIO=1.5 IOSTANDARD=HSTL15_I DRIVE=8 SLEW=FAST NONE=TRUE successfully
Executing : def_port {mem_dq[29]} LOC=H3 VCCIO=1.5 IOSTANDARD=HSTL15_I DRIVE=8 SLEW=FAST NONE=TRUE
Executing : def_port {mem_dq[29]} LOC=H3 VCCIO=1.5 IOSTANDARD=HSTL15_I DRIVE=8 SLEW=FAST NONE=TRUE successfully
Executing : def_port {mem_dq[30]} LOC=J4 VCCIO=1.5 IOSTANDARD=HSTL15_I DRIVE=8 SLEW=FAST NONE=TRUE
Executing : def_port {mem_dq[30]} LOC=J4 VCCIO=1.5 IOSTANDARD=HSTL15_I DRIVE=8 SLEW=FAST NONE=TRUE successfully
Executing : def_port {mem_dq[31]} LOC=G3 VCCIO=1.5 IOSTANDARD=HSTL15_I DRIVE=8 SLEW=FAST NONE=TRUE
Executing : def_port {mem_dq[31]} LOC=G3 VCCIO=1.5 IOSTANDARD=HSTL15_I DRIVE=8 SLEW=FAST NONE=TRUE successfully
Executing : def_port {mem_dqs[0]} LOC=V2 VCCIO=1.5 IOSTANDARD=HSTL15D_I DRIVE=8 SLEW=FAST NONE=TRUE
Executing : def_port {mem_dqs[0]} LOC=V2 VCCIO=1.5 IOSTANDARD=HSTL15D_I DRIVE=8 SLEW=FAST NONE=TRUE successfully
Executing : def_port {mem_dqs[1]} LOC=N3 VCCIO=1.5 IOSTANDARD=HSTL15D_I DRIVE=8 SLEW=FAST NONE=TRUE
Executing : def_port {mem_dqs[1]} LOC=N3 VCCIO=1.5 IOSTANDARD=HSTL15D_I DRIVE=8 SLEW=FAST NONE=TRUE successfully
Executing : def_port {mem_dqs[2]} LOC=M6 VCCIO=1.5 IOSTANDARD=HSTL15D_I DRIVE=8 SLEW=FAST NONE=TRUE
Executing : def_port {mem_dqs[2]} LOC=M6 VCCIO=1.5 IOSTANDARD=HSTL15D_I DRIVE=8 SLEW=FAST NONE=TRUE successfully
Executing : def_port {mem_dqs[3]} LOC=E3 VCCIO=1.5 IOSTANDARD=HSTL15D_I DRIVE=8 SLEW=FAST NONE=TRUE
Executing : def_port {mem_dqs[3]} LOC=E3 VCCIO=1.5 IOSTANDARD=HSTL15D_I DRIVE=8 SLEW=FAST NONE=TRUE successfully
Executing : def_port {mem_dqs_n[0]} LOC=V1 VCCIO=1.5 IOSTANDARD=HSTL15D_I DRIVE=8 SLEW=FAST NONE=TRUE
Executing : def_port {mem_dqs_n[0]} LOC=V1 VCCIO=1.5 IOSTANDARD=HSTL15D_I DRIVE=8 SLEW=FAST NONE=TRUE successfully
Executing : def_port {mem_dqs_n[1]} LOC=N1 VCCIO=1.5 IOSTANDARD=HSTL15D_I DRIVE=8 SLEW=FAST NONE=TRUE
Executing : def_port {mem_dqs_n[1]} LOC=N1 VCCIO=1.5 IOSTANDARD=HSTL15D_I DRIVE=8 SLEW=FAST NONE=TRUE successfully
Executing : def_port {mem_dqs_n[2]} LOC=L6 VCCIO=1.5 IOSTANDARD=HSTL15D_I DRIVE=8 SLEW=FAST NONE=TRUE
Executing : def_port {mem_dqs_n[2]} LOC=L6 VCCIO=1.5 IOSTANDARD=HSTL15D_I DRIVE=8 SLEW=FAST NONE=TRUE successfully
Executing : def_port {mem_dqs_n[3]} LOC=E1 VCCIO=1.5 IOSTANDARD=HSTL15D_I DRIVE=8 SLEW=FAST NONE=TRUE
Executing : def_port {mem_dqs_n[3]} LOC=E1 VCCIO=1.5 IOSTANDARD=HSTL15D_I DRIVE=8 SLEW=FAST NONE=TRUE successfully
Executing : def_port {b_out[0]} LOC=V21 VCCIO=3.3 IOSTANDARD=LVCMOS33 DRIVE=8 SLEW=FAST NONE=TRUE
Executing : def_port {b_out[0]} LOC=V21 VCCIO=3.3 IOSTANDARD=LVCMOS33 DRIVE=8 SLEW=FAST NONE=TRUE successfully
Executing : def_port {b_out[1]} LOC=V22 VCCIO=3.3 IOSTANDARD=LVCMOS33 DRIVE=8 SLEW=FAST NONE=TRUE
Executing : def_port {b_out[1]} LOC=V22 VCCIO=3.3 IOSTANDARD=LVCMOS33 DRIVE=8 SLEW=FAST NONE=TRUE successfully
Executing : def_port {b_out[2]} LOC=T21 VCCIO=3.3 IOSTANDARD=LVCMOS33 DRIVE=8 SLEW=FAST NONE=TRUE
C: ConstraintEditor-2002: [C:/Users/user/Desktop/end_test/full_screen/device_map/hdmi_ddr_ov5640_top.pcf(line number: 51)] | Port b_out[2] has been placed at location T21, whose type is share pin.
Executing : def_port {b_out[2]} LOC=T21 VCCIO=3.3 IOSTANDARD=LVCMOS33 DRIVE=8 SLEW=FAST NONE=TRUE successfully
Executing : def_port {b_out[3]} LOC=T22 VCCIO=3.3 IOSTANDARD=LVCMOS33 DRIVE=8 SLEW=FAST NONE=TRUE
Executing : def_port {b_out[3]} LOC=T22 VCCIO=3.3 IOSTANDARD=LVCMOS33 DRIVE=8 SLEW=FAST NONE=TRUE successfully
Executing : def_port {b_out[4]} LOC=R20 VCCIO=3.3 IOSTANDARD=LVCMOS33 DRIVE=8 SLEW=FAST NONE=TRUE
C: ConstraintEditor-2002: [C:/Users/user/Desktop/end_test/full_screen/device_map/hdmi_ddr_ov5640_top.pcf(line number: 53)] | Port b_out[4] has been placed at location R20, whose type is share pin.
Executing : def_port {b_out[4]} LOC=R20 VCCIO=3.3 IOSTANDARD=LVCMOS33 DRIVE=8 SLEW=FAST NONE=TRUE successfully
Executing : def_port {b_out[5]} LOC=R22 VCCIO=3.3 IOSTANDARD=LVCMOS33 DRIVE=8 SLEW=FAST NONE=TRUE
C: ConstraintEditor-2002: [C:/Users/user/Desktop/end_test/full_screen/device_map/hdmi_ddr_ov5640_top.pcf(line number: 54)] | Port b_out[5] has been placed at location R22, whose type is share pin.
Executing : def_port {b_out[5]} LOC=R22 VCCIO=3.3 IOSTANDARD=LVCMOS33 DRIVE=8 SLEW=FAST NONE=TRUE successfully
Executing : def_port {b_out[6]} LOC=R19 VCCIO=3.3 IOSTANDARD=LVCMOS33 DRIVE=8 SLEW=FAST NONE=TRUE
Executing : def_port {b_out[6]} LOC=R19 VCCIO=3.3 IOSTANDARD=LVCMOS33 DRIVE=8 SLEW=FAST NONE=TRUE successfully
Executing : def_port {b_out[7]} LOC=P19 VCCIO=3.3 IOSTANDARD=LVCMOS33 DRIVE=8 SLEW=FAST NONE=TRUE
Executing : def_port {b_out[7]} LOC=P19 VCCIO=3.3 IOSTANDARD=LVCMOS33 DRIVE=8 SLEW=FAST NONE=TRUE successfully
Executing : def_port {cmos1_reset} LOC=W10 VCCIO=3.3 IOSTANDARD=LVCMOS33 DRIVE=8 SLEW=SLOW NONE=TRUE
Executing : def_port {cmos1_reset} LOC=W10 VCCIO=3.3 IOSTANDARD=LVCMOS33 DRIVE=8 SLEW=SLOW NONE=TRUE successfully
Executing : def_port {cmos2_reset} LOC=AB4 VCCIO=3.3 IOSTANDARD=LVCMOS33 DRIVE=8 SLEW=SLOW NONE=TRUE
Executing : def_port {cmos2_reset} LOC=AB4 VCCIO=3.3 IOSTANDARD=LVCMOS33 DRIVE=8 SLEW=SLOW NONE=TRUE successfully
Executing : def_port {cmos_init_done[0]} LOC=A3 VCCIO=1.2 IOSTANDARD=LVCMOS12 DRIVE=2 SLEW=SLOW NONE=TRUE
Executing : def_port {cmos_init_done[0]} LOC=A3 VCCIO=1.2 IOSTANDARD=LVCMOS12 DRIVE=2 SLEW=SLOW NONE=TRUE successfully
Executing : def_port {cmos_init_done[1]} LOC=B3 VCCIO=1.2 IOSTANDARD=LVCMOS12 DRIVE=2 SLEW=SLOW NONE=TRUE
Executing : def_port {cmos_init_done[1]} LOC=B3 VCCIO=1.2 IOSTANDARD=LVCMOS12 DRIVE=2 SLEW=SLOW NONE=TRUE successfully
Executing : def_port {ddr_init_done} LOC=C5 VCCIO=1.2 IOSTANDARD=LVCMOS12 DRIVE=2 SLEW=SLOW NONE=TRUE
Executing : def_port {ddr_init_done} LOC=C5 VCCIO=1.2 IOSTANDARD=LVCMOS12 DRIVE=2 SLEW=SLOW NONE=TRUE successfully
Executing : def_port {de_out} LOC=Y22 VCCIO=3.3 IOSTANDARD=LVCMOS33 DRIVE=8 SLEW=FAST NONE=TRUE
Executing : def_port {de_out} LOC=Y22 VCCIO=3.3 IOSTANDARD=LVCMOS33 DRIVE=8 SLEW=FAST NONE=TRUE successfully
Executing : def_port {g_out[0]} LOC=M21 VCCIO=3.3 IOSTANDARD=LVCMOS33 DRIVE=8 SLEW=FAST NONE=TRUE
C: ConstraintEditor-2002: [C:/Users/user/Desktop/end_test/full_screen/device_map/hdmi_ddr_ov5640_top.pcf(line number: 63)] | Port g_out[0] has been placed at location M21, whose type is share pin.
Executing : def_port {g_out[0]} LOC=M21 VCCIO=3.3 IOSTANDARD=LVCMOS33 DRIVE=8 SLEW=FAST NONE=TRUE successfully
Executing : def_port {g_out[1]} LOC=M17 VCCIO=3.3 IOSTANDARD=LVCMOS33 DRIVE=8 SLEW=FAST NONE=TRUE
Executing : def_port {g_out[1]} LOC=M17 VCCIO=3.3 IOSTANDARD=LVCMOS33 DRIVE=8 SLEW=FAST NONE=TRUE successfully
Executing : def_port {g_out[2]} LOC=M18 VCCIO=3.3 IOSTANDARD=LVCMOS33 DRIVE=8 SLEW=FAST NONE=TRUE
Executing : def_port {g_out[2]} LOC=M18 VCCIO=3.3 IOSTANDARD=LVCMOS33 DRIVE=8 SLEW=FAST NONE=TRUE successfully
Executing : def_port {g_out[3]} LOC=M16 VCCIO=3.3 IOSTANDARD=LVCMOS33 DRIVE=8 SLEW=FAST NONE=TRUE
Executing : def_port {g_out[3]} LOC=M16 VCCIO=3.3 IOSTANDARD=LVCMOS33 DRIVE=8 SLEW=FAST NONE=TRUE successfully
Executing : def_port {g_out[4]} LOC=N15 VCCIO=3.3 IOSTANDARD=LVCMOS33 DRIVE=8 SLEW=FAST NONE=TRUE
Executing : def_port {g_out[4]} LOC=N15 VCCIO=3.3 IOSTANDARD=LVCMOS33 DRIVE=8 SLEW=FAST NONE=TRUE successfully
Executing : def_port {g_out[5]} LOC=L19 VCCIO=3.3 IOSTANDARD=LVCMOS33 DRIVE=8 SLEW=FAST NONE=TRUE
C: ConstraintEditor-2002: [C:/Users/user/Desktop/end_test/full_screen/device_map/hdmi_ddr_ov5640_top.pcf(line number: 68)] | Port g_out[5] has been placed at location L19, whose type is share pin.
Executing : def_port {g_out[5]} LOC=L19 VCCIO=3.3 IOSTANDARD=LVCMOS33 DRIVE=8 SLEW=FAST NONE=TRUE successfully
Executing : def_port {g_out[6]} LOC=K20 VCCIO=3.3 IOSTANDARD=LVCMOS33 DRIVE=8 SLEW=FAST NONE=TRUE
C: ConstraintEditor-2002: [C:/Users/user/Desktop/end_test/full_screen/device_map/hdmi_ddr_ov5640_top.pcf(line number: 69)] | Port g_out[6] has been placed at location K20, whose type is share pin.
Executing : def_port {g_out[6]} LOC=K20 VCCIO=3.3 IOSTANDARD=LVCMOS33 DRIVE=8 SLEW=FAST NONE=TRUE successfully
Executing : def_port {g_out[7]} LOC=L17 VCCIO=3.3 IOSTANDARD=LVCMOS33 DRIVE=8 SLEW=FAST NONE=TRUE
C: ConstraintEditor-2002: [C:/Users/user/Desktop/end_test/full_screen/device_map/hdmi_ddr_ov5640_top.pcf(line number: 70)] | Port g_out[7] has been placed at location L17, whose type is share pin.
Executing : def_port {g_out[7]} LOC=L17 VCCIO=3.3 IOSTANDARD=LVCMOS33 DRIVE=8 SLEW=FAST NONE=TRUE successfully
Executing : def_port {hdmi_int_led[0]} LOC=A2 VCCIO=1.2 IOSTANDARD=LVCMOS12 DRIVE=2 SLEW=SLOW NONE=TRUE
Executing : def_port {hdmi_int_led[0]} LOC=A2 VCCIO=1.2 IOSTANDARD=LVCMOS12 DRIVE=2 SLEW=SLOW NONE=TRUE successfully
Executing : def_port {hdmi_int_led[1]} LOC=B2 VCCIO=1.2 IOSTANDARD=LVCMOS12 DRIVE=2 SLEW=SLOW NONE=TRUE
Executing : def_port {hdmi_int_led[1]} LOC=B2 VCCIO=1.2 IOSTANDARD=LVCMOS12 DRIVE=2 SLEW=SLOW NONE=TRUE successfully
Executing : def_port {heart_beat_led} LOC=A5 VCCIO=1.2 IOSTANDARD=LVCMOS12 DRIVE=2 SLEW=SLOW NONE=TRUE
Executing : def_port {heart_beat_led} LOC=A5 VCCIO=1.2 IOSTANDARD=LVCMOS12 DRIVE=2 SLEW=SLOW NONE=TRUE successfully
Executing : def_port {hs_out} LOC=Y21 VCCIO=3.3 IOSTANDARD=LVCMOS33 DRIVE=8 SLEW=FAST NONE=TRUE
Executing : def_port {hs_out} LOC=Y21 VCCIO=3.3 IOSTANDARD=LVCMOS33 DRIVE=8 SLEW=FAST NONE=TRUE successfully
Executing : def_port {iic_scl} LOC=V19 VCCIO=3.3 IOSTANDARD=LVCMOS33 DRIVE=4 SLEW=FAST UNUSED=TRUE
C: ConstraintEditor-2002: [C:/Users/user/Desktop/end_test/full_screen/device_map/hdmi_ddr_ov5640_top.pcf(line number: 75)] | Port iic_scl has been placed at location V19, whose type is share pin.
Executing : def_port {iic_scl} LOC=V19 VCCIO=3.3 IOSTANDARD=LVCMOS33 DRIVE=4 SLEW=FAST UNUSED=TRUE successfully
Executing : def_port {iic_tx_scl} LOC=P17 VCCIO=3.3 IOSTANDARD=LVCMOS33 DRIVE=8 SLEW=FAST NONE=TRUE
Executing : def_port {iic_tx_scl} LOC=P17 VCCIO=3.3 IOSTANDARD=LVCMOS33 DRIVE=8 SLEW=FAST NONE=TRUE successfully
Executing : def_port {mem_a[0]} LOC=N6 VCCIO=1.5 IOSTANDARD=HSTL15_I DRIVE=8 SLEW=FAST UNUSED=TRUE
Executing : def_port {mem_a[0]} LOC=N6 VCCIO=1.5 IOSTANDARD=HSTL15_I DRIVE=8 SLEW=FAST UNUSED=TRUE successfully
Executing : def_port {mem_a[1]} LOC=R4 VCCIO=1.5 IOSTANDARD=HSTL15_I DRIVE=8 SLEW=FAST UNUSED=TRUE
Executing : def_port {mem_a[1]} LOC=R4 VCCIO=1.5 IOSTANDARD=HSTL15_I DRIVE=8 SLEW=FAST UNUSED=TRUE successfully
Executing : def_port {mem_a[2]} LOC=P6 VCCIO=1.5 IOSTANDARD=HSTL15_I DRIVE=8 SLEW=FAST UNUSED=TRUE
Executing : def_port {mem_a[2]} LOC=P6 VCCIO=1.5 IOSTANDARD=HSTL15_I DRIVE=8 SLEW=FAST UNUSED=TRUE successfully
Executing : def_port {mem_a[3]} LOC=F3 VCCIO=1.5 IOSTANDARD=HSTL15_I DRIVE=8 SLEW=FAST UNUSED=TRUE
Executing : def_port {mem_a[3]} LOC=F3 VCCIO=1.5 IOSTANDARD=HSTL15_I DRIVE=8 SLEW=FAST UNUSED=TRUE successfully
Executing : def_port {mem_a[4]} LOC=V5 VCCIO=1.5 IOSTANDARD=HSTL15_I DRIVE=8 SLEW=FAST UNUSED=TRUE
Executing : def_port {mem_a[4]} LOC=V5 VCCIO=1.5 IOSTANDARD=HSTL15_I DRIVE=8 SLEW=FAST UNUSED=TRUE successfully
Executing : def_port {mem_a[5]} LOC=E4 VCCIO=1.5 IOSTANDARD=HSTL15_I DRIVE=8 SLEW=FAST UNUSED=TRUE
Executing : def_port {mem_a[5]} LOC=E4 VCCIO=1.5 IOSTANDARD=HSTL15_I DRIVE=8 SLEW=FAST UNUSED=TRUE successfully
Executing : def_port {mem_a[6]} LOC=V3 VCCIO=1.5 IOSTANDARD=HSTL15_I DRIVE=8 SLEW=FAST UNUSED=TRUE
Executing : def_port {mem_a[6]} LOC=V3 VCCIO=1.5 IOSTANDARD=HSTL15_I DRIVE=8 SLEW=FAST UNUSED=TRUE successfully
Executing : def_port {mem_a[7]} LOC=D2 VCCIO=1.5 IOSTANDARD=HSTL15_I DRIVE=8 SLEW=FAST UNUSED=TRUE
Executing : def_port {mem_a[7]} LOC=D2 VCCIO=1.5 IOSTANDARD=HSTL15_I DRIVE=8 SLEW=FAST UNUSED=TRUE successfully
Executing : def_port {mem_a[8]} LOC=U4 VCCIO=1.5 IOSTANDARD=HSTL15_I DRIVE=8 SLEW=FAST UNUSED=TRUE
Executing : def_port {mem_a[8]} LOC=U4 VCCIO=1.5 IOSTANDARD=HSTL15_I DRIVE=8 SLEW=FAST UNUSED=TRUE successfully
Executing : def_port {mem_a[9]} LOC=P5 VCCIO=1.5 IOSTANDARD=HSTL15_I DRIVE=8 SLEW=FAST UNUSED=TRUE
Executing : def_port {mem_a[9]} LOC=P5 VCCIO=1.5 IOSTANDARD=HSTL15_I DRIVE=8 SLEW=FAST UNUSED=TRUE successfully
Executing : def_port {mem_a[10]} LOC=P8 VCCIO=1.5 IOSTANDARD=HSTL15_I DRIVE=8 SLEW=FAST UNUSED=TRUE
Executing : def_port {mem_a[10]} LOC=P8 VCCIO=1.5 IOSTANDARD=HSTL15_I DRIVE=8 SLEW=FAST UNUSED=TRUE successfully
Executing : def_port {mem_a[11]} LOC=T4 VCCIO=1.5 IOSTANDARD=HSTL15_I DRIVE=8 SLEW=FAST UNUSED=TRUE
Executing : def_port {mem_a[11]} LOC=T4 VCCIO=1.5 IOSTANDARD=HSTL15_I DRIVE=8 SLEW=FAST UNUSED=TRUE successfully
Executing : def_port {mem_a[12]} LOC=P7 VCCIO=1.5 IOSTANDARD=HSTL15_I DRIVE=8 SLEW=FAST UNUSED=TRUE
Executing : def_port {mem_a[12]} LOC=P7 VCCIO=1.5 IOSTANDARD=HSTL15_I DRIVE=8 SLEW=FAST UNUSED=TRUE successfully
Executing : def_port {mem_a[13]} LOC=P4 VCCIO=1.5 IOSTANDARD=HSTL15_I DRIVE=8 SLEW=FAST UNUSED=TRUE
Executing : def_port {mem_a[13]} LOC=P4 VCCIO=1.5 IOSTANDARD=HSTL15_I DRIVE=8 SLEW=FAST UNUSED=TRUE successfully
Executing : def_port {mem_a[14]} LOC=T3 VCCIO=1.5 IOSTANDARD=HSTL15_I DRIVE=8 SLEW=FAST UNUSED=TRUE
Executing : def_port {mem_a[14]} LOC=T3 VCCIO=1.5 IOSTANDARD=HSTL15_I DRIVE=8 SLEW=FAST UNUSED=TRUE successfully
Executing : def_port {mem_ba[0]} LOC=F5 VCCIO=1.5 IOSTANDARD=HSTL15_I DRIVE=8 SLEW=FAST UNUSED=TRUE
Executing : def_port {mem_ba[0]} LOC=F5 VCCIO=1.5 IOSTANDARD=HSTL15_I DRIVE=8 SLEW=FAST UNUSED=TRUE successfully
Executing : def_port {mem_ba[1]} LOC=W4 VCCIO=1.5 IOSTANDARD=HSTL15_I DRIVE=8 SLEW=FAST UNUSED=TRUE
Executing : def_port {mem_ba[1]} LOC=W4 VCCIO=1.5 IOSTANDARD=HSTL15_I DRIVE=8 SLEW=FAST UNUSED=TRUE successfully
Executing : def_port {mem_ba[2]} LOC=N7 VCCIO=1.5 IOSTANDARD=HSTL15_I DRIVE=8 SLEW=FAST UNUSED=TRUE
Executing : def_port {mem_ba[2]} LOC=N7 VCCIO=1.5 IOSTANDARD=HSTL15_I DRIVE=8 SLEW=FAST UNUSED=TRUE successfully
Executing : def_port {mem_cas_n} LOC=H8 VCCIO=1.5 IOSTANDARD=HSTL15_I DRIVE=8 SLEW=FAST NONE=TRUE
Executing : def_port {mem_cas_n} LOC=H8 VCCIO=1.5 IOSTANDARD=HSTL15_I DRIVE=8 SLEW=FAST NONE=TRUE successfully
Executing : def_port {mem_ck} LOC=T6 VCCIO=1.5 IOSTANDARD=HSTL15D_I DRIVE=8 SLEW=FAST NONE=TRUE
Executing : def_port {mem_ck} LOC=T6 VCCIO=1.5 IOSTANDARD=HSTL15D_I DRIVE=8 SLEW=FAST NONE=TRUE successfully
Executing : def_port {mem_ck_n} LOC=T5 VCCIO=1.5 IOSTANDARD=HSTL15D_I DRIVE=8 SLEW=FAST NONE=TRUE
Executing : def_port {mem_ck_n} LOC=T5 VCCIO=1.5 IOSTANDARD=HSTL15D_I DRIVE=8 SLEW=FAST NONE=TRUE successfully
Executing : def_port {mem_cke} LOC=Y3 VCCIO=1.5 IOSTANDARD=HSTL15_I DRIVE=8 SLEW=FAST NONE=TRUE
Executing : def_port {mem_cke} LOC=Y3 VCCIO=1.5 IOSTANDARD=HSTL15_I DRIVE=8 SLEW=FAST NONE=TRUE successfully
Executing : def_port {mem_cs_n} LOC=G6 VCCIO=1.5 IOSTANDARD=HSTL15_I DRIVE=8 SLEW=FAST NONE=TRUE
Executing : def_port {mem_cs_n} LOC=G6 VCCIO=1.5 IOSTANDARD=HSTL15_I DRIVE=8 SLEW=FAST NONE=TRUE successfully
Executing : def_port {mem_dm[0]} LOC=W3 VCCIO=1.5 IOSTANDARD=HSTL15_I DRIVE=8 SLEW=FAST NONE=TRUE
Executing : def_port {mem_dm[0]} LOC=W3 VCCIO=1.5 IOSTANDARD=HSTL15_I DRIVE=8 SLEW=FAST NONE=TRUE successfully
Executing : def_port {mem_dm[1]} LOC=L1 VCCIO=1.5 IOSTANDARD=HSTL15_I DRIVE=8 SLEW=FAST NONE=TRUE
Executing : def_port {mem_dm[1]} LOC=L1 VCCIO=1.5 IOSTANDARD=HSTL15_I DRIVE=8 SLEW=FAST NONE=TRUE successfully
Executing : def_port {mem_dm[2]} LOC=K2 VCCIO=1.5 IOSTANDARD=HSTL15_I DRIVE=8 SLEW=FAST NONE=TRUE
Executing : def_port {mem_dm[2]} LOC=K2 VCCIO=1.5 IOSTANDARD=HSTL15_I DRIVE=8 SLEW=FAST NONE=TRUE successfully
Executing : def_port {mem_dm[3]} LOC=G1 VCCIO=1.5 IOSTANDARD=HSTL15_I DRIVE=8 SLEW=FAST NONE=TRUE
Executing : def_port {mem_dm[3]} LOC=G1 VCCIO=1.5 IOSTANDARD=HSTL15_I DRIVE=8 SLEW=FAST NONE=TRUE successfully
Executing : def_port {mem_odt} LOC=G7 VCCIO=1.5 IOSTANDARD=HSTL15_I DRIVE=8 SLEW=FAST NONE=TRUE
Executing : def_port {mem_odt} LOC=G7 VCCIO=1.5 IOSTANDARD=HSTL15_I DRIVE=8 SLEW=FAST NONE=TRUE successfully
Executing : def_port {mem_ras_n} LOC=J7 VCCIO=1.5 IOSTANDARD=HSTL15_I DRIVE=8 SLEW=FAST NONE=TRUE
Executing : def_port {mem_ras_n} LOC=J7 VCCIO=1.5 IOSTANDARD=HSTL15_I DRIVE=8 SLEW=FAST NONE=TRUE successfully
Executing : def_port {mem_rst_n} LOC=C1 VCCIO=1.5 IOSTANDARD=HSTL15_I DRIVE=8 SLEW=FAST NONE=TRUE
Executing : def_port {mem_rst_n} LOC=C1 VCCIO=1.5 IOSTANDARD=HSTL15_I DRIVE=8 SLEW=FAST NONE=TRUE successfully
Executing : def_port {mem_we_n} LOC=H6 VCCIO=1.5 IOSTANDARD=HSTL15_I DRIVE=8 SLEW=FAST NONE=TRUE
Executing : def_port {mem_we_n} LOC=H6 VCCIO=1.5 IOSTANDARD=HSTL15_I DRIVE=8 SLEW=FAST NONE=TRUE successfully
Executing : def_port {phy_rstn} LOC=B20 VCCIO=1.2 IOSTANDARD=LVCMOS12 DRIVE=2 SLEW=SLOW NONE=TRUE
C: ConstraintEditor-2002: [C:/Users/user/Desktop/end_test/full_screen/device_map/hdmi_ddr_ov5640_top.pcf(line number: 108)] | Port phy_rstn has been placed at location B20, whose type is share pin.
Executing : def_port {phy_rstn} LOC=B20 VCCIO=1.2 IOSTANDARD=LVCMOS12 DRIVE=2 SLEW=SLOW NONE=TRUE successfully
Executing : def_port {pix_clk} LOC=M22 VCCIO=3.3 IOSTANDARD=LVCMOS33 DRIVE=8 SLEW=FAST NONE=TRUE
C: ConstraintEditor-2002: [C:/Users/user/Desktop/end_test/full_screen/device_map/hdmi_ddr_ov5640_top.pcf(line number: 109)] | Port pix_clk has been placed at location M22, whose type is share pin.
Executing : def_port {pix_clk} LOC=M22 VCCIO=3.3 IOSTANDARD=LVCMOS33 DRIVE=8 SLEW=FAST NONE=TRUE successfully
Executing : def_port {r_out[0]} LOC=K17 VCCIO=3.3 IOSTANDARD=LVCMOS33 DRIVE=8 SLEW=FAST NONE=TRUE
C: ConstraintEditor-2002: [C:/Users/user/Desktop/end_test/full_screen/device_map/hdmi_ddr_ov5640_top.pcf(line number: 110)] | Port r_out[0] has been placed at location K17, whose type is share pin.
Executing : def_port {r_out[0]} LOC=K17 VCCIO=3.3 IOSTANDARD=LVCMOS33 DRIVE=8 SLEW=FAST NONE=TRUE successfully
Executing : def_port {r_out[1]} LOC=N19 VCCIO=3.3 IOSTANDARD=LVCMOS33 DRIVE=8 SLEW=FAST NONE=TRUE
Executing : def_port {r_out[1]} LOC=N19 VCCIO=3.3 IOSTANDARD=LVCMOS33 DRIVE=8 SLEW=FAST NONE=TRUE successfully
Executing : def_port {r_out[2]} LOC=J22 VCCIO=3.3 IOSTANDARD=LVCMOS33 DRIVE=8 SLEW=FAST NONE=TRUE
Executing : def_port {r_out[2]} LOC=J22 VCCIO=3.3 IOSTANDARD=LVCMOS33 DRIVE=8 SLEW=FAST NONE=TRUE successfully
Executing : def_port {r_out[3]} LOC=J20 VCCIO=3.3 IOSTANDARD=LVCMOS33 DRIVE=8 SLEW=FAST NONE=TRUE
Executing : def_port {r_out[3]} LOC=J20 VCCIO=3.3 IOSTANDARD=LVCMOS33 DRIVE=8 SLEW=FAST NONE=TRUE successfully
Executing : def_port {r_out[4]} LOC=K22 VCCIO=3.3 IOSTANDARD=LVCMOS33 DRIVE=8 SLEW=FAST NONE=TRUE
Executing : def_port {r_out[4]} LOC=K22 VCCIO=3.3 IOSTANDARD=LVCMOS33 DRIVE=8 SLEW=FAST NONE=TRUE successfully
Executing : def_port {r_out[5]} LOC=H21 VCCIO=3.3 IOSTANDARD=LVCMOS33 DRIVE=8 SLEW=FAST NONE=TRUE
C: ConstraintEditor-2002: [C:/Users/user/Desktop/end_test/full_screen/device_map/hdmi_ddr_ov5640_top.pcf(line number: 115)] | Port r_out[5] has been placed at location H21, whose type is share pin.
Executing : def_port {r_out[5]} LOC=H21 VCCIO=3.3 IOSTANDARD=LVCMOS33 DRIVE=8 SLEW=FAST NONE=TRUE successfully
Executing : def_port {r_out[6]} LOC=H22 VCCIO=3.3 IOSTANDARD=LVCMOS33 DRIVE=8 SLEW=FAST NONE=TRUE
C: ConstraintEditor-2002: [C:/Users/user/Desktop/end_test/full_screen/device_map/hdmi_ddr_ov5640_top.pcf(line number: 116)] | Port r_out[6] has been placed at location H22, whose type is share pin.
Executing : def_port {r_out[6]} LOC=H22 VCCIO=3.3 IOSTANDARD=LVCMOS33 DRIVE=8 SLEW=FAST NONE=TRUE successfully
Executing : def_port {r_out[7]} LOC=H19 VCCIO=3.3 IOSTANDARD=LVCMOS33 DRIVE=8 SLEW=FAST NONE=TRUE
C: ConstraintEditor-2002: [C:/Users/user/Desktop/end_test/full_screen/device_map/hdmi_ddr_ov5640_top.pcf(line number: 117)] | Port r_out[7] has been placed at location H19, whose type is share pin.
Executing : def_port {r_out[7]} LOC=H19 VCCIO=3.3 IOSTANDARD=LVCMOS33 DRIVE=8 SLEW=FAST NONE=TRUE successfully
Executing : def_port {rgmii_tx_ctl} LOC=B18 VCCIO=1.2 IOSTANDARD=LVCMOS12 DRIVE=2 SLEW=SLOW NONE=TRUE
C: ConstraintEditor-2002: [C:/Users/user/Desktop/end_test/full_screen/device_map/hdmi_ddr_ov5640_top.pcf(line number: 118)] | Port rgmii_tx_ctl has been placed at location B18, whose type is share pin.
Executing : def_port {rgmii_tx_ctl} LOC=B18 VCCIO=1.2 IOSTANDARD=LVCMOS12 DRIVE=2 SLEW=SLOW NONE=TRUE successfully
Executing : def_port {rgmii_txc} LOC=G16 VCCIO=1.2 IOSTANDARD=LVCMOS12 DRIVE=2 SLEW=SLOW NONE=TRUE
Executing : def_port {rgmii_txc} LOC=G16 VCCIO=1.2 IOSTANDARD=LVCMOS12 DRIVE=2 SLEW=SLOW NONE=TRUE successfully
Executing : def_port {rgmii_txd[0]} LOC=F17 VCCIO=1.2 IOSTANDARD=LVCMOS12 DRIVE=2 SLEW=SLOW NONE=TRUE
Executing : def_port {rgmii_txd[0]} LOC=F17 VCCIO=1.2 IOSTANDARD=LVCMOS12 DRIVE=2 SLEW=SLOW NONE=TRUE successfully
Executing : def_port {rgmii_txd[1]} LOC=D17 VCCIO=1.2 IOSTANDARD=LVCMOS12 DRIVE=2 SLEW=SLOW NONE=TRUE
C: ConstraintEditor-2002: [C:/Users/user/Desktop/end_test/full_screen/device_map/hdmi_ddr_ov5640_top.pcf(line number: 121)] | Port rgmii_txd[1] has been placed at location D17, whose type is share pin.
Executing : def_port {rgmii_txd[1]} LOC=D17 VCCIO=1.2 IOSTANDARD=LVCMOS12 DRIVE=2 SLEW=SLOW NONE=TRUE successfully
Executing : def_port {rgmii_txd[2]} LOC=C18 VCCIO=1.2 IOSTANDARD=LVCMOS12 DRIVE=2 SLEW=SLOW NONE=TRUE
C: ConstraintEditor-2002: [C:/Users/user/Desktop/end_test/full_screen/device_map/hdmi_ddr_ov5640_top.pcf(line number: 122)] | Port rgmii_txd[2] has been placed at location C18, whose type is share pin.
Executing : def_port {rgmii_txd[2]} LOC=C18 VCCIO=1.2 IOSTANDARD=LVCMOS12 DRIVE=2 SLEW=SLOW NONE=TRUE successfully
Executing : def_port {rgmii_txd[3]} LOC=A18 VCCIO=1.2 IOSTANDARD=LVCMOS12 DRIVE=2 SLEW=SLOW NONE=TRUE
C: ConstraintEditor-2002: [C:/Users/user/Desktop/end_test/full_screen/device_map/hdmi_ddr_ov5640_top.pcf(line number: 123)] | Port rgmii_txd[3] has been placed at location A18, whose type is share pin.
Executing : def_port {rgmii_txd[3]} LOC=A18 VCCIO=1.2 IOSTANDARD=LVCMOS12 DRIVE=2 SLEW=SLOW NONE=TRUE successfully
Executing : def_port {rstn_out} LOC=R17 VCCIO=3.3 IOSTANDARD=LVCMOS33 DRIVE=8 SLEW=FAST NONE=TRUE
Executing : def_port {rstn_out} LOC=R17 VCCIO=3.3 IOSTANDARD=LVCMOS33 DRIVE=8 SLEW=FAST NONE=TRUE successfully
Executing : def_port {sd_clk} LOC=C4 VCCIO=1.2 IOSTANDARD=LVCMOS12 DRIVE=2 SLEW=SLOW NONE=TRUE
Executing : def_port {sd_clk} LOC=C4 VCCIO=1.2 IOSTANDARD=LVCMOS12 DRIVE=2 SLEW=SLOW NONE=TRUE successfully
Executing : def_port {sd_cs} LOC=E5 VCCIO=1.2 IOSTANDARD=LVCMOS12 DRIVE=2 SLEW=SLOW NONE=TRUE
Executing : def_port {sd_cs} LOC=E5 VCCIO=1.2 IOSTANDARD=LVCMOS12 DRIVE=2 SLEW=SLOW NONE=TRUE successfully
Executing : def_port {sd_mosi} LOC=A4 VCCIO=1.2 IOSTANDARD=LVCMOS12 DRIVE=2 SLEW=SLOW NONE=TRUE
Executing : def_port {sd_mosi} LOC=A4 VCCIO=1.2 IOSTANDARD=LVCMOS12 DRIVE=2 SLEW=SLOW NONE=TRUE successfully
Executing : def_port {vs_out} LOC=W20 VCCIO=3.3 IOSTANDARD=LVCMOS33 DRIVE=8 SLEW=FAST NONE=TRUE
Executing : def_port {vs_out} LOC=W20 VCCIO=3.3 IOSTANDARD=LVCMOS33 DRIVE=8 SLEW=FAST NONE=TRUE successfully
Executing : def_port {b_in[0]} LOC=U14 VCCIO=3.3 IOSTANDARD=LVCMOS33 NONE=TRUE
C: ConstraintEditor-2001: [C:/Users/user/Desktop/end_test/full_screen/device_map/hdmi_ddr_ov5640_top.pcf(line number: 129)] Object 'b_in[0]' is dangling, which has no connection. it will be ignored.
Executing : def_port {b_in[0]} LOC=U14 VCCIO=3.3 IOSTANDARD=LVCMOS33 NONE=TRUE failed
Executing : def_port {b_in[1]} LOC=U15 VCCIO=3.3 IOSTANDARD=LVCMOS33 NONE=TRUE
C: ConstraintEditor-2001: [C:/Users/user/Desktop/end_test/full_screen/device_map/hdmi_ddr_ov5640_top.pcf(line number: 130)] Object 'b_in[1]' is dangling, which has no connection. it will be ignored.
Executing : def_port {b_in[1]} LOC=U15 VCCIO=3.3 IOSTANDARD=LVCMOS33 NONE=TRUE failed
Executing : def_port {b_in[2]} LOC=T15 VCCIO=3.3 IOSTANDARD=LVCMOS33 NONE=TRUE
C: ConstraintEditor-2001: [C:/Users/user/Desktop/end_test/full_screen/device_map/hdmi_ddr_ov5640_top.pcf(line number: 131)] Object 'b_in[2]' is dangling, which has no connection. it will be ignored.
Executing : def_port {b_in[2]} LOC=T15 VCCIO=3.3 IOSTANDARD=LVCMOS33 NONE=TRUE failed
Executing : def_port {b_in[3]} LOC=W15 VCCIO=3.3 IOSTANDARD=LVCMOS33 NONE=TRUE
Executing : def_port {b_in[3]} LOC=W15 VCCIO=3.3 IOSTANDARD=LVCMOS33 NONE=TRUE successfully
Executing : def_port {b_in[4]} LOC=Y16 VCCIO=3.3 IOSTANDARD=LVCMOS33 NONE=TRUE
Executing : def_port {b_in[4]} LOC=Y16 VCCIO=3.3 IOSTANDARD=LVCMOS33 NONE=TRUE successfully
Executing : def_port {b_in[5]} LOC=AB16 VCCIO=3.3 IOSTANDARD=LVCMOS33 NONE=TRUE
Executing : def_port {b_in[5]} LOC=AB16 VCCIO=3.3 IOSTANDARD=LVCMOS33 NONE=TRUE successfully
Executing : def_port {b_in[6]} LOC=AA16 VCCIO=3.3 IOSTANDARD=LVCMOS33 NONE=TRUE
Executing : def_port {b_in[6]} LOC=AA16 VCCIO=3.3 IOSTANDARD=LVCMOS33 NONE=TRUE successfully
Executing : def_port {b_in[7]} LOC=AB17 VCCIO=3.3 IOSTANDARD=LVCMOS33 NONE=TRUE
Executing : def_port {b_in[7]} LOC=AB17 VCCIO=3.3 IOSTANDARD=LVCMOS33 NONE=TRUE successfully
Executing : def_port {cmos1_data[0]} LOC=V11 VCCIO=3.3 IOSTANDARD=LVCMOS12 NONE=TRUE
Executing : def_port {cmos1_data[0]} LOC=V11 VCCIO=3.3 IOSTANDARD=LVCMOS12 NONE=TRUE successfully
Executing : def_port {cmos1_data[1]} LOC=Y10 VCCIO=3.3 IOSTANDARD=LVCMOS12 NONE=TRUE
Executing : def_port {cmos1_data[1]} LOC=Y10 VCCIO=3.3 IOSTANDARD=LVCMOS12 NONE=TRUE successfully
Executing : def_port {cmos1_data[2]} LOC=T11 VCCIO=3.3 IOSTANDARD=LVCMOS12 NONE=TRUE
Executing : def_port {cmos1_data[2]} LOC=T11 VCCIO=3.3 IOSTANDARD=LVCMOS12 NONE=TRUE successfully
Executing : def_port {cmos1_data[3]} LOC=R11 VCCIO=3.3 IOSTANDARD=LVCMOS12 NONE=TRUE
Executing : def_port {cmos1_data[3]} LOC=R11 VCCIO=3.3 IOSTANDARD=LVCMOS12 NONE=TRUE successfully
Executing : def_port {cmos1_data[4]} LOC=W11 VCCIO=3.3 IOSTANDARD=LVCMOS12 NONE=TRUE
Executing : def_port {cmos1_data[4]} LOC=W11 VCCIO=3.3 IOSTANDARD=LVCMOS12 NONE=TRUE successfully
Executing : def_port {cmos1_data[5]} LOC=AB11 VCCIO=3.3 IOSTANDARD=LVCMOS12 NONE=TRUE
Executing : def_port {cmos1_data[5]} LOC=AB11 VCCIO=3.3 IOSTANDARD=LVCMOS12 NONE=TRUE successfully
Executing : def_port {cmos1_data[6]} LOC=AA10 VCCIO=3.3 IOSTANDARD=LVCMOS12 NONE=TRUE
Executing : def_port {cmos1_data[6]} LOC=AA10 VCCIO=3.3 IOSTANDARD=LVCMOS12 NONE=TRUE successfully
Executing : def_port {cmos1_data[7]} LOC=AB13 VCCIO=3.3 IOSTANDARD=LVCMOS12 NONE=TRUE
C: ConstraintEditor-2002: [C:/Users/user/Desktop/end_test/full_screen/device_map/hdmi_ddr_ov5640_top.pcf(line number: 144)] | Port cmos1_data[7] has been placed at location AB13, whose type is share pin.
Executing : def_port {cmos1_data[7]} LOC=AB13 VCCIO=3.3 IOSTANDARD=LVCMOS12 NONE=TRUE successfully
Executing : def_port {cmos1_href} LOC=AB10 VCCIO=3.3 IOSTANDARD=LVCMOS33 NONE=TRUE
Executing : def_port {cmos1_href} LOC=AB10 VCCIO=3.3 IOSTANDARD=LVCMOS33 NONE=TRUE successfully
Executing : def_port {cmos1_pclk} LOC=T12 VCCIO=3.3 IOSTANDARD=LVCMOS33 NONE=TRUE
Executing : def_port {cmos1_pclk} LOC=T12 VCCIO=3.3 IOSTANDARD=LVCMOS33 NONE=TRUE successfully
Executing : def_port {cmos1_vsync} LOC=U12 VCCIO=3.3 IOSTANDARD=LVCMOS33 NONE=TRUE
Executing : def_port {cmos1_vsync} LOC=U12 VCCIO=3.3 IOSTANDARD=LVCMOS33 NONE=TRUE successfully
Executing : def_port {cmos2_data[0]} LOC=Y6 VCCIO=3.3 IOSTANDARD=LVCMOS12 NONE=TRUE
Executing : def_port {cmos2_data[0]} LOC=Y6 VCCIO=3.3 IOSTANDARD=LVCMOS12 NONE=TRUE successfully
Executing : def_port {cmos2_data[1]} LOC=U8 VCCIO=3.3 IOSTANDARD=LVCMOS12 NONE=TRUE
Executing : def_port {cmos2_data[1]} LOC=U8 VCCIO=3.3 IOSTANDARD=LVCMOS12 NONE=TRUE successfully
Executing : def_port {cmos2_data[2]} LOC=T8 VCCIO=3.3 IOSTANDARD=LVCMOS12 NONE=TRUE
Executing : def_port {cmos2_data[2]} LOC=T8 VCCIO=3.3 IOSTANDARD=LVCMOS12 NONE=TRUE successfully
Executing : def_port {cmos2_data[3]} LOC=U9 VCCIO=3.3 IOSTANDARD=LVCMOS12 NONE=TRUE
Executing : def_port {cmos2_data[3]} LOC=U9 VCCIO=3.3 IOSTANDARD=LVCMOS12 NONE=TRUE successfully
Executing : def_port {cmos2_data[4]} LOC=W8 VCCIO=3.3 IOSTANDARD=LVCMOS12 NONE=TRUE
Executing : def_port {cmos2_data[4]} LOC=W8 VCCIO=3.3 IOSTANDARD=LVCMOS12 NONE=TRUE successfully
Executing : def_port {cmos2_data[5]} LOC=AB8 VCCIO=3.3 IOSTANDARD=LVCMOS12 NONE=TRUE
Executing : def_port {cmos2_data[5]} LOC=AB8 VCCIO=3.3 IOSTANDARD=LVCMOS12 NONE=TRUE successfully
Executing : def_port {cmos2_data[6]} LOC=Y9 VCCIO=3.3 IOSTANDARD=LVCMOS12 NONE=TRUE
Executing : def_port {cmos2_data[6]} LOC=Y9 VCCIO=3.3 IOSTANDARD=LVCMOS12 NONE=TRUE successfully
Executing : def_port {cmos2_data[7]} LOC=AB9 VCCIO=3.3 IOSTANDARD=LVCMOS12 NONE=TRUE
Executing : def_port {cmos2_data[7]} LOC=AB9 VCCIO=3.3 IOSTANDARD=LVCMOS12 NONE=TRUE successfully
Executing : def_port {cmos2_href} LOC=AB5 VCCIO=3.3 IOSTANDARD=LVCMOS33 NONE=TRUE
C: ConstraintEditor-2002: [C:/Users/user/Desktop/end_test/full_screen/device_map/hdmi_ddr_ov5640_top.pcf(line number: 156)] | Port cmos2_href has been placed at location AB5, whose type is share pin.
Executing : def_port {cmos2_href} LOC=AB5 VCCIO=3.3 IOSTANDARD=LVCMOS33 NONE=TRUE successfully
Executing : def_port {cmos2_pclk} LOC=W6 VCCIO=3.3 IOSTANDARD=LVCMOS33 NONE=TRUE
Executing : def_port {cmos2_pclk} LOC=W6 VCCIO=3.3 IOSTANDARD=LVCMOS33 NONE=TRUE successfully
Executing : def_port {cmos2_vsync} LOC=Y5 VCCIO=3.3 IOSTANDARD=LVCMOS33 NONE=TRUE
C: ConstraintEditor-2002: [C:/Users/user/Desktop/end_test/full_screen/device_map/hdmi_ddr_ov5640_top.pcf(line number: 158)] | Port cmos2_vsync has been placed at location Y5, whose type is share pin.
Executing : def_port {cmos2_vsync} LOC=Y5 VCCIO=3.3 IOSTANDARD=LVCMOS33 NONE=TRUE successfully
Executing : def_port {de_in} LOC=U13 VCCIO=3.3 IOSTANDARD=LVCMOS33 NONE=TRUE
Executing : def_port {de_in} LOC=U13 VCCIO=3.3 IOSTANDARD=LVCMOS33 NONE=TRUE successfully
Executing : def_port {g_in[0]} LOC=Y17 VCCIO=3.3 IOSTANDARD=LVCMOS33 NONE=TRUE
C: ConstraintEditor-2001: [C:/Users/user/Desktop/end_test/full_screen/device_map/hdmi_ddr_ov5640_top.pcf(line number: 160)] Object 'g_in[0]' is dangling, which has no connection. it will be ignored.
Executing : def_port {g_in[0]} LOC=Y17 VCCIO=3.3 IOSTANDARD=LVCMOS33 NONE=TRUE failed
Executing : def_port {g_in[1]} LOC=V17 VCCIO=3.3 IOSTANDARD=LVCMOS33 NONE=TRUE
C: ConstraintEditor-2001: [C:/Users/user/Desktop/end_test/full_screen/device_map/hdmi_ddr_ov5640_top.pcf(line number: 161)] Object 'g_in[1]' is dangling, which has no connection. it will be ignored.
Executing : def_port {g_in[1]} LOC=V17 VCCIO=3.3 IOSTANDARD=LVCMOS33 NONE=TRUE failed
Executing : def_port {g_in[2]} LOC=W18 VCCIO=3.3 IOSTANDARD=LVCMOS33 NONE=TRUE
C: ConstraintEditor-2002: [C:/Users/user/Desktop/end_test/full_screen/device_map/hdmi_ddr_ov5640_top.pcf(line number: 162)] | Port g_in[2] has been placed at location W18, whose type is share pin.
Executing : def_port {g_in[2]} LOC=W18 VCCIO=3.3 IOSTANDARD=LVCMOS33 NONE=TRUE successfully
Executing : def_port {g_in[3]} LOC=AB19 VCCIO=3.3 IOSTANDARD=LVCMOS33 NONE=TRUE
C: ConstraintEditor-2002: [C:/Users/user/Desktop/end_test/full_screen/device_map/hdmi_ddr_ov5640_top.pcf(line number: 163)] | Port g_in[3] has been placed at location AB19, whose type is share pin.
Executing : def_port {g_in[3]} LOC=AB19 VCCIO=3.3 IOSTANDARD=LVCMOS33 NONE=TRUE successfully
Executing : def_port {g_in[4]} LOC=AA18 VCCIO=3.3 IOSTANDARD=LVCMOS33 NONE=TRUE
C: ConstraintEditor-2002: [C:/Users/user/Desktop/end_test/full_screen/device_map/hdmi_ddr_ov5640_top.pcf(line number: 164)] | Port g_in[4] has been placed at location AA18, whose type is share pin.
Executing : def_port {g_in[4]} LOC=AA18 VCCIO=3.3 IOSTANDARD=LVCMOS33 NONE=TRUE successfully
Executing : def_port {g_in[5]} LOC=AB18 VCCIO=3.3 IOSTANDARD=LVCMOS33 NONE=TRUE
C: ConstraintEditor-2002: [C:/Users/user/Desktop/end_test/full_screen/device_map/hdmi_ddr_ov5640_top.pcf(line number: 165)] | Port g_in[5] has been placed at location AB18, whose type is share pin.
Executing : def_port {g_in[5]} LOC=AB18 VCCIO=3.3 IOSTANDARD=LVCMOS33 NONE=TRUE successfully
Executing : def_port {g_in[6]} LOC=Y18 VCCIO=3.3 IOSTANDARD=LVCMOS33 NONE=TRUE
Executing : def_port {g_in[6]} LOC=Y18 VCCIO=3.3 IOSTANDARD=LVCMOS33 NONE=TRUE successfully
Executing : def_port {g_in[7]} LOC=W17 VCCIO=3.3 IOSTANDARD=LVCMOS33 NONE=TRUE
Executing : def_port {g_in[7]} LOC=W17 VCCIO=3.3 IOSTANDARD=LVCMOS33 NONE=TRUE successfully
Executing : def_port {hs_in} LOC=V13 VCCIO=3.3 IOSTANDARD=LVCMOS33 NONE=TRUE
C: ConstraintEditor-2001: [C:/Users/user/Desktop/end_test/full_screen/device_map/hdmi_ddr_ov5640_top.pcf(line number: 168)] Object 'hs_in' is dangling, which has no connection. it will be ignored.
Executing : def_port {hs_in} LOC=V13 VCCIO=3.3 IOSTANDARD=LVCMOS33 NONE=TRUE failed
Executing : def_port {key1} LOC=K18 VCCIO=3.3 IOSTANDARD=LVCMOS33 NONE=TRUE
C: ConstraintEditor-2002: [C:/Users/user/Desktop/end_test/full_screen/device_map/hdmi_ddr_ov5640_top.pcf(line number: 169)] | Port key1 has been placed at location K18, whose type is share pin.
Executing : def_port {key1} LOC=K18 VCCIO=3.3 IOSTANDARD=LVCMOS33 NONE=TRUE successfully
Executing : def_port {key2} LOC=L15 VCCIO=3.3 IOSTANDARD=LVCMOS33 NONE=TRUE
Executing : def_port {key2} LOC=L15 VCCIO=3.3 IOSTANDARD=LVCMOS33 NONE=TRUE successfully
Executing : def_port {key3} LOC=K16 VCCIO=3.3 IOSTANDARD=LVCMOS33 NONE=TRUE
Executing : def_port {key3} LOC=K16 VCCIO=3.3 IOSTANDARD=LVCMOS33 NONE=TRUE successfully
Executing : def_port {key4} LOC=J17 VCCIO=3.3 IOSTANDARD=LVCMOS33 NONE=TRUE
Executing : def_port {key4} LOC=J17 VCCIO=3.3 IOSTANDARD=LVCMOS33 NONE=TRUE successfully
Executing : def_port {key5} LOC=J16 VCCIO=3.3 IOSTANDARD=LVCMOS33 NONE=TRUE
Executing : def_port {key5} LOC=J16 VCCIO=3.3 IOSTANDARD=LVCMOS33 NONE=TRUE successfully
Executing : def_port {key6} LOC=J19 VCCIO=3.3 IOSTANDARD=LVCMOS33 NONE=TRUE
C: ConstraintEditor-2002: [C:/Users/user/Desktop/end_test/full_screen/device_map/hdmi_ddr_ov5640_top.pcf(line number: 174)] | Port key6 has been placed at location J19, whose type is share pin.
Executing : def_port {key6} LOC=J19 VCCIO=3.3 IOSTANDARD=LVCMOS33 NONE=TRUE successfully
Executing : def_port {key7} LOC=H20 VCCIO=3.3 IOSTANDARD=LVCMOS33 NONE=TRUE
C: ConstraintEditor-2001: [C:/Users/user/Desktop/end_test/full_screen/device_map/hdmi_ddr_ov5640_top.pcf(line number: 175)] Object 'key7' is dangling, which has no connection. it will be ignored.
Executing : def_port {key7} LOC=H20 VCCIO=3.3 IOSTANDARD=LVCMOS33 NONE=TRUE failed
Executing : def_port {key8} LOC=H17 VCCIO=3.3 IOSTANDARD=LVCMOS33 NONE=TRUE
C: ConstraintEditor-2001: [C:/Users/user/Desktop/end_test/full_screen/device_map/hdmi_ddr_ov5640_top.pcf(line number: 176)] Object 'key8' is dangling, which has no connection. it will be ignored.
Executing : def_port {key8} LOC=H17 VCCIO=3.3 IOSTANDARD=LVCMOS33 NONE=TRUE failed
Executing : def_port {pixclk_in} LOC=AA12 VCCIO=3.3 IOSTANDARD=LVCMOS33 NONE=TRUE
C: ConstraintEditor-2002: [C:/Users/user/Desktop/end_test/full_screen/device_map/hdmi_ddr_ov5640_top.pcf(line number: 177)] | Port pixclk_in has been placed at location AA12, whose type is share pin.
Executing : def_port {pixclk_in} LOC=AA12 VCCIO=3.3 IOSTANDARD=LVCMOS33 NONE=TRUE successfully
Executing : def_port {r_in[0]} LOC=Y15 VCCIO=3.3 IOSTANDARD=LVCMOS33 NONE=TRUE
C: ConstraintEditor-2001: [C:/Users/user/Desktop/end_test/full_screen/device_map/hdmi_ddr_ov5640_top.pcf(line number: 178)] Object 'r_in[0]' is dangling, which has no connection. it will be ignored.
Executing : def_port {r_in[0]} LOC=Y15 VCCIO=3.3 IOSTANDARD=LVCMOS33 NONE=TRUE failed
Executing : def_port {r_in[1]} LOC=AB15 VCCIO=3.3 IOSTANDARD=LVCMOS33 NONE=TRUE
C: ConstraintEditor-2001: [C:/Users/user/Desktop/end_test/full_screen/device_map/hdmi_ddr_ov5640_top.pcf(line number: 179)] Object 'r_in[1]' is dangling, which has no connection. it will be ignored.
Executing : def_port {r_in[1]} LOC=AB15 VCCIO=3.3 IOSTANDARD=LVCMOS33 NONE=TRUE failed
Executing : def_port {r_in[2]} LOC=U16 VCCIO=3.3 IOSTANDARD=LVCMOS33 NONE=TRUE
C: ConstraintEditor-2001: [C:/Users/user/Desktop/end_test/full_screen/device_map/hdmi_ddr_ov5640_top.pcf(line number: 180)] Object 'r_in[2]' is dangling, which has no connection. it will be ignored.
Executing : def_port {r_in[2]} LOC=U16 VCCIO=3.3 IOSTANDARD=LVCMOS33 NONE=TRUE failed
Executing : def_port {r_in[3]} LOC=V15 VCCIO=3.3 IOSTANDARD=LVCMOS33 NONE=TRUE
Executing : def_port {r_in[3]} LOC=V15 VCCIO=3.3 IOSTANDARD=LVCMOS33 NONE=TRUE successfully
Executing : def_port {r_in[4]} LOC=AA14 VCCIO=3.3 IOSTANDARD=LVCMOS33 NONE=TRUE
Executing : def_port {r_in[4]} LOC=AA14 VCCIO=3.3 IOSTANDARD=LVCMOS33 NONE=TRUE successfully
Executing : def_port {r_in[5]} LOC=AB14 VCCIO=3.3 IOSTANDARD=LVCMOS33 NONE=TRUE
Executing : def_port {r_in[5]} LOC=AB14 VCCIO=3.3 IOSTANDARD=LVCMOS33 NONE=TRUE successfully
Executing : def_port {r_in[6]} LOC=W14 VCCIO=3.3 IOSTANDARD=LVCMOS33 NONE=TRUE
Executing : def_port {r_in[6]} LOC=W14 VCCIO=3.3 IOSTANDARD=LVCMOS33 NONE=TRUE successfully
Executing : def_port {r_in[7]} LOC=Y14 VCCIO=3.3 IOSTANDARD=LVCMOS33 NONE=TRUE
Executing : def_port {r_in[7]} LOC=Y14 VCCIO=3.3 IOSTANDARD=LVCMOS33 NONE=TRUE successfully
Executing : def_port {rgmii_rx_ctl} LOC=F9 VCCIO=1.2 IOSTANDARD=LVCMOS12 NONE=TRUE
Executing : def_port {rgmii_rx_ctl} LOC=F9 VCCIO=1.2 IOSTANDARD=LVCMOS12 NONE=TRUE successfully
Executing : def_port {rgmii_rxc} LOC=F14 VCCIO=1.2 IOSTANDARD=LVCMOS12 NONE=TRUE
Executing : def_port {rgmii_rxc} LOC=F14 VCCIO=1.2 IOSTANDARD=LVCMOS12 NONE=TRUE successfully
Executing : def_port {rgmii_rxd[0]} LOC=H10 VCCIO=1.2 IOSTANDARD=LVCMOS12 NONE=TRUE
Executing : def_port {rgmii_rxd[0]} LOC=H10 VCCIO=1.2 IOSTANDARD=LVCMOS12 NONE=TRUE successfully
Executing : def_port {rgmii_rxd[1]} LOC=H11 VCCIO=1.2 IOSTANDARD=LVCMOS12 NONE=TRUE
Executing : def_port {rgmii_rxd[1]} LOC=H11 VCCIO=1.2 IOSTANDARD=LVCMOS12 NONE=TRUE successfully
Executing : def_port {rgmii_rxd[2]} LOC=G13 VCCIO=1.2 IOSTANDARD=LVCMOS12 NONE=TRUE
Executing : def_port {rgmii_rxd[2]} LOC=G13 VCCIO=1.2 IOSTANDARD=LVCMOS12 NONE=TRUE successfully
Executing : def_port {rgmii_rxd[3]} LOC=H13 VCCIO=1.2 IOSTANDARD=LVCMOS12 NONE=TRUE
Executing : def_port {rgmii_rxd[3]} LOC=H13 VCCIO=1.2 IOSTANDARD=LVCMOS12 NONE=TRUE successfully
Executing : def_port {sd_miso} LOC=D5 VCCIO=1.2 IOSTANDARD=LVCMOS12 NONE=TRUE
Executing : def_port {sd_miso} LOC=D5 VCCIO=1.2 IOSTANDARD=LVCMOS12 NONE=TRUE successfully
Executing : def_port {sys_clk} LOC=P20 VCCIO=3.3 IOSTANDARD=LVCMOS33 NONE=TRUE
Executing : def_port {sys_clk} LOC=P20 VCCIO=3.3 IOSTANDARD=LVCMOS33 NONE=TRUE successfully
Executing : def_port {vs_in} LOC=W13 VCCIO=3.3 IOSTANDARD=LVCMOS33 NONE=TRUE
Executing : def_port {vs_in} LOC=W13 VCCIO=3.3 IOSTANDARD=LVCMOS33 NONE=TRUE successfully
Executing : def_inst_site {u_DDR3_50H/u_ddrphy_top/ddrphy_reset_ctrl/ddrphy_ioclk_gate/opit_0_inv_L5Q} CLMA_150_192 FF3
Executing : def_inst_site {u_DDR3_50H/u_ddrphy_top/ddrphy_reset_ctrl/ddrphy_ioclk_gate/opit_0_inv_L5Q} CLMA_150_192 FF3 successfully
Executing : def_inst_site {u_DDR3_50H/u_ipsxb_ddrphy_pll_0/u_pll_e3/goppll} PLL_158_199
Executing : def_inst_site {u_DDR3_50H/u_ipsxb_ddrphy_pll_0/u_pll_e3/goppll} PLL_158_199 successfully
Executing : def_inst_site {u_DDR3_50H/u_ipsxb_ddrphy_pll_1/u_pll_e3/goppll} PLL_158_179
Executing : def_inst_site {u_DDR3_50H/u_ipsxb_ddrphy_pll_1/u_pll_e3/goppll} PLL_158_179 successfully
Constraint check end.
I: Column Clock Check open.
Read Column Clock Map.

Placement started.
Phase 1 Pre global placement started.
Mapping instance u_top_sd_rw/ethernet_test/rgmii_interface/rgmii_clk_delay/opit_0 to IOCKDLY_84_360.
Mapping instance u_pll/u_pll_e3/goppll to PLL_158_55.
Mapping instance u_top_sd_rw/ethernet_test/ref_clock/u_pll_e3/goppll to PLL_158_75.
Mapping instance u_top_sd_rw/pll_clk_inst/u_pll_e3/goppll to PLL_158_303.
Mapping instance u_DDR3_50H/u_ddrphy_top/ddrphy_slice_top/i_ca_group[0].u_ddc_ca/opit_0 to DQSL_6_28.
Mapping instance u_DDR3_50H/u_ddrphy_top/ddrphy_slice_top/i_ca_group[1].u_ddc_ca/opit_0 to DQSL_6_348.
Mapping instance u_DDR3_50H/u_ddrphy_top/ddrphy_slice_top/i_ca_group[2].u_ddc_ca/opit_0 to DQSL_6_100.
Mapping instance u_DDR3_50H/u_ddrphy_top/ddrphy_slice_top/i_ca_group[3].u_ddc_ca/opit_0 to DQSL_6_304.
Mapping instance u_DDR3_50H/u_ddrphy_top/ddrphy_slice_top/i_dqs_group[0].u_ddrphy_data_slice/u_ddc_dqs/opit_0 to DQSL_6_152.
Mapping instance u_DDR3_50H/u_ddrphy_top/ddrphy_slice_top/i_dqs_group[1].u_ddrphy_data_slice/u_ddc_dqs/opit_0 to DQSL_6_180.
Mapping instance u_DDR3_50H/u_ddrphy_top/ddrphy_slice_top/i_dqs_group[2].u_ddrphy_data_slice/u_ddc_dqs/opit_0 to DQSL_6_224.
Mapping instance u_DDR3_50H/u_ddrphy_top/ddrphy_slice_top/i_dqs_group[3].u_ddrphy_data_slice/u_ddc_dqs/opit_0 to DQSL_6_276.
Phase 1.1 1st GP placement started.
Design Utilization : 28%.
