#Build: Fabric Compiler 2022.1, Build 99559, Jul 12 00:20 2022
#Install: D:\FPGA\pango\PDS_2022.1\bin
#Application name: pds_shell.exe
#OS: Windows 10 10.0.19045
#Hostname: LAPTOP-O1KCSQEN
Generated by Fabric Compiler (version 2022.1 build 99559) at Mon Nov 13 20:18:36 2023
Compiling verification operator library.
Compiling common defs.
Loading technology operator library.
Compiling technology operator library.
Compiling technology operator (valence) library.
Compiling operator packing rules.
Compiling prim grid devices.
Compiling gate devices.
Compiling gate operators.
Compiling tech operator impls.
Building architecture model.
Loading device packaging model.
Reading design from translate DB.
C: SDC-2025: Clock source 'n:u_top_sd_rw/u_sd_ctrl_top/u_sd_init/div_clk' need a clock constraint, please use 'create_clock' or 'create_generate_clock' to generate.
C: SDC-2025: Clock source 'n:coms1_reg_config/clock_20k' need a clock constraint, please use 'create_clock' or 'create_generate_clock' to generate.
Flattening design 'hdmi_ddr_ov5640_top'
W: Public-4008: Instance 'u_top_sd_rw/u_eth_sd_fifo/U_ipml_fifo_eth_sd_fifo/U_ipml_fifo_ctrl/ASYN_CTRL.asyn_rempty' of 'GTP_DFF_P' unit is dangling and will be cleaned.
W: Public-4008: Instance 'u_top_sd_rw/u_eth_sd_fifo/U_ipml_fifo_eth_sd_fifo/U_ipml_fifo_ctrl/ASYN_CTRL.asyn_wfull' of 'GTP_DFF_C' unit is dangling and will be cleaned.
W: Public-4008: Instance 'u_top_sd_rw/u_eth_sd_fifo/U_ipml_fifo_eth_sd_fifo/U_ipml_fifo_ctrl/ASYN_CTRL.rbin[0]' of 'GTP_DFF_CE' unit is dangling and will be cleaned.
W: Public-4008: Instance 'u_top_sd_rw/u_eth_sd_fifo/U_ipml_fifo_eth_sd_fifo/U_ipml_fifo_ctrl/ASYN_CTRL.rbin[1]' of 'GTP_DFF_CE' unit is dangling and will be cleaned.
W: Public-4008: Instance 'u_top_sd_rw/u_eth_sd_fifo/U_ipml_fifo_eth_sd_fifo/U_ipml_fifo_ctrl/ASYN_CTRL.rbin[2]' of 'GTP_DFF_CE' unit is dangling and will be cleaned.
W: Public-4008: Instance 'u_top_sd_rw/u_eth_sd_fifo/U_ipml_fifo_eth_sd_fifo/U_ipml_fifo_ctrl/ASYN_CTRL.rbin[3]' of 'GTP_DFF_CE' unit is dangling and will be cleaned.
W: Public-4008: Instance 'u_top_sd_rw/u_eth_sd_fifo/U_ipml_fifo_eth_sd_fifo/U_ipml_fifo_ctrl/ASYN_CTRL.rbin[4]' of 'GTP_DFF_CE' unit is dangling and will be cleaned.
W: Public-4008: Instance 'u_top_sd_rw/u_eth_sd_fifo/U_ipml_fifo_eth_sd_fifo/U_ipml_fifo_ctrl/ASYN_CTRL.rbin[5]' of 'GTP_DFF_CE' unit is dangling and will be cleaned.
W: Public-4008: Instance 'u_top_sd_rw/u_eth_sd_fifo/U_ipml_fifo_eth_sd_fifo/U_ipml_fifo_ctrl/ASYN_CTRL.rbin[6]' of 'GTP_DFF_CE' unit is dangling and will be cleaned.
W: Public-4008: Instance 'u_top_sd_rw/u_eth_sd_fifo/U_ipml_fifo_eth_sd_fifo/U_ipml_fifo_ctrl/ASYN_CTRL.rbin[7]' of 'GTP_DFF_CE' unit is dangling and will be cleaned.
W: Public-4008: Instance 'u_top_sd_rw/u_eth_sd_fifo/U_ipml_fifo_eth_sd_fifo/U_ipml_fifo_ctrl/ASYN_CTRL.rptr[0]' of 'GTP_DFF_C' unit is dangling and will be cleaned.
W: Public-4008: Instance 'u_top_sd_rw/u_eth_sd_fifo/U_ipml_fifo_eth_sd_fifo/U_ipml_fifo_ctrl/ASYN_CTRL.rptr[1]' of 'GTP_DFF_C' unit is dangling and will be cleaned.
W: Public-4008: Instance 'u_top_sd_rw/u_eth_sd_fifo/U_ipml_fifo_eth_sd_fifo/U_ipml_fifo_ctrl/ASYN_CTRL.rptr[2]' of 'GTP_DFF_C' unit is dangling and will be cleaned.
W: Public-4008: Instance 'u_top_sd_rw/u_eth_sd_fifo/U_ipml_fifo_eth_sd_fifo/U_ipml_fifo_ctrl/ASYN_CTRL.rptr[3]' of 'GTP_DFF_C' unit is dangling and will be cleaned.
W: Public-4008: Instance 'u_top_sd_rw/u_eth_sd_fifo/U_ipml_fifo_eth_sd_fifo/U_ipml_fifo_ctrl/ASYN_CTRL.rptr[4]' of 'GTP_DFF_C' unit is dangling and will be cleaned.
W: Public-4008: Instance 'u_top_sd_rw/u_eth_sd_fifo/U_ipml_fifo_eth_sd_fifo/U_ipml_fifo_ctrl/ASYN_CTRL.rptr[5]' of 'GTP_DFF_C' unit is dangling and will be cleaned.
W: Public-4008: Instance 'u_top_sd_rw/u_eth_sd_fifo/U_ipml_fifo_eth_sd_fifo/U_ipml_fifo_ctrl/ASYN_CTRL.rptr[6]' of 'GTP_DFF_C' unit is dangling and will be cleaned.
W: Public-4008: Instance 'u_top_sd_rw/u_eth_sd_fifo/U_ipml_fifo_eth_sd_fifo/U_ipml_fifo_ctrl/ASYN_CTRL.rptr[7]' of 'GTP_DFF_C' unit is dangling and will be cleaned.
W: Public-4008: Instance 'u_top_sd_rw/u_eth_sd_fifo/U_ipml_fifo_eth_sd_fifo/U_ipml_fifo_ctrl/ASYN_CTRL.rwptr1[0]' of 'GTP_DFF_C' unit is dangling and will be cleaned.
W: Public-4008: Instance 'u_top_sd_rw/u_eth_sd_fifo/U_ipml_fifo_eth_sd_fifo/U_ipml_fifo_ctrl/ASYN_CTRL.rwptr1[1]' of 'GTP_DFF_C' unit is dangling and will be cleaned.
W: Public-4008: Instance 'u_top_sd_rw/u_eth_sd_fifo/U_ipml_fifo_eth_sd_fifo/U_ipml_fifo_ctrl/ASYN_CTRL.rwptr1[2]' of 'GTP_DFF_C' unit is dangling and will be cleaned.
W: Public-4008: Instance 'u_top_sd_rw/u_eth_sd_fifo/U_ipml_fifo_eth_sd_fifo/U_ipml_fifo_ctrl/ASYN_CTRL.rwptr1[3]' of 'GTP_DFF_C' unit is dangling and will be cleaned.
W: Public-4008: Instance 'u_top_sd_rw/u_eth_sd_fifo/U_ipml_fifo_eth_sd_fifo/U_ipml_fifo_ctrl/ASYN_CTRL.rwptr1[4]' of 'GTP_DFF_C' unit is dangling and will be cleaned.
W: Public-4008: Instance 'u_top_sd_rw/u_eth_sd_fifo/U_ipml_fifo_eth_sd_fifo/U_ipml_fifo_ctrl/ASYN_CTRL.rwptr1[5]' of 'GTP_DFF_C' unit is dangling and will be cleaned.
W: Public-4008: Instance 'u_top_sd_rw/u_eth_sd_fifo/U_ipml_fifo_eth_sd_fifo/U_ipml_fifo_ctrl/ASYN_CTRL.rwptr1[6]' of 'GTP_DFF_C' unit is dangling and will be cleaned.
W: Public-4008: Instance 'u_top_sd_rw/u_eth_sd_fifo/U_ipml_fifo_eth_sd_fifo/U_ipml_fifo_ctrl/ASYN_CTRL.rwptr1[7]' of 'GTP_DFF_C' unit is dangling and will be cleaned.
W: Public-4008: Instance 'u_top_sd_rw/u_eth_sd_fifo/U_ipml_fifo_eth_sd_fifo/U_ipml_fifo_ctrl/ASYN_CTRL.wbin[0]' of 'GTP_DFF_CE' unit is dangling and will be cleaned.
W: Public-4008: Instance 'u_top_sd_rw/u_eth_sd_fifo/U_ipml_fifo_eth_sd_fifo/U_ipml_fifo_ctrl/ASYN_CTRL.wbin[1]' of 'GTP_DFF_CE' unit is dangling and will be cleaned.
W: Public-4008: Instance 'u_top_sd_rw/u_eth_sd_fifo/U_ipml_fifo_eth_sd_fifo/U_ipml_fifo_ctrl/ASYN_CTRL.wbin[2]' of 'GTP_DFF_CE' unit is dangling and will be cleaned.
W: Public-4008: Instance 'u_top_sd_rw/u_eth_sd_fifo/U_ipml_fifo_eth_sd_fifo/U_ipml_fifo_ctrl/ASYN_CTRL.wbin[3]' of 'GTP_DFF_CE' unit is dangling and will be cleaned.
W: Public-4008: Instance 'u_top_sd_rw/u_eth_sd_fifo/U_ipml_fifo_eth_sd_fifo/U_ipml_fifo_ctrl/ASYN_CTRL.wbin[4]' of 'GTP_DFF_CE' unit is dangling and will be cleaned.
W: Public-4008: Instance 'u_top_sd_rw/u_eth_sd_fifo/U_ipml_fifo_eth_sd_fifo/U_ipml_fifo_ctrl/ASYN_CTRL.wbin[5]' of 'GTP_DFF_CE' unit is dangling and will be cleaned.
W: Public-4008: Instance 'u_top_sd_rw/u_eth_sd_fifo/U_ipml_fifo_eth_sd_fifo/U_ipml_fifo_ctrl/ASYN_CTRL.wbin[6]' of 'GTP_DFF_CE' unit is dangling and will be cleaned.
W: Public-4008: Instance 'u_top_sd_rw/u_eth_sd_fifo/U_ipml_fifo_eth_sd_fifo/U_ipml_fifo_ctrl/ASYN_CTRL.wbin[7]' of 'GTP_DFF_CE' unit is dangling and will be cleaned.
W: Public-4008: Instance 'u_top_sd_rw/u_eth_sd_fifo/U_ipml_fifo_eth_sd_fifo/U_ipml_fifo_ctrl/ASYN_CTRL.wptr[0]' of 'GTP_DFF_C' unit is dangling and will be cleaned.
W: Public-4008: Instance 'u_top_sd_rw/u_eth_sd_fifo/U_ipml_fifo_eth_sd_fifo/U_ipml_fifo_ctrl/ASYN_CTRL.wptr[1]' of 'GTP_DFF_C' unit is dangling and will be cleaned.
W: Public-4008: Instance 'u_top_sd_rw/u_eth_sd_fifo/U_ipml_fifo_eth_sd_fifo/U_ipml_fifo_ctrl/ASYN_CTRL.wptr[2]' of 'GTP_DFF_C' unit is dangling and will be cleaned.
W: Public-4008: Instance 'u_top_sd_rw/u_eth_sd_fifo/U_ipml_fifo_eth_sd_fifo/U_ipml_fifo_ctrl/ASYN_CTRL.wptr[3]' of 'GTP_DFF_C' unit is dangling and will be cleaned.
W: Public-4008: Instance 'u_top_sd_rw/u_eth_sd_fifo/U_ipml_fifo_eth_sd_fifo/U_ipml_fifo_ctrl/ASYN_CTRL.wptr[4]' of 'GTP_DFF_C' unit is dangling and will be cleaned.
W: Public-4008: Instance 'u_top_sd_rw/u_eth_sd_fifo/U_ipml_fifo_eth_sd_fifo/U_ipml_fifo_ctrl/ASYN_CTRL.wptr[5]' of 'GTP_DFF_C' unit is dangling and will be cleaned.
W: Public-4008: Instance 'u_top_sd_rw/u_eth_sd_fifo/U_ipml_fifo_eth_sd_fifo/U_ipml_fifo_ctrl/ASYN_CTRL.wptr[6]' of 'GTP_DFF_C' unit is dangling and will be cleaned.
W: Public-4008: Instance 'u_top_sd_rw/u_eth_sd_fifo/U_ipml_fifo_eth_sd_fifo/U_ipml_fifo_ctrl/ASYN_CTRL.wptr[7]' of 'GTP_DFF_C' unit is dangling and will be cleaned.
W: Public-4008: Instance 'u_top_sd_rw/u_eth_sd_fifo/U_ipml_fifo_eth_sd_fifo/U_ipml_fifo_ctrl/ASYN_CTRL.wrptr1[0]' of 'GTP_DFF_C' unit is dangling and will be cleaned.
W: Public-4008: Instance 'u_top_sd_rw/u_eth_sd_fifo/U_ipml_fifo_eth_sd_fifo/U_ipml_fifo_ctrl/ASYN_CTRL.wrptr1[1]' of 'GTP_DFF_C' unit is dangling and will be cleaned.
W: Public-4008: Instance 'u_top_sd_rw/u_eth_sd_fifo/U_ipml_fifo_eth_sd_fifo/U_ipml_fifo_ctrl/ASYN_CTRL.wrptr1[2]' of 'GTP_DFF_C' unit is dangling and will be cleaned.
W: Public-4008: Instance 'u_top_sd_rw/u_eth_sd_fifo/U_ipml_fifo_eth_sd_fifo/U_ipml_fifo_ctrl/ASYN_CTRL.wrptr1[3]' of 'GTP_DFF_C' unit is dangling and will be cleaned.
W: Public-4008: Instance 'u_top_sd_rw/u_eth_sd_fifo/U_ipml_fifo_eth_sd_fifo/U_ipml_fifo_ctrl/ASYN_CTRL.wrptr1[4]' of 'GTP_DFF_C' unit is dangling and will be cleaned.
W: Public-4008: Instance 'u_top_sd_rw/u_eth_sd_fifo/U_ipml_fifo_eth_sd_fifo/U_ipml_fifo_ctrl/ASYN_CTRL.wrptr1[5]' of 'GTP_DFF_C' unit is dangling and will be cleaned.
W: Public-4008: Instance 'u_top_sd_rw/u_eth_sd_fifo/U_ipml_fifo_eth_sd_fifo/U_ipml_fifo_ctrl/ASYN_CTRL.wrptr1[6]' of 'GTP_DFF_C' unit is dangling and will be cleaned.
W: Public-4008: Instance 'u_top_sd_rw/u_eth_sd_fifo/U_ipml_fifo_eth_sd_fifo/U_ipml_fifo_ctrl/ASYN_CTRL.wrptr1[7]' of 'GTP_DFF_C' unit is dangling and will be cleaned.
W: Public-4008: Instance 'u_top_sd_rw/u_eth_sd_fifo/U_ipml_fifo_eth_sd_fifo/U_ipml_fifo_ctrl/rwptr2[0]' of 'GTP_DFF_C' unit is dangling and will be cleaned.
W: Public-4008: Instance 'u_top_sd_rw/u_eth_sd_fifo/U_ipml_fifo_eth_sd_fifo/U_ipml_fifo_ctrl/rwptr2[1]' of 'GTP_DFF_C' unit is dangling and will be cleaned.
W: Public-4008: Instance 'u_top_sd_rw/u_eth_sd_fifo/U_ipml_fifo_eth_sd_fifo/U_ipml_fifo_ctrl/rwptr2[2]' of 'GTP_DFF_C' unit is dangling and will be cleaned.
W: Public-4008: Instance 'u_top_sd_rw/u_eth_sd_fifo/U_ipml_fifo_eth_sd_fifo/U_ipml_fifo_ctrl/rwptr2[3]' of 'GTP_DFF_C' unit is dangling and will be cleaned.
W: Public-4008: Instance 'u_top_sd_rw/u_eth_sd_fifo/U_ipml_fifo_eth_sd_fifo/U_ipml_fifo_ctrl/rwptr2[4]' of 'GTP_DFF_C' unit is dangling and will be cleaned.
W: Public-4008: Instance 'u_top_sd_rw/u_eth_sd_fifo/U_ipml_fifo_eth_sd_fifo/U_ipml_fifo_ctrl/rwptr2[5]' of 'GTP_DFF_C' unit is dangling and will be cleaned.
W: Public-4008: Instance 'u_top_sd_rw/u_eth_sd_fifo/U_ipml_fifo_eth_sd_fifo/U_ipml_fifo_ctrl/rwptr2[6]' of 'GTP_DFF_C' unit is dangling and will be cleaned.
W: Public-4008: Instance 'u_top_sd_rw/u_eth_sd_fifo/U_ipml_fifo_eth_sd_fifo/U_ipml_fifo_ctrl/rwptr2[7]' of 'GTP_DFF_C' unit is dangling and will be cleaned.
W: Public-4008: Instance 'u_top_sd_rw/u_eth_sd_fifo/U_ipml_fifo_eth_sd_fifo/U_ipml_fifo_ctrl/wrptr2[0]' of 'GTP_DFF_C' unit is dangling and will be cleaned.
W: Public-4008: Instance 'u_top_sd_rw/u_eth_sd_fifo/U_ipml_fifo_eth_sd_fifo/U_ipml_fifo_ctrl/wrptr2[1]' of 'GTP_DFF_C' unit is dangling and will be cleaned.
W: Public-4008: Instance 'u_top_sd_rw/u_eth_sd_fifo/U_ipml_fifo_eth_sd_fifo/U_ipml_fifo_ctrl/wrptr2[2]' of 'GTP_DFF_C' unit is dangling and will be cleaned.
W: Public-4008: Instance 'u_top_sd_rw/u_eth_sd_fifo/U_ipml_fifo_eth_sd_fifo/U_ipml_fifo_ctrl/wrptr2[3]' of 'GTP_DFF_C' unit is dangling and will be cleaned.
W: Public-4008: Instance 'u_top_sd_rw/u_eth_sd_fifo/U_ipml_fifo_eth_sd_fifo/U_ipml_fifo_ctrl/wrptr2[4]' of 'GTP_DFF_C' unit is dangling and will be cleaned.
W: Public-4008: Instance 'u_top_sd_rw/u_eth_sd_fifo/U_ipml_fifo_eth_sd_fifo/U_ipml_fifo_ctrl/wrptr2[5]' of 'GTP_DFF_C' unit is dangling and will be cleaned.
W: Public-4008: Instance 'u_top_sd_rw/u_eth_sd_fifo/U_ipml_fifo_eth_sd_fifo/U_ipml_fifo_ctrl/wrptr2[6]' of 'GTP_DFF_C' unit is dangling and will be cleaned.
W: Public-4008: Instance 'u_top_sd_rw/u_eth_sd_fifo/U_ipml_fifo_eth_sd_fifo/U_ipml_fifo_ctrl/wrptr2[7]' of 'GTP_DFF_C' unit is dangling and will be cleaned.
W: Public-4008: Instance 'u_top_sd_rw/ethernet_test/eth_udp_test/eth_sd_wr_en' of 'GTP_DFF' unit is dangling and will be cleaned.
W: Public-4008: Instance 'u_top_sd_rw/ethernet_test/eth_udp_test/font_count[0]' of 'GTP_DFF_RE' unit is dangling and will be cleaned.
W: Public-4008: Instance 'u_top_sd_rw/ethernet_test/eth_udp_test/font_count[1]' of 'GTP_DFF_RE' unit is dangling and will be cleaned.
W: Public-4008: Instance 'u_top_sd_rw/ethernet_test/eth_udp_test/font_count[2]' of 'GTP_DFF_RE' unit is dangling and will be cleaned.
W: Public-4008: Instance 'u_top_sd_rw/ethernet_test/eth_udp_test/font_count[3]' of 'GTP_DFF_RE' unit is dangling and will be cleaned.
W: Public-4008: Instance 'u_top_sd_rw/ethernet_test/eth_udp_test/font_count[4]' of 'GTP_DFF_RE' unit is dangling and will be cleaned.
W: Public-4008: Instance 'u_top_sd_rw/ethernet_test/eth_udp_test/font_count[5]' of 'GTP_DFF_RE' unit is dangling and will be cleaned.
W: Public-4008: Instance 'u_top_sd_rw/ethernet_test/eth_udp_test/font_count[6]' of 'GTP_DFF_RE' unit is dangling and will be cleaned.
W: Public-4008: Instance 'u_top_sd_rw/u_sd_ctrl_top/u_sd_read/rd_real_busy' of 'GTP_DFF_CE' unit is dangling and will be cleaned.
W: Public-4008: Instance 'u_top_sd_rw/u_sd_ctrl_top/u_sd_write/detect_data[0]' of 'GTP_DFF_C' unit is dangling and will be cleaned.
W: Public-4008: Instance 'u_top_sd_rw/u_sd_ctrl_top/u_sd_write/detect_data[1]' of 'GTP_DFF_C' unit is dangling and will be cleaned.
W: Public-4008: Instance 'u_top_sd_rw/u_sd_ctrl_top/u_sd_write/detect_data[2]' of 'GTP_DFF_C' unit is dangling and will be cleaned.
W: Public-4008: Instance 'u_top_sd_rw/u_sd_ctrl_top/u_sd_write/detect_data[3]' of 'GTP_DFF_C' unit is dangling and will be cleaned.
W: Public-4008: Instance 'u_top_sd_rw/u_sd_ctrl_top/u_sd_write/detect_data[4]' of 'GTP_DFF_C' unit is dangling and will be cleaned.
W: Public-4008: Instance 'u_top_sd_rw/u_sd_ctrl_top/u_sd_write/detect_data[5]' of 'GTP_DFF_C' unit is dangling and will be cleaned.
W: Public-4008: Instance 'u_top_sd_rw/u_sd_ctrl_top/u_sd_write/detect_data[6]' of 'GTP_DFF_C' unit is dangling and will be cleaned.
W: Public-4008: Instance 'u_top_sd_rw/u_sd_ctrl_top/u_sd_write/detect_data[7]' of 'GTP_DFF_C' unit is dangling and will be cleaned.
W: Public-4008: Instance 'u_top_sd_rw/u_sd_ctrl_top/u_sd_write/detect_done_flag' of 'GTP_DFF_C' unit is dangling and will be cleaned.
W: Public-4008: Instance 'u_top_sd_rw/u_sd_ctrl_top/u_sd_write/wr_ctrl_cnt[0]' of 'GTP_DFF_PE' unit is dangling and will be cleaned.
W: Public-4008: Instance 'u_top_sd_rw/u_sd_ctrl_top/u_sd_write/wr_ctrl_cnt[1]' of 'GTP_DFF_CE' unit is dangling and will be cleaned.
W: Public-4008: Instance 'u_top_sd_rw/u_sd_ctrl_top/u_sd_write/wr_ctrl_cnt[2]' of 'GTP_DFF_CE' unit is dangling and will be cleaned.
W: Public-4008: Instance 'u_top_sd_rw/u_sd_ctrl_top/u_sd_write/wr_ctrl_cnt[3]' of 'GTP_DFF_CE' unit is dangling and will be cleaned.
W: Public-4008: Instance 'u_top_sd_rw/u_sd_ctrl_top/u_sd_write/wr_ctrl_cnt[4]' of 'GTP_DFF_CE' unit is dangling and will be cleaned.
W: Public-4008: Instance 'u_top_sd_rw/u_sd_ctrl_top/u_sd_write/wr_ctrl_cnt[5]' of 'GTP_DFF_CE' unit is dangling and will be cleaned.
W: Public-4008: Instance 'u_top_sd_rw/u_sd_ctrl_top/u_sd_write/wr_ctrl_cnt[6]' of 'GTP_DFF_CE' unit is dangling and will be cleaned.
W: Public-4008: Instance 'u_top_sd_rw/u_sd_ctrl_top/u_sd_write/wr_ctrl_cnt[7]' of 'GTP_DFF_CE' unit is dangling and will be cleaned.
Device mapping started.
Optimizing circuit logic.
I: Const net (pin CEX of inst N576) has been disconnected.
I: Const net (pin CEM of inst u_hsv_rgb/N33) has been disconnected.
I: Const net (pin CEP of inst u_hsv_rgb/N33) has been disconnected.
I: Const net (pin CEY of inst u_hsv_rgb/N132) has been disconnected.
I: Const net (pin CEM of inst u_hsv_rgb/N132) has been disconnected.
I: Const net (pin RSTX of inst u_top_sd_rw/u_data_gen/N37996) has been disconnected.
I: Const net (pin CEPRE of inst scaler_1/ram_fifo_ctrl_inst/p/u_ipml_mult_mul_2_8/mult_0) has been disconnected.
I: Const net (pin CEM of inst scaler_1/ram_fifo_ctrl_inst/p/u_ipml_mult_mul_2_8/mult_0) has been disconnected.
I: Const net (pin CEP of inst scaler_1/ram_fifo_ctrl_inst/p/u_ipml_mult_mul_2_8/mult_0) has been disconnected.
I: Const net (pin CEMODEX of inst scaler_1/ram_fifo_ctrl_inst/p/u_ipml_mult_mul_2_8/mult_0) has been disconnected.
I: Const net (pin CEMODEY of inst scaler_1/ram_fifo_ctrl_inst/p/u_ipml_mult_mul_2_8/mult_0) has been disconnected.
I: Const net (pin CEMODEZ of inst scaler_1/ram_fifo_ctrl_inst/p/u_ipml_mult_mul_2_8/mult_0) has been disconnected.
I: Const net (pin CEX of inst scaler_1/ram_fifo_ctrl_inst/p/u_ipml_mult_mul_2_8/mult_0) has been disconnected.
I: Const net (pin CEY of inst scaler_1/ram_fifo_ctrl_inst/p/u_ipml_mult_mul_2_8/mult_0) has been disconnected.
I: Const net (pin CEZ of inst scaler_1/ram_fifo_ctrl_inst/p/u_ipml_mult_mul_2_8/mult_0) has been disconnected.
I: Const net (pin CEPRE of inst scaler_1/u_rfifo/mul_inst/u_ipml_mult_mul_2_8/mult_0) has been disconnected.
I: Const net (pin CEM of inst scaler_1/u_rfifo/mul_inst/u_ipml_mult_mul_2_8/mult_0) has been disconnected.
I: Const net (pin CEP of inst scaler_1/u_rfifo/mul_inst/u_ipml_mult_mul_2_8/mult_0) has been disconnected.
I: Const net (pin CEMODEX of inst scaler_1/u_rfifo/mul_inst/u_ipml_mult_mul_2_8/mult_0) has been disconnected.
I: Const net (pin CEMODEY of inst scaler_1/u_rfifo/mul_inst/u_ipml_mult_mul_2_8/mult_0) has been disconnected.
I: Const net (pin CEMODEZ of inst scaler_1/u_rfifo/mul_inst/u_ipml_mult_mul_2_8/mult_0) has been disconnected.
I: Const net (pin CEX of inst scaler_1/u_rfifo/mul_inst/u_ipml_mult_mul_2_8/mult_0) has been disconnected.
I: Const net (pin CEY of inst scaler_1/u_rfifo/mul_inst/u_ipml_mult_mul_2_8/mult_0) has been disconnected.
I: Const net (pin CEZ of inst scaler_1/u_rfifo/mul_inst/u_ipml_mult_mul_2_8/mult_0) has been disconnected.
I: Const net (pin CEPRE of inst scaler_2/ram_fifo_ctrl_inst/p/u_ipml_mult_mul_2_8/mult_0) has been disconnected.
I: Const net (pin CEM of inst scaler_2/ram_fifo_ctrl_inst/p/u_ipml_mult_mul_2_8/mult_0) has been disconnected.
I: Const net (pin CEP of inst scaler_2/ram_fifo_ctrl_inst/p/u_ipml_mult_mul_2_8/mult_0) has been disconnected.
I: Const net (pin CEMODEX of inst scaler_2/ram_fifo_ctrl_inst/p/u_ipml_mult_mul_2_8/mult_0) has been disconnected.
I: Const net (pin CEMODEY of inst scaler_2/ram_fifo_ctrl_inst/p/u_ipml_mult_mul_2_8/mult_0) has been disconnected.
I: Const net (pin CEMODEZ of inst scaler_2/ram_fifo_ctrl_inst/p/u_ipml_mult_mul_2_8/mult_0) has been disconnected.
I: Const net (pin CEX of inst scaler_2/ram_fifo_ctrl_inst/p/u_ipml_mult_mul_2_8/mult_0) has been disconnected.
I: Const net (pin CEY of inst scaler_2/ram_fifo_ctrl_inst/p/u_ipml_mult_mul_2_8/mult_0) has been disconnected.
I: Const net (pin CEZ of inst scaler_2/ram_fifo_ctrl_inst/p/u_ipml_mult_mul_2_8/mult_0) has been disconnected.
I: Const net (pin CEPRE of inst scaler_2/u_rfifo/mul_inst/u_ipml_mult_mul_2_8/mult_0) has been disconnected.
I: Const net (pin CEM of inst scaler_2/u_rfifo/mul_inst/u_ipml_mult_mul_2_8/mult_0) has been disconnected.
I: Const net (pin CEP of inst scaler_2/u_rfifo/mul_inst/u_ipml_mult_mul_2_8/mult_0) has been disconnected.
I: Const net (pin CEMODEX of inst scaler_2/u_rfifo/mul_inst/u_ipml_mult_mul_2_8/mult_0) has been disconnected.
I: Const net (pin CEMODEY of inst scaler_2/u_rfifo/mul_inst/u_ipml_mult_mul_2_8/mult_0) has been disconnected.
I: Const net (pin CEMODEZ of inst scaler_2/u_rfifo/mul_inst/u_ipml_mult_mul_2_8/mult_0) has been disconnected.
I: Const net (pin CEX of inst scaler_2/u_rfifo/mul_inst/u_ipml_mult_mul_2_8/mult_0) has been disconnected.
I: Const net (pin CEY of inst scaler_2/u_rfifo/mul_inst/u_ipml_mult_mul_2_8/mult_0) has been disconnected.
I: Const net (pin CEZ of inst scaler_2/u_rfifo/mul_inst/u_ipml_mult_mul_2_8/mult_0) has been disconnected.
I: Const net (pin CEPRE of inst scaler_3/ram_fifo_ctrl_inst/p/u_ipml_mult_mul_2_8/mult_0) has been disconnected.
I: Const net (pin CEM of inst scaler_3/ram_fifo_ctrl_inst/p/u_ipml_mult_mul_2_8/mult_0) has been disconnected.
I: Const net (pin CEP of inst scaler_3/ram_fifo_ctrl_inst/p/u_ipml_mult_mul_2_8/mult_0) has been disconnected.
I: Const net (pin CEMODEX of inst scaler_3/ram_fifo_ctrl_inst/p/u_ipml_mult_mul_2_8/mult_0) has been disconnected.
I: Const net (pin CEMODEY of inst scaler_3/ram_fifo_ctrl_inst/p/u_ipml_mult_mul_2_8/mult_0) has been disconnected.
I: Const net (pin CEMODEZ of inst scaler_3/ram_fifo_ctrl_inst/p/u_ipml_mult_mul_2_8/mult_0) has been disconnected.
I: Const net (pin CEX of inst scaler_3/ram_fifo_ctrl_inst/p/u_ipml_mult_mul_2_8/mult_0) has been disconnected.
I: Const net (pin CEY of inst scaler_3/ram_fifo_ctrl_inst/p/u_ipml_mult_mul_2_8/mult_0) has been disconnected.
I: Const net (pin CEZ of inst scaler_3/ram_fifo_ctrl_inst/p/u_ipml_mult_mul_2_8/mult_0) has been disconnected.
I: Const net (pin CEPRE of inst scaler_3/u_rfifo/mul_inst/u_ipml_mult_mul_2_8/mult_0) has been disconnected.
I: Const net (pin CEM of inst scaler_3/u_rfifo/mul_inst/u_ipml_mult_mul_2_8/mult_0) has been disconnected.
I: Const net (pin CEP of inst scaler_3/u_rfifo/mul_inst/u_ipml_mult_mul_2_8/mult_0) has been disconnected.
I: Const net (pin CEMODEX of inst scaler_3/u_rfifo/mul_inst/u_ipml_mult_mul_2_8/mult_0) has been disconnected.
I: Const net (pin CEMODEY of inst scaler_3/u_rfifo/mul_inst/u_ipml_mult_mul_2_8/mult_0) has been disconnected.
I: Const net (pin CEMODEZ of inst scaler_3/u_rfifo/mul_inst/u_ipml_mult_mul_2_8/mult_0) has been disconnected.
I: Const net (pin CEX of inst scaler_3/u_rfifo/mul_inst/u_ipml_mult_mul_2_8/mult_0) has been disconnected.
I: Const net (pin CEY of inst scaler_3/u_rfifo/mul_inst/u_ipml_mult_mul_2_8/mult_0) has been disconnected.
I: Const net (pin CEZ of inst scaler_3/u_rfifo/mul_inst/u_ipml_mult_mul_2_8/mult_0) has been disconnected.
I: Const net (pin CEPRE of inst scaler_4/ram_fifo_ctrl_inst/p/u_ipml_mult_mul_2_8/mult_0) has been disconnected.
I: Const net (pin CEM of inst scaler_4/ram_fifo_ctrl_inst/p/u_ipml_mult_mul_2_8/mult_0) has been disconnected.
I: Const net (pin CEP of inst scaler_4/ram_fifo_ctrl_inst/p/u_ipml_mult_mul_2_8/mult_0) has been disconnected.
I: Const net (pin CEMODEX of inst scaler_4/ram_fifo_ctrl_inst/p/u_ipml_mult_mul_2_8/mult_0) has been disconnected.
I: Const net (pin CEMODEY of inst scaler_4/ram_fifo_ctrl_inst/p/u_ipml_mult_mul_2_8/mult_0) has been disconnected.
I: Const net (pin CEMODEZ of inst scaler_4/ram_fifo_ctrl_inst/p/u_ipml_mult_mul_2_8/mult_0) has been disconnected.
I: Const net (pin CEX of inst scaler_4/ram_fifo_ctrl_inst/p/u_ipml_mult_mul_2_8/mult_0) has been disconnected.
I: Const net (pin CEY of inst scaler_4/ram_fifo_ctrl_inst/p/u_ipml_mult_mul_2_8/mult_0) has been disconnected.
I: Const net (pin CEZ of inst scaler_4/ram_fifo_ctrl_inst/p/u_ipml_mult_mul_2_8/mult_0) has been disconnected.
I: Const net (pin CEPRE of inst scaler_4/u_rfifo/mul_inst/u_ipml_mult_mul_2_8/mult_0) has been disconnected.
I: Const net (pin CEM of inst scaler_4/u_rfifo/mul_inst/u_ipml_mult_mul_2_8/mult_0) has been disconnected.
I: Const net (pin CEP of inst scaler_4/u_rfifo/mul_inst/u_ipml_mult_mul_2_8/mult_0) has been disconnected.
I: Const net (pin CEMODEX of inst scaler_4/u_rfifo/mul_inst/u_ipml_mult_mul_2_8/mult_0) has been disconnected.
I: Const net (pin CEMODEY of inst scaler_4/u_rfifo/mul_inst/u_ipml_mult_mul_2_8/mult_0) has been disconnected.
I: Const net (pin CEMODEZ of inst scaler_4/u_rfifo/mul_inst/u_ipml_mult_mul_2_8/mult_0) has been disconnected.
I: Const net (pin CEX of inst scaler_4/u_rfifo/mul_inst/u_ipml_mult_mul_2_8/mult_0) has been disconnected.
I: Const net (pin CEY of inst scaler_4/u_rfifo/mul_inst/u_ipml_mult_mul_2_8/mult_0) has been disconnected.
I: Const net (pin CEZ of inst scaler_4/u_rfifo/mul_inst/u_ipml_mult_mul_2_8/mult_0) has been disconnected.
W: Public-4008: Instance 'ms72xx_ctl/ms7200_ctl/freq_rec[0]' of 'GTP_DFF_RE' unit is dangling and will be cleaned.
W: Public-4008: Instance 'ms72xx_ctl/ms7200_ctl/freq_rec[1]' of 'GTP_DFF_RE' unit is dangling and will be cleaned.
W: Public-4008: Instance 'ms72xx_ctl/ms7200_ctl/freq_rec_1d[0]' of 'GTP_DFF' unit is dangling and will be cleaned.
W: Public-4008: Instance 'ms72xx_ctl/ms7200_ctl/freq_rec_1d[1]' of 'GTP_DFF' unit is dangling and will be cleaned.
W: Public-4008: Instance 'ms72xx_ctl/ms7200_ctl/freq_rec_1d[2]' of 'GTP_DFF' unit is dangling and will be cleaned.
W: Public-4008: Instance 'ms72xx_ctl/ms7200_ctl/freq_rec_1d[3]' of 'GTP_DFF' unit is dangling and will be cleaned.
W: Public-4008: Instance 'ms72xx_ctl/ms7200_ctl/freq_rec_1d[4]' of 'GTP_DFF' unit is dangling and will be cleaned.
W: Public-4008: Instance 'ms72xx_ctl/ms7200_ctl/freq_rec_1d[5]' of 'GTP_DFF' unit is dangling and will be cleaned.
W: Public-4008: Instance 'ms72xx_ctl/ms7200_ctl/freq_rec_1d[6]' of 'GTP_DFF' unit is dangling and will be cleaned.
W: Public-4008: Instance 'ms72xx_ctl/ms7200_ctl/freq_rec_1d[7]' of 'GTP_DFF' unit is dangling and will be cleaned.
W: Public-4008: Instance 'ms72xx_ctl/ms7200_ctl/freq_rec_1d[8]' of 'GTP_DFF' unit is dangling and will be cleaned.
W: Public-4008: Instance 'ms72xx_ctl/ms7200_ctl/freq_rec_1d[9]' of 'GTP_DFF' unit is dangling and will be cleaned.
W: Public-4008: Instance 'ms72xx_ctl/ms7200_ctl/freq_rec_1d[10]' of 'GTP_DFF' unit is dangling and will be cleaned.
W: Public-4008: Instance 'ms72xx_ctl/ms7200_ctl/freq_rec_1d[11]' of 'GTP_DFF' unit is dangling and will be cleaned.
W: Public-4008: Instance 'ms72xx_ctl/ms7200_ctl/freq_rec_1d[12]' of 'GTP_DFF' unit is dangling and will be cleaned.
W: Public-4008: Instance 'ms72xx_ctl/ms7200_ctl/freq_rec_1d[13]' of 'GTP_DFF' unit is dangling and will be cleaned.
W: Public-4008: Instance 'ms72xx_ctl/ms7200_ctl/freq_rec_1d[14]' of 'GTP_DFF' unit is dangling and will be cleaned.
W: Public-4008: Instance 'ms72xx_ctl/ms7200_ctl/freq_rec_1d[15]' of 'GTP_DFF' unit is dangling and will be cleaned.
W: Public-4008: Instance 'ms72xx_ctl/ms7200_ctl/freq_rec_1d[18]' of 'GTP_DFF' unit is dangling and will be cleaned.
W: Public-4008: Instance 'ms72xx_ctl/ms7200_ctl/freq_rec_1d[19]' of 'GTP_DFF' unit is dangling and will be cleaned.
W: Public-4008: Instance 'ms72xx_ctl/ms7200_ctl/freq_rec_1d[20]' of 'GTP_DFF' unit is dangling and will be cleaned.
W: Public-4008: Instance 'ms72xx_ctl/ms7200_ctl/freq_rec_1d[21]' of 'GTP_DFF' unit is dangling and will be cleaned.
W: Public-4008: Instance 'ms72xx_ctl/ms7200_ctl/freq_rec_1d[22]' of 'GTP_DFF' unit is dangling and will be cleaned.
W: Public-4008: Instance 'ms72xx_ctl/ms7200_ctl/freq_rec_1d[23]' of 'GTP_DFF' unit is dangling and will be cleaned.
W: Public-4008: Instance 'ms72xx_ctl/ms7200_ctl/freq_rec_1d[24]' of 'GTP_DFF' unit is dangling and will be cleaned.
W: Public-4008: Instance 'ms72xx_ctl/ms7200_ctl/freq_rec_1d[25]' of 'GTP_DFF' unit is dangling and will be cleaned.
W: Public-4008: Instance 'ms72xx_ctl/ms7200_ctl/freq_rec_1d[26]' of 'GTP_DFF' unit is dangling and will be cleaned.
W: Public-4008: Instance 'ms72xx_ctl/ms7200_ctl/freq_rec_1d[27]' of 'GTP_DFF' unit is dangling and will be cleaned.
W: Public-4008: Instance 'ms72xx_ctl/ms7200_ctl/freq_rec_1d[28]' of 'GTP_DFF' unit is dangling and will be cleaned.
W: Public-4008: Instance 'ms72xx_ctl/ms7200_ctl/freq_rec_1d[29]' of 'GTP_DFF' unit is dangling and will be cleaned.
W: Public-4008: Instance 'ms72xx_ctl/ms7200_ctl/freq_rec_1d[30]' of 'GTP_DFF' unit is dangling and will be cleaned.
W: Public-4008: Instance 'ms72xx_ctl/ms7200_ctl/freq_rec_1d[31]' of 'GTP_DFF' unit is dangling and will be cleaned.
W: Public-4008: Instance 'ms72xx_ctl/ms7200_ctl/freq_rec[2]' of 'GTP_DFF_RE' unit is dangling and will be cleaned.
W: Public-4008: Instance 'ms72xx_ctl/ms7200_ctl/freq_rec_2d[0]' of 'GTP_DFF_E' unit is dangling and will be cleaned.
W: Public-4008: Instance 'ms72xx_ctl/ms7200_ctl/freq_rec_2d[1]' of 'GTP_DFF_E' unit is dangling and will be cleaned.
W: Public-4008: Instance 'ms72xx_ctl/ms7200_ctl/freq_rec_2d[2]' of 'GTP_DFF_E' unit is dangling and will be cleaned.
W: Public-4008: Instance 'ms72xx_ctl/ms7200_ctl/freq_rec_2d[3]' of 'GTP_DFF_E' unit is dangling and will be cleaned.
W: Public-4008: Instance 'ms72xx_ctl/ms7200_ctl/freq_rec_2d[4]' of 'GTP_DFF_E' unit is dangling and will be cleaned.
W: Public-4008: Instance 'ms72xx_ctl/ms7200_ctl/freq_rec_2d[5]' of 'GTP_DFF_E' unit is dangling and will be cleaned.
W: Public-4008: Instance 'ms72xx_ctl/ms7200_ctl/freq_rec_2d[6]' of 'GTP_DFF_E' unit is dangling and will be cleaned.
W: Public-4008: Instance 'ms72xx_ctl/ms7200_ctl/freq_rec_2d[7]' of 'GTP_DFF_E' unit is dangling and will be cleaned.
W: Public-4008: Instance 'ms72xx_ctl/ms7200_ctl/freq_rec_2d[8]' of 'GTP_DFF_E' unit is dangling and will be cleaned.
W: Public-4008: Instance 'ms72xx_ctl/ms7200_ctl/freq_rec_2d[9]' of 'GTP_DFF_E' unit is dangling and will be cleaned.
W: Public-4008: Instance 'ms72xx_ctl/ms7200_ctl/freq_rec_2d[10]' of 'GTP_DFF_E' unit is dangling and will be cleaned.
W: Public-4008: Instance 'ms72xx_ctl/ms7200_ctl/freq_rec_2d[11]' of 'GTP_DFF_E' unit is dangling and will be cleaned.
W: Public-4008: Instance 'ms72xx_ctl/ms7200_ctl/freq_rec_2d[12]' of 'GTP_DFF_E' unit is dangling and will be cleaned.
W: Public-4008: Instance 'ms72xx_ctl/ms7200_ctl/freq_rec_2d[13]' of 'GTP_DFF_E' unit is dangling and will be cleaned.
W: Public-4008: Instance 'ms72xx_ctl/ms7200_ctl/freq_rec_2d[14]' of 'GTP_DFF_E' unit is dangling and will be cleaned.
W: Public-4008: Instance 'ms72xx_ctl/ms7200_ctl/freq_rec_2d[15]' of 'GTP_DFF_E' unit is dangling and will be cleaned.
W: Public-4008: Instance 'ms72xx_ctl/ms7200_ctl/freq_rec_2d[18]' of 'GTP_DFF_E' unit is dangling and will be cleaned.
W: Public-4008: Instance 'ms72xx_ctl/ms7200_ctl/freq_rec_2d[19]' of 'GTP_DFF_E' unit is dangling and will be cleaned.
W: Public-4008: Instance 'ms72xx_ctl/ms7200_ctl/freq_rec_2d[20]' of 'GTP_DFF_E' unit is dangling and will be cleaned.
W: Public-4008: Instance 'ms72xx_ctl/ms7200_ctl/freq_rec_2d[21]' of 'GTP_DFF_E' unit is dangling and will be cleaned.
W: Public-4008: Instance 'ms72xx_ctl/ms7200_ctl/freq_rec_2d[22]' of 'GTP_DFF_E' unit is dangling and will be cleaned.
W: Public-4008: Instance 'ms72xx_ctl/ms7200_ctl/freq_rec_2d[23]' of 'GTP_DFF_E' unit is dangling and will be cleaned.
W: Public-4008: Instance 'ms72xx_ctl/ms7200_ctl/freq_rec_2d[24]' of 'GTP_DFF_E' unit is dangling and will be cleaned.
W: Public-4008: Instance 'ms72xx_ctl/ms7200_ctl/freq_rec_2d[25]' of 'GTP_DFF_E' unit is dangling and will be cleaned.
W: Public-4008: Instance 'ms72xx_ctl/ms7200_ctl/freq_rec_2d[26]' of 'GTP_DFF_E' unit is dangling and will be cleaned.
W: Public-4008: Instance 'ms72xx_ctl/ms7200_ctl/freq_rec_2d[27]' of 'GTP_DFF_E' unit is dangling and will be cleaned.
W: Public-4008: Instance 'ms72xx_ctl/ms7200_ctl/freq_rec_2d[28]' of 'GTP_DFF_E' unit is dangling and will be cleaned.
W: Public-4008: Instance 'ms72xx_ctl/ms7200_ctl/freq_rec_2d[29]' of 'GTP_DFF_E' unit is dangling and will be cleaned.
W: Public-4008: Instance 'ms72xx_ctl/ms7200_ctl/freq_rec_2d[30]' of 'GTP_DFF_E' unit is dangling and will be cleaned.
W: Public-4008: Instance 'ms72xx_ctl/ms7200_ctl/freq_rec_2d[31]' of 'GTP_DFF_E' unit is dangling and will be cleaned.
W: Public-4008: Instance 'ms72xx_ctl/ms7200_ctl/freq_rec[3]' of 'GTP_DFF_RE' unit is dangling and will be cleaned.
W: Public-4008: Instance 'ms72xx_ctl/ms7200_ctl/freq_rec[4]' of 'GTP_DFF_RE' unit is dangling and will be cleaned.
W: Public-4008: Instance 'ms72xx_ctl/ms7200_ctl/freq_rec[5]' of 'GTP_DFF_RE' unit is dangling and will be cleaned.
W: Public-4008: Instance 'ms72xx_ctl/ms7200_ctl/freq_rec[6]' of 'GTP_DFF_RE' unit is dangling and will be cleaned.
W: Public-4008: Instance 'ms72xx_ctl/ms7200_ctl/freq_rec[7]' of 'GTP_DFF_RE' unit is dangling and will be cleaned.
W: Public-4008: Instance 'ms72xx_ctl/ms7200_ctl/freq_rec[8]' of 'GTP_DFF_RE' unit is dangling and will be cleaned.
W: Public-4008: Instance 'ms72xx_ctl/ms7200_ctl/freq_rec[9]' of 'GTP_DFF_RE' unit is dangling and will be cleaned.
W: Public-4008: Instance 'ms72xx_ctl/ms7200_ctl/freq_rec[10]' of 'GTP_DFF_RE' unit is dangling and will be cleaned.
W: Public-4008: Instance 'ms72xx_ctl/ms7200_ctl/freq_rec[11]' of 'GTP_DFF_RE' unit is dangling and will be cleaned.
W: Public-4008: Instance 'ms72xx_ctl/ms7200_ctl/freq_rec[12]' of 'GTP_DFF_RE' unit is dangling and will be cleaned.
W: Public-4008: Instance 'ms72xx_ctl/ms7200_ctl/freq_rec[13]' of 'GTP_DFF_RE' unit is dangling and will be cleaned.
W: Public-4008: Instance 'ms72xx_ctl/ms7200_ctl/freq_rec[14]' of 'GTP_DFF_RE' unit is dangling and will be cleaned.
W: Public-4008: Instance 'ms72xx_ctl/ms7200_ctl/freq_rec[15]' of 'GTP_DFF_RE' unit is dangling and will be cleaned.
W: Public-4008: Instance 'ms72xx_ctl/ms7200_ctl/freq_rec[18]' of 'GTP_DFF_RE' unit is dangling and will be cleaned.
W: Public-4008: Instance 'ms72xx_ctl/ms7200_ctl/freq_rec[19]' of 'GTP_DFF_RE' unit is dangling and will be cleaned.
W: Public-4008: Instance 'ms72xx_ctl/ms7200_ctl/freq_rec[20]' of 'GTP_DFF_RE' unit is dangling and will be cleaned.
W: Public-4008: Instance 'ms72xx_ctl/ms7200_ctl/freq_rec[21]' of 'GTP_DFF_RE' unit is dangling and will be cleaned.
W: Public-4008: Instance 'ms72xx_ctl/ms7200_ctl/freq_rec[22]' of 'GTP_DFF_RE' unit is dangling and will be cleaned.
W: Public-4008: Instance 'ms72xx_ctl/ms7200_ctl/freq_rec[23]' of 'GTP_DFF_RE' unit is dangling and will be cleaned.
W: Public-4008: Instance 'ms72xx_ctl/ms7200_ctl/freq_rec[24]' of 'GTP_DFF_RE' unit is dangling and will be cleaned.
W: Public-4008: Instance 'ms72xx_ctl/ms7200_ctl/freq_rec[25]' of 'GTP_DFF_RE' unit is dangling and will be cleaned.
W: Public-4008: Instance 'ms72xx_ctl/ms7200_ctl/freq_rec[26]' of 'GTP_DFF_RE' unit is dangling and will be cleaned.
W: Public-4008: Instance 'ms72xx_ctl/ms7200_ctl/freq_rec[27]' of 'GTP_DFF_RE' unit is dangling and will be cleaned.
W: Public-4008: Instance 'ms72xx_ctl/ms7200_ctl/freq_rec[28]' of 'GTP_DFF_RE' unit is dangling and will be cleaned.
W: Public-4008: Instance 'ms72xx_ctl/ms7200_ctl/freq_rec[29]' of 'GTP_DFF_RE' unit is dangling and will be cleaned.
W: Public-4008: Instance 'ms72xx_ctl/ms7200_ctl/freq_rec[30]' of 'GTP_DFF_RE' unit is dangling and will be cleaned.
W: Public-4008: Instance 'ms72xx_ctl/ms7200_ctl/freq_rec[31]' of 'GTP_DFF_RE' unit is dangling and will be cleaned.
W: Public-4008: Instance 'frame_buf/wr_rd_ctrl_top/wr_cmd_trans/wr_data_en' of 'GTP_DFF' unit is dangling and will be cleaned.
Checking design netlist.
Processing tech operator.
I: The instance clkbufg_1(GTP_CLKBUFG) has been inserted on the net core_clk in design, driver pin CLKDIVOUT(instance u_DDR3_50H/I_GTP_CLKDIV) -> load pin CLK(instance cnt[0]).
I: The instance clkbufg_2(GTP_CLKBUFG) has been inserted on the net nt_pixclk_in in design, driver pin O(instance pixclk_in_ibuf) -> load pin CLK(instance N576).
I: The instance clkbufg_3(GTP_CLKBUFG) has been inserted on the net pclk_in_test in design, driver pin CLKDIVOUT(instance cmos1_8_16bit/u_GTP_IOCLKDIV) -> load pin CLK(instance TARGET_H_NUM_1[0]).
I: The instance clkbufg_4(GTP_CLKBUFG) has been inserted on the net pclk_in_test2 in design, driver pin CLKDIVOUT(instance cmos2_8_16bit/u_GTP_IOCLKDIV) -> load pin CLK(instance TARGET_H_NUM_4[0]).
I: The instance clkbufg_5(GTP_CLKBUFG) has been inserted on the net cfg_clk in design, driver pin CLKOUT1(instance u_pll/u_pll_e3) -> load pin CLK(instance ms72xx_ctl/iic_dri_rx/busy).
I: The instance clkbufg_6(GTP_CLKBUFG) has been inserted on the net clk_ref in design, driver pin CLKOUT0(instance u_top_sd_rw/pll_clk_inst/u_pll_e3) -> load pin CLKA(instance u_ram_ethhdmi/u_eth_ram_hdmi/U_ipml_sdpram_eth_ram_hdmi/ADDR_LOOP[0].DATA_LOOP[0].U_GTP_DRM18K).
C: DeviceMap-2011: The net nt_sys_clk has both clock instance u_DDR3_50H/u_clkbufg(GTP_CLKBUFG) loader and other clock pin loader.
I: The instance clkbufg_7(GTP_CLKBUFG) has been inserted on the net u_top_sd_rw/clk_ref_180deg in design, driver pin CLKOUT1(instance u_top_sd_rw/pll_clk_inst/u_pll_e3) -> load pin CLK(instance u_top_sd_rw/u_sd_ctrl_top/u_sd_read/res_bit_cnt[0]).
I: The instance clkbufg_8(GTP_CLKBUFG) has been inserted on the net nt_cmos2_pclk in design, driver pin O(instance cmos2_pclk_ibuf) -> load pin CLK(instance cmos2_8_16bit/cnt[0]).
I: The instance clkbufg_9(GTP_CLKBUFG) has been inserted on the net nt_cmos1_pclk in design, driver pin O(instance cmos1_pclk_ibuf) -> load pin CLK(instance cmos1_8_16bit/cnt[0]).
I: The instance clkbufg_10(GTP_CLKBUFG) has been inserted on the net clk_25M in design, driver pin CLKOUT2(instance u_pll/u_pll_e3) -> load pin CLK(instance coms1_reg_config/clock_20k).
W: DeviceMap-4006: Insert a inst clkgate_11(GTP_IOCLKBUF) before u_DDR3_50H/I_GTP_CLKDIV(GTP_IOCLKDIV).
Converting tech operator to gate operator.
Processing gate operator.
I: Infer CARRY group, base inst: N16_0_1/gateop, insts:13.
I: Infer CARRY group, base inst: N172_0_1/gateop, insts:20.
I: Infer CARRY group, base inst: N182_0.fsub_1/gateop, insts:5.
I: Infer CARRY group, base inst: N191_4_1/gateop, insts:7.
I: Infer CARRY group, base inst: N222_0_2/gateop, insts:10.
I: Infer CARRY group, base inst: N226_2.fsub_1/gateop, insts:6.
I: Infer CARRY group, base inst: N226_3_1/gateop, insts:10.
I: Infer CARRY group, base inst: N241_4/gateop, insts:6.
I: Infer CARRY group, base inst: N243.lt_0/gateop, insts:4.
I: Infer CARRY group, base inst: N244_0.fsub_1/gateop, insts:7.
I: Infer CARRY group, base inst: N249.lt_0/gateop, insts:3.
I: Infer CARRY group, base inst: N252_0_0/gateop, insts:7.
I: Infer CARRY group, base inst: N291_0.fsub_1/gateop, insts:11.
I: Infer CARRY group, base inst: N292.lt_0/gateop, insts:7.
I: Infer CARRY group, base inst: N297_0_1/gateop, insts:8.
I: Infer CARRY group, base inst: N298.lt_0/gateop, insts:6.
I: Infer CARRY group, base inst: N435_0_1/gateop, insts:24.
I: Infer CARRY group, base inst: coms1_reg_config/N11_2_1/gateop, insts:10.
I: Infer CARRY group, base inst: coms1_reg_config/N36_1_1/gateop, insts:8.
I: Infer CARRY group, base inst: coms2_reg_config/N36_1_1/gateop, insts:8.
I: Infer CARRY group, base inst: image_size_down_without_fifo_1/N10_1_1/gateop, insts:15.
I: Infer CARRY group, base inst: image_size_down_without_fifo_1/N33_1_1/gateop, insts:15.
I: Infer CARRY group, base inst: image_size_down_without_fifo_2/N10_1_1/gateop, insts:15.
I: Infer CARRY group, base inst: image_size_down_without_fifo_2/N33_1_1/gateop, insts:15.
I: Infer CARRY group, base inst: image_size_down_without_fifo_4/N10_1_1/gateop, insts:15.
I: Infer CARRY group, base inst: image_size_down_without_fifo_4/N33_1_1/gateop, insts:15.
I: Infer CARRY group, base inst: power_on_delay_inst/N5_1_1/gateop, insts:18.
I: Infer CARRY group, base inst: power_on_delay_inst/N17_1_1/gateop, insts:15.
I: Infer CARRY group, base inst: scaler_1/N10_3.fsub_1/gateop, insts:14.
I: Infer CARRY group, base inst: scaler_2/N12_4.fsub_1/gateop, insts:14.
I: Infer CARRY group, base inst: scaler_2/N32_1_1/gateop, insts:12.
I: Infer CARRY group, base inst: sync_vg/N24_1_1/gateop, insts:9.
I: Infer CARRY group, base inst: sync_vg/N96_1.fsub_1/gateop, insts:9.
I: Infer CARRY group, base inst: sync_vg/N104_1.fsub_1/gateop, insts:10.
I: Infer CARRY group, base inst: sync_vg/N153_1_1/gateop, insts:11.
I: Infer CARRY group, base inst: u_hsv_rgb/N1_1.fsub_1/gateop, insts:8.
I: Infer CARRY group, base inst: u_hsv_rgb/N8_1.fsub_1/gateop, insts:4.
I: Infer CARRY group, base inst: u_hsv_rgb/N130.fsub_1/gateop, insts:9.
I: Infer CARRY group, base inst: u_hsv_rgb/N139_1/gateop, insts:8.
I: Infer CARRY group, base inst: u_hsv_rgb/N141.fsub_0/gateop, insts:9.
I: Infer CARRY group, base inst: u_key_config/N22_4_1/gateop, insts:10.
I: Infer CARRY group, base inst: u_key_config/N29_4_1/gateop, insts:10.
I: Infer CARRY group, base inst: u_key_config/N36_1.fsub_1/gateop, insts:10.
I: Infer CARRY group, base inst: u_key_config/N39_1.fsub_1/gateop, insts:10.
I: Infer CARRY group, base inst: u_rgb_hsv/N0_1.fsub_1/gateop, insts:6.
I: Infer CARRY group, base inst: u_rgb_hsv/N4_1.fsub_1/gateop, insts:9.
I: Infer CARRY group, base inst: u_rgb_hsv/N6.lt_1/gateop, insts:6.
I: Infer CARRY group, base inst: u_rgb_hsv/N15_7.fsub_1/gateop, insts:9.
I: Infer CARRY group, base inst: u_rgb_hsv/N15_8.fsub_0/gateop, insts:10.
I: Infer CARRY group, base inst: u_rgb_hsv/N16.lt_1/gateop, insts:6.
I: Infer CARRY group, base inst: u_rgb_hsv/N25_6.fsub_1/gateop, insts:9.
I: Infer CARRY group, base inst: u_rgb_hsv/N25_7.fsub_1/gateop, insts:9.
I: Infer CARRY group, base inst: u_rgb_hsv/N26.lt_1/gateop, insts:6.
I: Infer CARRY group, base inst: u_rgb_hsv/N35_6.fsub_1/gateop, insts:9.
I: Infer CARRY group, base inst: u_rgb_hsv/N35_8.fsub_0/gateop, insts:10.
I: Infer CARRY group, base inst: u_rgb_hsv/N48_1.fsub_1/gateop, insts:9.
I: Infer CARRY group, base inst: u_rgb_hsv/N65.lt_0/gateop, insts:3.
I: Infer CARRY group, base inst: u_rgb_hsv/N67.lt_0/gateop, insts:3.
I: Infer CARRY group, base inst: u_rgb_hsv/N72.lt_0/gateop, insts:3.
I: Infer CARRY group, base inst: u_rgb_hsv/N74.lt_0/gateop, insts:3.
I: Infer CARRY group, base inst: u_rgb_hsv/N79.lt_0/gateop, insts:3.
I: Infer CARRY group, base inst: u_rgb_hsv/N81.lt_0/gateop, insts:3.
I: Infer CARRY group, base inst: u_rgb_hsv/N124.eq_1/gateop, insts:6.
I: Infer CARRY group, base inst: u_rgb_hsv/N127_sub0.faddsub_2/gateop, insts:8.
I: Infer CARRY group, base inst: u_rgb_hsv/N127_sub1.faddsub_1/gateop, insts:9.
I: Infer CARRY group, base inst: u_rgb_hsv/N127_sub2.faddsub_1/gateop, insts:9.
I: Infer CARRY group, base inst: u_rgb_hsv/N127_sub3.faddsub_1/gateop, insts:9.
I: Infer CARRY group, base inst: u_rgb_hsv/N127_sub4.faddsub_1/gateop, insts:9.
I: Infer CARRY group, base inst: u_rgb_hsv/N127_sub5.faddsub_1/gateop, insts:9.
I: Infer CARRY group, base inst: u_rgb_hsv/N127_sub6.faddsub_1/gateop, insts:9.
I: Infer CARRY group, base inst: u_rgb_hsv/N127_sub7.faddsub_1/gateop, insts:9.
I: Infer CARRY group, base inst: u_rgb_hsv/N127_sub8.faddsub_1/gateop, insts:9.
I: Infer CARRY group, base inst: u_rgb_hsv/N127_sub9.faddsub_1/gateop, insts:9.
I: Infer CARRY group, base inst: u_rgb_hsv/N127_sub10.faddsub_1/gateop, insts:9.
I: Infer CARRY group, base inst: u_rgb_hsv/N127_sub11.faddsub_1/gateop, insts:9.
I: Infer CARRY group, base inst: u_rgb_hsv/N127_sub12.faddsub_1/gateop, insts:9.
I: Infer CARRY group, base inst: u_rgb_hsv/N128.eq_1/gateop, insts:6.
I: Infer CARRY group, base inst: u_rgb_hsv/N131_sub0.faddsub_2/gateop, insts:8.
I: Infer CARRY group, base inst: u_rgb_hsv/N131_sub1.faddsub_1/gateop, insts:9.
I: Infer CARRY group, base inst: u_rgb_hsv/N131_sub2.faddsub_1/gateop, insts:9.
I: Infer CARRY group, base inst: u_rgb_hsv/N131_sub3.faddsub_1/gateop, insts:9.
I: Infer CARRY group, base inst: u_rgb_hsv/N131_sub4.faddsub_1/gateop, insts:9.
I: Infer CARRY group, base inst: u_rgb_hsv/N131_sub5.faddsub_1/gateop, insts:9.
I: Infer CARRY group, base inst: u_rgb_hsv/N131_sub6.faddsub_1/gateop, insts:9.
I: Infer CARRY group, base inst: u_rgb_hsv/N131_sub7.faddsub_1/gateop, insts:9.
I: Infer CARRY group, base inst: u_rgb_hsv/N131_sub8.faddsub_1/gateop, insts:9.
I: Infer CARRY group, base inst: u_rgb_hsv/N131_sub9.faddsub_1/gateop, insts:9.
I: Infer CARRY group, base inst: u_rgb_hsv/N131_sub10.faddsub_1/gateop, insts:9.
I: Infer CARRY group, base inst: u_rgb_hsv/N131_sub11.faddsub_1/gateop, insts:9.
I: Infer CARRY group, base inst: u_rgb_hsv/N131_sub12.faddsub_1/gateop, insts:9.
I: Infer CARRY group, base inst: u_rgb_hsv/N132.eq_1/gateop, insts:6.
I: Infer CARRY group, base inst: u_rgb_hsv/N135_sub0.faddsub_2/gateop, insts:8.
I: Infer CARRY group, base inst: u_rgb_hsv/N135_sub1.faddsub_1/gateop, insts:9.
I: Infer CARRY group, base inst: u_rgb_hsv/N135_sub2.faddsub_1/gateop, insts:9.
I: Infer CARRY group, base inst: u_rgb_hsv/N135_sub3.faddsub_1/gateop, insts:9.
I: Infer CARRY group, base inst: u_rgb_hsv/N135_sub4.faddsub_1/gateop, insts:9.
I: Infer CARRY group, base inst: u_rgb_hsv/N135_sub5.faddsub_1/gateop, insts:9.
I: Infer CARRY group, base inst: u_rgb_hsv/N135_sub6.faddsub_1/gateop, insts:9.
I: Infer CARRY group, base inst: u_rgb_hsv/N135_sub7.faddsub_1/gateop, insts:9.
I: Infer CARRY group, base inst: u_rgb_hsv/N135_sub8.faddsub_1/gateop, insts:9.
I: Infer CARRY group, base inst: u_rgb_hsv/N135_sub9.faddsub_1/gateop, insts:9.
I: Infer CARRY group, base inst: u_rgb_hsv/N135_sub10.faddsub_1/gateop, insts:9.
I: Infer CARRY group, base inst: u_rgb_hsv/N135_sub11.faddsub_1/gateop, insts:9.
I: Infer CARRY group, base inst: u_rgb_hsv/N135_sub12.faddsub_1/gateop, insts:9.
I: Infer CARRY group, base inst: u_rgb_hsv/N135_sub13.faddsub_4/gateop, insts:6.
I: Infer CARRY group, base inst: u_rgb_hsv/N154_1.fsub_1/gateop, insts:9.
I: Infer CARRY group, base inst: u_rgb_hsv/N156.eq_1/gateop, insts:6.
I: Infer CARRY group, base inst: u_rgb_hsv/N167.lt_1/gateop, insts:6.
I: Infer CARRY group, base inst: u_rgb_hsv/N175_1.fsub_1/gateop, insts:8.
I: Infer CARRY group, base inst: u_rgb_hsv/N183.eq_1/gateop, insts:6.
I: Infer CARRY group, base inst: u_rgb_hsv/N194.lt_1/gateop, insts:6.
I: Infer CARRY group, base inst: u_rgb_hsv/N207_3_2/gateop, insts:8.
I: Infer CARRY group, base inst: u_rgb_hsv/N214.eq_1/gateop, insts:6.
I: Infer CARRY group, base inst: u_rgb_hsv/N225.lt_1/gateop, insts:6.
I: Infer CARRY group, base inst: u_rgb_hsv/N238_3_2/gateop, insts:8.
I: Infer CARRY group, base inst: u_rgb_hsv/N254_sub0.faddsub_2/gateop, insts:8.
I: Infer CARRY group, base inst: u_rgb_hsv/N254_sub1.faddsub_1/gateop, insts:9.
I: Infer CARRY group, base inst: u_rgb_hsv/N254_sub2.faddsub_1/gateop, insts:9.
I: Infer CARRY group, base inst: u_rgb_hsv/N254_sub3.faddsub_1/gateop, insts:9.
I: Infer CARRY group, base inst: u_rgb_hsv/N254_sub4.faddsub_1/gateop, insts:9.
I: Infer CARRY group, base inst: u_rgb_hsv/N254_sub5.faddsub_1/gateop, insts:9.
I: Infer CARRY group, base inst: u_rgb_hsv/N254_sub6.faddsub_1/gateop, insts:9.
I: Infer CARRY group, base inst: u_rgb_hsv/N254_sub7.faddsub_1/gateop, insts:9.
I: Infer CARRY group, base inst: u_rgb_hsv/N254_sub8.faddsub_1/gateop, insts:9.
I: Infer CARRY group, base inst: u_rgb_hsv/N254_sub9.faddsub_1/gateop, insts:9.
I: Infer CARRY group, base inst: u_rgb_hsv/N254_sub10.faddsub_1/gateop, insts:9.
I: Infer CARRY group, base inst: u_rgb_hsv/N254_sub11.faddsub_1/gateop, insts:9.
I: Infer CARRY group, base inst: u_rgb_hsv/N254_sub12.faddsub_1/gateop, insts:9.
I: Infer CARRY group, base inst: u_rgb_hsv/N254_sub13.faddsub_1/gateop, insts:9.
I: Infer CARRY group, base inst: u_rgb_hsv/N254_sub14.faddsub_1/gateop, insts:9.
I: Infer CARRY group, base inst: u_rgb_hsv/N254_sub15.faddsub_4/gateop, insts:6.
I: Infer CARRY group, base inst: coms1_reg_config/u1/N37_1_1/gateop, insts:5.
I: Infer CARRY group, base inst: coms2_reg_config/u1/N37_1_1/gateop, insts:5.
I: Infer CARRY group, base inst: frame_buf/rd_buf/N13_1_1/gateop, insts:11.
I: Infer CARRY group, base inst: frame_buf/rd_buf/N19_1_0/gateop, insts:2.
I: Infer CARRY group, base inst: frame_buf/rd_buf/N68_1_1/gateop, insts:8.
I: Infer CARRY group, base inst: frame_buf/rd_buf/N166_8_1/gateop, insts:14.
I: Infer CARRY group, base inst: frame_buf/rd_buf/N179_10_1/gateop, insts:11.
I: Infer CARRY group, base inst: frame_buf/wr_buf_1/N16_1_1/gateop, insts:11.
I: Infer CARRY group, base inst: frame_buf/wr_buf_1/N22_1_1/gateop, insts:11.
I: Infer CARRY group, base inst: frame_buf/wr_buf_1/N71_1_1/gateop, insts:14.
I: Infer CARRY group, base inst: frame_buf/wr_buf_1/N82_8/gateop, insts:21.
I: Infer CARRY group, base inst: frame_buf/wr_buf_1/N100_4_1/gateop, insts:8.
I: Infer CARRY group, base inst: frame_buf/wr_buf_2/N16_1_1/gateop, insts:11.
I: Infer CARRY group, base inst: frame_buf/wr_buf_2/N22_1_1/gateop, insts:11.
I: Infer CARRY group, base inst: frame_buf/wr_buf_2/N71_1_1/gateop, insts:14.
I: Infer CARRY group, base inst: frame_buf/wr_buf_2/N82_8/gateop, insts:21.
I: Infer CARRY group, base inst: frame_buf/wr_buf_2/N100_4_1/gateop, insts:8.
I: Infer CARRY group, base inst: frame_buf/wr_buf_3/N16_1_1/gateop, insts:11.
I: Infer CARRY group, base inst: frame_buf/wr_buf_3/N22_1_1/gateop, insts:11.
I: Infer CARRY group, base inst: frame_buf/wr_buf_3/N71_1_1/gateop, insts:14.
I: Infer CARRY group, base inst: frame_buf/wr_buf_3/N82_8/gateop, insts:21.
I: Infer CARRY group, base inst: frame_buf/wr_buf_3/N100_4_1/gateop, insts:8.
I: Infer CARRY group, base inst: frame_buf/wr_buf_4/N16_1_1/gateop, insts:11.
I: Infer CARRY group, base inst: frame_buf/wr_buf_4/N22_1_1/gateop, insts:11.
I: Infer CARRY group, base inst: frame_buf/wr_buf_4/N71_1_1/gateop, insts:14.
I: Infer CARRY group, base inst: frame_buf/wr_buf_4/N82_0/gateop, insts:22.
I: Infer CARRY group, base inst: frame_buf/wr_buf_4/N100_4_1/gateop, insts:8.
I: Infer CARRY group, base inst: ms72xx_ctl/iic_dri_rx/N136.lt_0/gateop, insts:2.
I: Infer CARRY group, base inst: ms72xx_ctl/iic_dri_tx/N136.lt_0/gateop, insts:2.
I: Infer CARRY group, base inst: ms72xx_ctl/ms7200_ctl/N101_1_1/gateop, insts:8.
I: Infer CARRY group, base inst: ms72xx_ctl/ms7200_ctl/N224_1_0/gateop, insts:9.
I: Infer CARRY group, base inst: ms72xx_ctl/ms7210_ctl/N98_1_1/gateop, insts:21.
I: Infer CARRY group, base inst: ms72xx_ctl/ms7210_ctl/N156_1_0/gateop, insts:6.
I: Infer CARRY group, base inst: scaler_1/ram_fifo_ctrl_inst/N1_1_1/gateop, insts:10.
I: Infer CARRY group, base inst: scaler_1/ram_fifo_ctrl_inst/N13_3_1/gateop, insts:11.
I: Infer CARRY group, base inst: scaler_1/ram_fifo_ctrl_inst/N23_1_1/gateop, insts:9.
I: Infer CARRY group, base inst: scaler_1/ram_fifo_ctrl_inst/N47_4_1/gateop, insts:10.
I: Infer CARRY group, base inst: scaler_1/ram_fifo_ctrl_inst/N52.lt_0/gateop, insts:6.
I: Infer CARRY group, base inst: scaler_1/ram_fifo_ctrl_inst/N62.eq_0/gateop, insts:6.
I: Infer CARRY group, base inst: scaler_1/ram_fifo_ctrl_inst/N63.lt_0/gateop, insts:6.
I: Infer CARRY group, base inst: scaler_1/u_calculator/N20.eq_0/gateop, insts:6.
I: Infer CARRY group, base inst: scaler_1/u_calculator/N38_1.fsub_1/gateop, insts:10.
I: Infer CARRY group, base inst: scaler_1/u_calculator/N44_1_0/gateop, insts:11.
I: Infer CARRY group, base inst: scaler_1/u_calculator/N56_1.fsub_1/gateop, insts:10.
I: Infer CARRY group, base inst: scaler_1/u_calculator/N71_2_0/gateop, insts:11.
I: Infer CARRY group, base inst: scaler_1/u_calculator/N81.eq_0/gateop, insts:6.
I: Infer CARRY group, base inst: scaler_1/u_calculator/N101_1.fsub_1/gateop, insts:9.
I: Infer CARRY group, base inst: scaler_1/u_calculator/N102.lt_0/gateop, insts:7.
I: Infer CARRY group, base inst: scaler_1/u_calculator/N114_1.fsub_1/gateop, insts:11.
I: Infer CARRY group, base inst: scaler_1/u_calculator/N115.lt_0/gateop, insts:7.
I: Infer CARRY group, base inst: scaler_1/u_calculator/N124_1_1/gateop, insts:11.
I: Infer CARRY group, base inst: scaler_1/u_rfifo/N5_3_1/gateop, insts:11.
I: Infer CARRY group, base inst: scaler_2/ram_fifo_ctrl_inst/N1_1_1/gateop, insts:10.
I: Infer CARRY group, base inst: scaler_2/ram_fifo_ctrl_inst/N13_3_1/gateop, insts:11.
I: Infer CARRY group, base inst: scaler_2/ram_fifo_ctrl_inst/N23_1_1/gateop, insts:9.
I: Infer CARRY group, base inst: scaler_2/ram_fifo_ctrl_inst/N47_4_1/gateop, insts:10.
I: Infer CARRY group, base inst: scaler_2/ram_fifo_ctrl_inst/N52.lt_0/gateop, insts:6.
I: Infer CARRY group, base inst: scaler_2/ram_fifo_ctrl_inst/N62.eq_0/gateop, insts:6.
I: Infer CARRY group, base inst: scaler_2/ram_fifo_ctrl_inst/N63.lt_0/gateop, insts:6.
I: Infer CARRY group, base inst: scaler_2/u_calculator/N20.eq_0/gateop, insts:6.
I: Infer CARRY group, base inst: scaler_2/u_calculator/N46_1.fsub_1/gateop, insts:10.
I: Infer CARRY group, base inst: scaler_2/u_calculator/N61_2_0/gateop, insts:11.
I: Infer CARRY group, base inst: scaler_2/u_calculator/N90.lt_0/gateop, insts:6.
I: Infer CARRY group, base inst: scaler_2/u_calculator/N148_4_1/gateop, insts:10.
I: Infer CARRY group, base inst: scaler_2/u_rfifo/N5_3_1/gateop, insts:11.
I: Infer CARRY group, base inst: scaler_3/ram_fifo_ctrl_inst/N1_1_1/gateop, insts:10.
I: Infer CARRY group, base inst: scaler_3/ram_fifo_ctrl_inst/N13_3_1/gateop, insts:11.
I: Infer CARRY group, base inst: scaler_3/ram_fifo_ctrl_inst/N23_1_1/gateop, insts:9.
I: Infer CARRY group, base inst: scaler_3/ram_fifo_ctrl_inst/N47_4_1/gateop, insts:10.
I: Infer CARRY group, base inst: scaler_3/ram_fifo_ctrl_inst/N52.lt_0/gateop, insts:6.
I: Infer CARRY group, base inst: scaler_3/ram_fifo_ctrl_inst/N62.eq_0/gateop, insts:6.
I: Infer CARRY group, base inst: scaler_3/ram_fifo_ctrl_inst/N63.lt_0/gateop, insts:6.
I: Infer CARRY group, base inst: scaler_3/u_calculator/N20.eq_0/gateop, insts:6.
I: Infer CARRY group, base inst: scaler_3/u_calculator/N26_1.fsub_1/gateop, insts:11.
I: Infer CARRY group, base inst: scaler_3/u_calculator/N27.eq_0/gateop, insts:7.
I: Infer CARRY group, base inst: scaler_3/u_calculator/N56_1.fsub_1/gateop, insts:10.
I: Infer CARRY group, base inst: scaler_3/u_calculator/N62_1_0/gateop, insts:11.
I: Infer CARRY group, base inst: scaler_3/u_calculator/N78_4_1/gateop, insts:10.
I: Infer CARRY group, base inst: scaler_3/u_calculator/N88.eq_0/gateop, insts:6.
I: Infer CARRY group, base inst: scaler_3/u_calculator/N108_1.fsub_1/gateop, insts:9.
I: Infer CARRY group, base inst: scaler_3/u_calculator/N109.lt_0/gateop, insts:7.
I: Infer CARRY group, base inst: scaler_3/u_calculator/N121_1.fsub_1/gateop, insts:11.
I: Infer CARRY group, base inst: scaler_3/u_calculator/N122.lt_0/gateop, insts:7.
I: Infer CARRY group, base inst: scaler_3/u_calculator/N131_1_1/gateop, insts:11.
I: Infer CARRY group, base inst: scaler_3/u_rfifo/N5_3_1/gateop, insts:11.
I: Infer CARRY group, base inst: scaler_4/ram_fifo_ctrl_inst/N1_1_1/gateop, insts:10.
I: Infer CARRY group, base inst: scaler_4/ram_fifo_ctrl_inst/N13_3_1/gateop, insts:11.
I: Infer CARRY group, base inst: scaler_4/ram_fifo_ctrl_inst/N23_1_1/gateop, insts:9.
I: Infer CARRY group, base inst: scaler_4/ram_fifo_ctrl_inst/N47_4_1/gateop, insts:10.
I: Infer CARRY group, base inst: scaler_4/ram_fifo_ctrl_inst/N52.lt_0/gateop, insts:6.
I: Infer CARRY group, base inst: scaler_4/ram_fifo_ctrl_inst/N62.eq_0/gateop, insts:6.
I: Infer CARRY group, base inst: scaler_4/ram_fifo_ctrl_inst/N63.lt_0/gateop, insts:6.
I: Infer CARRY group, base inst: scaler_4/u_calculator/N20.eq_0/gateop, insts:6.
I: Infer CARRY group, base inst: scaler_4/u_calculator/N26_1.fsub_1/gateop, insts:11.
I: Infer CARRY group, base inst: scaler_4/u_calculator/N27.eq_0/gateop, insts:7.
I: Infer CARRY group, base inst: scaler_4/u_calculator/N68_4_1/gateop, insts:10.
I: Infer CARRY group, base inst: scaler_4/u_calculator/N97.lt_0/gateop, insts:6.
I: Infer CARRY group, base inst: scaler_4/u_calculator/N154_4_1/gateop, insts:10.
I: Infer CARRY group, base inst: scaler_4/u_rfifo/N5_3_1/gateop, insts:11.
I: Infer CARRY group, base inst: u_top_sd_rw/u_data_gen/N63_1_1/gateop, insts:6.
I: Infer CARRY group, base inst: u_top_sd_rw/u_data_gen/N147_5_1/gateop, insts:16.
I: Infer CARRY group, base inst: u_top_sd_rw/u_data_gen/N147_6.fsub_1/gateop, insts:18.
I: Infer CARRY group, base inst: u_top_sd_rw/u_data_gen/N152_1_1/gateop, insts:15.
I: Infer CARRY group, base inst: u_top_sd_rw/u_data_gen/N249_1_1/gateop, insts:9.
I: Infer CARRY group, base inst: u_top_sd_rw/u_data_gen/N275_0_4/gateop, insts:10.
I: Infer CARRY group, base inst: u_top_sd_rw/u_data_gen/N275_1_2/gateop, insts:12.
I: Infer CARRY group, base inst: u_top_sd_rw/u_data_gen/N277_1_1/gateop, insts:15.
I: Infer CARRY group, base inst: u_top_sd_rw/u_data_gen/N36989_6_1/gateop, insts:12.
I: Infer CARRY group, base inst: frame_buf/wr_rd_ctrl_top/wr_cmd_trans/N42_1_0/gateop, insts:12.
I: Infer CARRY group, base inst: frame_buf/wr_rd_ctrl_top/wr_cmd_trans/N86_2_1/gateop, insts:25.
I: Infer CARRY group, base inst: frame_buf/wr_rd_ctrl_top/wr_cmd_trans/N150_1_1/gateop, insts:15.
I: Infer CARRY group, base inst: frame_buf/wr_rd_ctrl_top/wr_cmd_trans/N192_1_1/gateop, insts:11.
I: Infer CARRY group, base inst: frame_buf/wr_rd_ctrl_top/wr_cmd_trans/N227_2_1/gateop, insts:25.
I: Infer CARRY group, base inst: scale_fifo_inst/U_ipml_fifo_scale_fifo/U_ipml_fifo_ctrl/N2_1/gateop, insts:12.
I: Infer CARRY group, base inst: scale_fifo_inst/U_ipml_fifo_scale_fifo/U_ipml_fifo_ctrl/N84_1_1/gateop, insts:11.
I: Infer CARRY group, base inst: scale_fifo_inst/U_ipml_fifo_scale_fifo/U_ipml_fifo_ctrl/N167.eq_0/gateop, insts:6.
I: Infer CARRY group, base inst: scale_fifo_inst/U_ipml_fifo_scale_fifo/U_ipml_fifo_ctrl/N170.eq_0/gateop, insts:6.
I: Infer CARRY group, base inst: scale_fifo_inst_2/U_ipml_fifo_scale_fifo/U_ipml_fifo_ctrl/N2_1/gateop, insts:12.
I: Infer CARRY group, base inst: scale_fifo_inst_2/U_ipml_fifo_scale_fifo/U_ipml_fifo_ctrl/N84_1_1/gateop, insts:11.
I: Infer CARRY group, base inst: scale_fifo_inst_2/U_ipml_fifo_scale_fifo/U_ipml_fifo_ctrl/N167.eq_0/gateop, insts:6.
I: Infer CARRY group, base inst: scale_fifo_inst_2/U_ipml_fifo_scale_fifo/U_ipml_fifo_ctrl/N170.eq_0/gateop, insts:6.
I: Infer CARRY group, base inst: scale_fifo_inst_3/U_ipml_fifo_scale_fifo/U_ipml_fifo_ctrl/N2_1/gateop, insts:12.
I: Infer CARRY group, base inst: scale_fifo_inst_3/U_ipml_fifo_scale_fifo/U_ipml_fifo_ctrl/N84_1_1/gateop, insts:11.
I: Infer CARRY group, base inst: scale_fifo_inst_3/U_ipml_fifo_scale_fifo/U_ipml_fifo_ctrl/N167.eq_0/gateop, insts:6.
I: Infer CARRY group, base inst: scale_fifo_inst_3/U_ipml_fifo_scale_fifo/U_ipml_fifo_ctrl/N170.eq_0/gateop, insts:6.
I: Infer CARRY group, base inst: scale_fifo_inst_4/U_ipml_fifo_scale_fifo/U_ipml_fifo_ctrl/N2_1/gateop, insts:12.
I: Infer CARRY group, base inst: scale_fifo_inst_4/U_ipml_fifo_scale_fifo/U_ipml_fifo_ctrl/N84_1_1/gateop, insts:11.
I: Infer CARRY group, base inst: scale_fifo_inst_4/U_ipml_fifo_scale_fifo/U_ipml_fifo_ctrl/N167.eq_0/gateop, insts:6.
I: Infer CARRY group, base inst: scale_fifo_inst_4/U_ipml_fifo_scale_fifo/U_ipml_fifo_ctrl/N170.eq_0/gateop, insts:6.
I: Infer CARRY group, base inst: u_DDR3_50H/u_ddrphy_top/ddrphy_info/mc_al_6.fsub_1/gateop, insts:4.
I: Infer CARRY group, base inst: u_DDR3_50H/u_ddrphy_top/ddrphy_info/mc_rl_1/gateop, insts:5.
I: Infer CARRY group, base inst: u_DDR3_50H/u_ddrphy_top/ddrphy_info/mc_wl_0/gateop, insts:6.
I: Infer CARRY group, base inst: u_DDR3_50H/u_ddrphy_top/ddrphy_reset_ctrl/N29_1_1/gateop, insts:7.
I: Infer CARRY group, base inst: u_DDR3_50H/u_ddrphy_top/ddrphy_slice_top/N48_1_0/gateop, insts:8.
I: Infer CARRY group, base inst: u_DDR3_50H/u_ipsxb_ddrc_top/mcdq_ui_axi/N59_1_1/gateop, insts:4.
I: Infer CARRY group, base inst: u_DDR3_50H/u_ipsxb_ddrc_top/mcdq_ui_axi/N69_2_1/gateop, insts:25.
I: Infer CARRY group, base inst: u_DDR3_50H/u_ipsxb_ddrc_top/mcdq_ui_axi/N185.eq_0/gateop, insts:8.
I: Infer CARRY group, base inst: u_DDR3_50H/u_ipsxb_ddrc_top/mcdq_ui_axi/column_addr_end_1_2/gateop, insts:6.
I: Infer CARRY group, base inst: u_top_sd_rw/ethernet_test/eth_udp_test/N110.eq_0/gateop, insts:5.
I: Infer CARRY group, base inst: u_top_sd_rw/ethernet_test/eth_udp_test/N127_1_1/gateop, insts:31.
I: Infer CARRY group, base inst: u_top_sd_rw/ethernet_test/eth_udp_test/N139.eq_0/gateop, insts:8.
I: Infer CARRY group, base inst: u_top_sd_rw/ethernet_test/eth_udp_test/N150_1.fsub_1/gateop, insts:10.
I: Infer CARRY group, base inst: u_top_sd_rw/ethernet_test/eth_udp_test/N152_1_1/gateop, insts:15.
I: Infer CARRY group, base inst: u_top_sd_rw/u_sd_ctrl_top/u_sd_init/N9_1_1/gateop, insts:6.
I: Infer CARRY group, base inst: u_top_sd_rw/u_sd_ctrl_top/u_sd_init/N22_1_1/gateop, insts:12.
I: Infer CARRY group, base inst: u_top_sd_rw/u_sd_ctrl_top/u_sd_init/N35_1_1/gateop, insts:5.
I: Infer CARRY group, base inst: u_top_sd_rw/u_sd_ctrl_top/u_sd_init/N126_1_1/gateop, insts:5.
I: Infer CARRY group, base inst: u_top_sd_rw/u_sd_ctrl_top/u_sd_init/N138_1_1/gateop, insts:15.
I: Infer CARRY group, base inst: u_top_sd_rw/u_sd_ctrl_top/u_sd_read/N13_1_1/gateop, insts:5.
I: Infer CARRY group, base inst: u_top_sd_rw/u_sd_ctrl_top/u_sd_read/N49_1_1/gateop, insts:8.
I: Infer CARRY group, base inst: u_top_sd_rw/u_sd_ctrl_top/u_sd_read/N112_1_1/gateop, insts:5.
I: Infer CARRY group, base inst: u_DDR3_50H/u_ddrphy_top/ddrphy_calib_top/ddrphy_init/N3_1_1/gateop, insts:15.
I: Infer CARRY group, base inst: u_DDR3_50H/u_ddrphy_top/ddrphy_calib_top/ddrphy_init/N23_1_1/gateop, insts:15.
I: Infer CARRY group, base inst: u_DDR3_50H/u_ddrphy_top/ddrphy_calib_top/ddrphy_init/N41_1_1/gateop, insts:7.
I: Infer CARRY group, base inst: u_DDR3_50H/u_ddrphy_top/ddrphy_calib_top/ddrphy_init/N79_1_1/gateop, insts:9.
I: Infer CARRY group, base inst: u_DDR3_50H/u_ddrphy_top/ddrphy_calib_top/ddrphy_wrlvl/N8_1_1/gateop, insts:7.
I: Infer CARRY group, base inst: u_DDR3_50H/u_ddrphy_top/ddrphy_calib_top/rdcal/N33_1_1/gateop, insts:17.
I: Infer CARRY group, base inst: u_DDR3_50H/u_ddrphy_top/ddrphy_reset_ctrl/ddrphy_pll_lock_debounce/N11_1_1/gateop, insts:18.
I: Infer CARRY group, base inst: u_DDR3_50H/u_ipsxb_ddrc_top/mcdq_dcd_top/mcdq_dcd_bm/N37_1_1/gateop, insts:12.
I: Infer CARRY group, base inst: u_DDR3_50H/u_ipsxb_ddrc_top/mcdq_dcd_top/mcdq_dcd_sm/N162_6_0[9:0]/gateop, insts:8.
I: Infer CARRY group, base inst: u_DDR3_50H/u_ipsxb_ddrc_top/mcdq_dcp_top/mcdq_dcp_buf/N46_1_1/gateop, insts:6.
I: Infer CARRY group, base inst: u_DDR3_50H/u_ddrphy_top/ddrphy_slice_top/i_dqs_group[0].u_ddrphy_data_slice/data_slice_wrlvl/N102_1_0/gateop, insts:8.
I: Infer CARRY group, base inst: u_DDR3_50H/u_ddrphy_top/ddrphy_slice_top/i_dqs_group[0].u_ddrphy_data_slice/data_slice_wrlvl/N104_1_1/gateop, insts:7.
I: Infer CARRY group, base inst: u_DDR3_50H/u_ddrphy_top/ddrphy_slice_top/i_dqs_group[0].u_ddrphy_data_slice/data_slice_wrlvl/N201_1_1/gateop, insts:7.
I: Infer CARRY group, base inst: u_DDR3_50H/u_ddrphy_top/ddrphy_slice_top/i_dqs_group[0].u_ddrphy_data_slice/dqsi_rdel_cal/N28_1.fsub_1/gateop, insts:6.
I: Infer CARRY group, base inst: u_DDR3_50H/u_ddrphy_top/ddrphy_slice_top/i_dqs_group[0].u_ddrphy_data_slice/dqsi_rdel_cal/N33_1_1/gateop, insts:7.
I: Infer CARRY group, base inst: u_DDR3_50H/u_ddrphy_top/ddrphy_slice_top/i_dqs_group[0].u_ddrphy_data_slice/dqsi_rdel_cal/N43_1.fsub_1/gateop, insts:7.
I: Infer CARRY group, base inst: u_DDR3_50H/u_ddrphy_top/ddrphy_slice_top/i_dqs_group[0].u_ddrphy_data_slice/dqsi_rdel_cal/N53.eq_0/gateop, insts:4.
I: Infer CARRY group, base inst: u_DDR3_50H/u_ddrphy_top/ddrphy_slice_top/i_dqs_group[0].u_ddrphy_data_slice/dqsi_rdel_cal/N85_1/gateop, insts:8.
I: Infer CARRY group, base inst: u_DDR3_50H/u_ddrphy_top/ddrphy_slice_top/i_dqs_group[0].u_ddrphy_data_slice/dqsi_rdel_cal/N104_1_1/gateop, insts:9.
I: Infer CARRY group, base inst: u_DDR3_50H/u_ddrphy_top/ddrphy_slice_top/i_dqs_group[0].u_ddrphy_data_slice/dqsi_rdel_cal/N108.eq_0/gateop, insts:5.
I: Infer CARRY group, base inst: u_DDR3_50H/u_ddrphy_top/ddrphy_slice_top/i_dqs_group[0].u_ddrphy_data_slice/dqsi_rdel_cal/N167.eq_0/gateop, insts:5.
I: Infer CARRY group, base inst: u_DDR3_50H/u_ddrphy_top/ddrphy_slice_top/i_dqs_group[0].u_ddrphy_data_slice/dqsi_rdel_cal/N264_1_0/gateop, insts:8.
I: Infer CARRY group, base inst: u_DDR3_50H/u_ddrphy_top/ddrphy_slice_top/i_dqs_group[0].u_ddrphy_data_slice/dqsi_rdel_cal/N280_1_0/gateop, insts:8.
I: Infer CARRY group, base inst: u_DDR3_50H/u_ddrphy_top/ddrphy_slice_top/i_dqs_group[0].u_ddrphy_data_slice/dqsi_rdel_cal/N285_1_1/gateop, insts:9.
I: Infer CARRY group, base inst: u_DDR3_50H/u_ddrphy_top/ddrphy_slice_top/i_dqs_group[1].u_ddrphy_data_slice/data_slice_wrlvl/N102_1_0/gateop, insts:8.
I: Infer CARRY group, base inst: u_DDR3_50H/u_ddrphy_top/ddrphy_slice_top/i_dqs_group[1].u_ddrphy_data_slice/data_slice_wrlvl/N104_1_1/gateop, insts:7.
I: Infer CARRY group, base inst: u_DDR3_50H/u_ddrphy_top/ddrphy_slice_top/i_dqs_group[1].u_ddrphy_data_slice/data_slice_wrlvl/N201_1_1/gateop, insts:7.
I: Infer CARRY group, base inst: u_DDR3_50H/u_ddrphy_top/ddrphy_slice_top/i_dqs_group[1].u_ddrphy_data_slice/dqsi_rdel_cal/N28_1.fsub_1/gateop, insts:6.
I: Infer CARRY group, base inst: u_DDR3_50H/u_ddrphy_top/ddrphy_slice_top/i_dqs_group[1].u_ddrphy_data_slice/dqsi_rdel_cal/N33_1_1/gateop, insts:7.
I: Infer CARRY group, base inst: u_DDR3_50H/u_ddrphy_top/ddrphy_slice_top/i_dqs_group[1].u_ddrphy_data_slice/dqsi_rdel_cal/N43_1.fsub_1/gateop, insts:7.
I: Infer CARRY group, base inst: u_DDR3_50H/u_ddrphy_top/ddrphy_slice_top/i_dqs_group[1].u_ddrphy_data_slice/dqsi_rdel_cal/N53.eq_0/gateop, insts:4.
I: Infer CARRY group, base inst: u_DDR3_50H/u_ddrphy_top/ddrphy_slice_top/i_dqs_group[1].u_ddrphy_data_slice/dqsi_rdel_cal/N85_1/gateop, insts:8.
I: Infer CARRY group, base inst: u_DDR3_50H/u_ddrphy_top/ddrphy_slice_top/i_dqs_group[1].u_ddrphy_data_slice/dqsi_rdel_cal/N104_1_1/gateop, insts:9.
I: Infer CARRY group, base inst: u_DDR3_50H/u_ddrphy_top/ddrphy_slice_top/i_dqs_group[1].u_ddrphy_data_slice/dqsi_rdel_cal/N108.eq_0/gateop, insts:5.
I: Infer CARRY group, base inst: u_DDR3_50H/u_ddrphy_top/ddrphy_slice_top/i_dqs_group[1].u_ddrphy_data_slice/dqsi_rdel_cal/N167.eq_0/gateop, insts:5.
I: Infer CARRY group, base inst: u_DDR3_50H/u_ddrphy_top/ddrphy_slice_top/i_dqs_group[1].u_ddrphy_data_slice/dqsi_rdel_cal/N264_1_0/gateop, insts:8.
I: Infer CARRY group, base inst: u_DDR3_50H/u_ddrphy_top/ddrphy_slice_top/i_dqs_group[1].u_ddrphy_data_slice/dqsi_rdel_cal/N280_1_0/gateop, insts:8.
I: Infer CARRY group, base inst: u_DDR3_50H/u_ddrphy_top/ddrphy_slice_top/i_dqs_group[1].u_ddrphy_data_slice/dqsi_rdel_cal/N285_1_1/gateop, insts:9.
I: Infer CARRY group, base inst: u_DDR3_50H/u_ddrphy_top/ddrphy_slice_top/i_dqs_group[2].u_ddrphy_data_slice/data_slice_wrlvl/N102_1_0/gateop, insts:8.
I: Infer CARRY group, base inst: u_DDR3_50H/u_ddrphy_top/ddrphy_slice_top/i_dqs_group[2].u_ddrphy_data_slice/data_slice_wrlvl/N104_1_1/gateop, insts:7.
I: Infer CARRY group, base inst: u_DDR3_50H/u_ddrphy_top/ddrphy_slice_top/i_dqs_group[2].u_ddrphy_data_slice/data_slice_wrlvl/N201_1_1/gateop, insts:7.
I: Infer CARRY group, base inst: u_DDR3_50H/u_ddrphy_top/ddrphy_slice_top/i_dqs_group[2].u_ddrphy_data_slice/dqsi_rdel_cal/N85_1/gateop, insts:8.
I: Infer CARRY group, base inst: u_DDR3_50H/u_ddrphy_top/ddrphy_slice_top/i_dqs_group[2].u_ddrphy_data_slice/dqsi_rdel_cal/N104_1_1/gateop, insts:9.
I: Infer CARRY group, base inst: u_DDR3_50H/u_ddrphy_top/ddrphy_slice_top/i_dqs_group[2].u_ddrphy_data_slice/dqsi_rdel_cal/N108.eq_0/gateop, insts:5.
I: Infer CARRY group, base inst: u_DDR3_50H/u_ddrphy_top/ddrphy_slice_top/i_dqs_group[2].u_ddrphy_data_slice/dqsi_rdel_cal/N167.eq_0/gateop, insts:5.
I: Infer CARRY group, base inst: u_DDR3_50H/u_ddrphy_top/ddrphy_slice_top/i_dqs_group[2].u_ddrphy_data_slice/dqsi_rdel_cal/N264_1_0/gateop, insts:8.
I: Infer CARRY group, base inst: u_DDR3_50H/u_ddrphy_top/ddrphy_slice_top/i_dqs_group[2].u_ddrphy_data_slice/dqsi_rdel_cal/N280_1_0/gateop, insts:8.
I: Infer CARRY group, base inst: u_DDR3_50H/u_ddrphy_top/ddrphy_slice_top/i_dqs_group[2].u_ddrphy_data_slice/dqsi_rdel_cal/N285_1_1/gateop, insts:9.
I: Infer CARRY group, base inst: u_DDR3_50H/u_ddrphy_top/ddrphy_slice_top/i_dqs_group[3].u_ddrphy_data_slice/data_slice_wrlvl/N102_1_0/gateop, insts:8.
I: Infer CARRY group, base inst: u_DDR3_50H/u_ddrphy_top/ddrphy_slice_top/i_dqs_group[3].u_ddrphy_data_slice/data_slice_wrlvl/N104_1_1/gateop, insts:7.
I: Infer CARRY group, base inst: u_DDR3_50H/u_ddrphy_top/ddrphy_slice_top/i_dqs_group[3].u_ddrphy_data_slice/data_slice_wrlvl/N201_1_1/gateop, insts:7.
I: Infer CARRY group, base inst: u_DDR3_50H/u_ddrphy_top/ddrphy_slice_top/i_dqs_group[3].u_ddrphy_data_slice/dqsi_rdel_cal/N85_1/gateop, insts:8.
I: Infer CARRY group, base inst: u_DDR3_50H/u_ddrphy_top/ddrphy_slice_top/i_dqs_group[3].u_ddrphy_data_slice/dqsi_rdel_cal/N104_1_1/gateop, insts:9.
I: Infer CARRY group, base inst: u_DDR3_50H/u_ddrphy_top/ddrphy_slice_top/i_dqs_group[3].u_ddrphy_data_slice/dqsi_rdel_cal/N108.eq_0/gateop, insts:5.
I: Infer CARRY group, base inst: u_DDR3_50H/u_ddrphy_top/ddrphy_slice_top/i_dqs_group[3].u_ddrphy_data_slice/dqsi_rdel_cal/N167.eq_0/gateop, insts:5.
I: Infer CARRY group, base inst: u_DDR3_50H/u_ddrphy_top/ddrphy_slice_top/i_dqs_group[3].u_ddrphy_data_slice/dqsi_rdel_cal/N264_1_0/gateop, insts:8.
I: Infer CARRY group, base inst: u_DDR3_50H/u_ddrphy_top/ddrphy_slice_top/i_dqs_group[3].u_ddrphy_data_slice/dqsi_rdel_cal/N280_1_0/gateop, insts:8.
I: Infer CARRY group, base inst: u_DDR3_50H/u_ddrphy_top/ddrphy_slice_top/i_dqs_group[3].u_ddrphy_data_slice/dqsi_rdel_cal/N285_1_1/gateop, insts:9.
I: Infer CARRY group, base inst: u_DDR3_50H/u_ipsxb_ddrc_top/mcdq_dcp_top/mcdq_dcp_back_ctrl/timing_act_pass/N31.lt_0/gateop, insts:4.
I: Infer CARRY group, base inst: u_DDR3_50H/u_ipsxb_ddrc_top/mcdq_dcp_top/mcdq_dcp_back_ctrl/timing_ref_pass/N27.lt_1/gateop, insts:3.
I: Infer CARRY group, base inst: u_DDR3_50H/u_ddrphy_top/ddrphy_slice_top/i_dqs_group[0].u_ddrphy_data_slice/data_slice_dqs_gate_cal/gatecal/N81_1_0/gateop, insts:6.
I: Infer CARRY group, base inst: u_DDR3_50H/u_ddrphy_top/ddrphy_slice_top/i_dqs_group[0].u_ddrphy_data_slice/data_slice_dqs_gate_cal/gatecal/N389_8.fsub_1/gateop, insts:5.
I: Infer CARRY group, base inst: u_DDR3_50H/u_ddrphy_top/ddrphy_slice_top/i_dqs_group[1].u_ddrphy_data_slice/data_slice_dqs_gate_cal/gatecal/N81_1_0/gateop, insts:6.
I: Infer CARRY group, base inst: u_DDR3_50H/u_ddrphy_top/ddrphy_slice_top/i_dqs_group[1].u_ddrphy_data_slice/data_slice_dqs_gate_cal/gatecal/N389_8.fsub_1/gateop, insts:5.
I: Infer CARRY group, base inst: u_DDR3_50H/u_ddrphy_top/ddrphy_slice_top/i_dqs_group[2].u_ddrphy_data_slice/data_slice_dqs_gate_cal/gatecal/N81_1_0/gateop, insts:6.
I: Infer CARRY group, base inst: u_DDR3_50H/u_ddrphy_top/ddrphy_slice_top/i_dqs_group[2].u_ddrphy_data_slice/data_slice_dqs_gate_cal/gatecal/N389_8.fsub_1/gateop, insts:5.
I: Infer CARRY group, base inst: u_DDR3_50H/u_ddrphy_top/ddrphy_slice_top/i_dqs_group[3].u_ddrphy_data_slice/data_slice_dqs_gate_cal/gatecal/N81_1_0/gateop, insts:6.
I: Infer CARRY group, base inst: u_DDR3_50H/u_ddrphy_top/ddrphy_slice_top/i_dqs_group[3].u_ddrphy_data_slice/data_slice_dqs_gate_cal/gatecal/N389_8.fsub_1/gateop, insts:5.
I: Infer CARRY group, base inst: u_DDR3_50H/u_ipsxb_ddrc_top/mcdq_wdatapath/ipsxb_distributed_fifo/u_ipsxb_distributed_fifo_distributed_fifo_v1_0/u_ipsxb_distributed_fifo_ctr/N2_1/gateop, insts:5.
I: Infer CARRY group, base inst: u_DDR3_50H/u_ipsxb_ddrc_top/mcdq_wdatapath/ipsxb_distributed_fifo/u_ipsxb_distributed_fifo_distributed_fifo_v1_0/u_ipsxb_distributed_fifo_ctr/N9_1/gateop, insts:5.
I: Infer CARRY group, base inst: u_DDR3_50H/u_ipsxb_ddrc_top/mcdq_wdatapath/ipsxb_distributed_fifo/u_ipsxb_distributed_fifo_distributed_fifo_v1_0/u_ipsxb_distributed_fifo_ctr/N36.eq_0/gateop, insts:3.
I: Infer CARRY group, base inst: u_top_sd_rw/ethernet_test/eth_udp_test/u_sync_fifo_2048x8b/U_ipml_fifo_sync_fifo_2048x8b/U_ipml_fifo_ctrl/N2_1/gateop, insts:12.
I: Infer CARRY group, base inst: u_top_sd_rw/ethernet_test/eth_udp_test/u_sync_fifo_2048x8b/U_ipml_fifo_sync_fifo_2048x8b/U_ipml_fifo_ctrl/N11_1/gateop, insts:12.
I: Infer CARRY group, base inst: u_top_sd_rw/ethernet_test/eth_udp_test/u_sync_fifo_2048x8b/U_ipml_fifo_sync_fifo_2048x8b/U_ipml_fifo_ctrl/N21.eq_0/gateop, insts:6.
I: Infer CARRY group, base inst: u_top_sd_rw/ethernet_test/eth_udp_test/u_sync_fifo_2048x8b/U_ipml_fifo_sync_fifo_2048x8b/U_ipml_fifo_ctrl/N24.eq_0/gateop, insts:6.
I: Infer CARRY group, base inst: u_top_sd_rw/ethernet_test/eth_udp_test/udp_ip_mac_top/arp_mac_top_U1/arp_rx/N82_1_1/gateop, insts:7.
I: Infer CARRY group, base inst: u_top_sd_rw/ethernet_test/eth_udp_test/udp_ip_mac_top/arp_mac_top_U1/arp_tx/N116_1_1/gateop, insts:15.
I: Infer CARRY group, base inst: u_top_sd_rw/ethernet_test/eth_udp_test/udp_ip_mac_top/arp_mac_top_U1/arp_tx/N149_1_1/gateop, insts:15.
I: Infer CARRY group, base inst: u_top_sd_rw/ethernet_test/eth_udp_test/udp_ip_mac_top/ip_layer/icmp/N15_1.fsub_1/gateop, insts:16.
I: Infer CARRY group, base inst: u_top_sd_rw/ethernet_test/eth_udp_test/udp_ip_mac_top/ip_layer/icmp/N16.eq_0/gateop, insts:9.
I: Infer CARRY group, base inst: u_top_sd_rw/ethernet_test/eth_udp_test/udp_ip_mac_top/ip_layer/icmp/N31_1.fsub_1/gateop, insts:15.
I: Infer CARRY group, base inst: u_top_sd_rw/ethernet_test/eth_udp_test/udp_ip_mac_top/ip_layer/icmp/N32.eq_0/gateop, insts:9.
I: Infer CARRY group, base inst: u_top_sd_rw/ethernet_test/eth_udp_test/udp_ip_mac_top/ip_layer/icmp/N101.eq_0/gateop, insts:8.
I: Infer CARRY group, base inst: u_top_sd_rw/ethernet_test/eth_udp_test/udp_ip_mac_top/ip_layer/icmp/N149.lt_0/gateop, insts:8.
I: Infer CARRY group, base inst: u_top_sd_rw/ethernet_test/eth_udp_test/udp_ip_mac_top/ip_layer/icmp/N168_1.fsub_1/gateop, insts:7.
I: Infer CARRY group, base inst: u_top_sd_rw/ethernet_test/eth_udp_test/udp_ip_mac_top/ip_layer/icmp/N176_1_1/gateop, insts:15.
I: Infer CARRY group, base inst: u_top_sd_rw/ethernet_test/eth_udp_test/udp_ip_mac_top/ip_layer/icmp/N200_1_1/gateop, insts:15.
I: Infer CARRY group, base inst: u_top_sd_rw/ethernet_test/eth_udp_test/udp_ip_mac_top/ip_layer/icmp/N282_1.fsub_1/gateop, insts:9.
I: Infer CARRY group, base inst: u_top_sd_rw/ethernet_test/eth_udp_test/udp_ip_mac_top/ip_layer/icmp/N664_3_0/gateop, insts:33.
I: Infer CARRY group, base inst: u_top_sd_rw/ethernet_test/eth_udp_test/udp_ip_mac_top/ip_layer/icmp/N675_3_0/gateop, insts:18.
I: Infer CARRY group, base inst: u_top_sd_rw/ethernet_test/eth_udp_test/udp_ip_mac_top/ip_layer/icmp/N706_3_0/gateop, insts:18.
I: Infer CARRY group, base inst: u_top_sd_rw/ethernet_test/eth_udp_test/udp_ip_mac_top/ip_layer/icmp/N737_7_0/gateop, insts:33.
I: Infer CARRY group, base inst: u_top_sd_rw/ethernet_test/eth_udp_test/udp_ip_mac_top/ip_layer/ip_rx/N19.eq_0/gateop, insts:9.
I: Infer CARRY group, base inst: u_top_sd_rw/ethernet_test/eth_udp_test/udp_ip_mac_top/ip_layer/ip_rx/N56_1.fsub_1/gateop, insts:16.
I: Infer CARRY group, base inst: u_top_sd_rw/ethernet_test/eth_udp_test/udp_ip_mac_top/ip_layer/ip_rx/N57.eq_0/gateop, insts:9.
I: Infer CARRY group, base inst: u_top_sd_rw/ethernet_test/eth_udp_test/udp_ip_mac_top/ip_layer/ip_rx/N87.eq_0/gateop, insts:9.
I: Infer CARRY group, base inst: u_top_sd_rw/ethernet_test/eth_udp_test/udp_ip_mac_top/ip_layer/ip_rx/N122_1.fsub_1/gateop, insts:14.
I: Infer CARRY group, base inst: u_top_sd_rw/ethernet_test/eth_udp_test/udp_ip_mac_top/ip_layer/ip_rx/N140_1_1/gateop, insts:15.
I: Infer CARRY group, base inst: u_top_sd_rw/ethernet_test/eth_udp_test/udp_ip_mac_top/ip_layer/ip_rx/N280_1/gateop, insts:32.
I: Infer CARRY group, base inst: u_top_sd_rw/ethernet_test/eth_udp_test/udp_ip_mac_top/ip_layer/ip_rx/N300_1_1/gateop, insts:16.
I: Infer CARRY group, base inst: u_top_sd_rw/ethernet_test/eth_udp_test/udp_ip_mac_top/ip_layer/ip_tx/N41_1_1/gateop, insts:15.
I: Infer CARRY group, base inst: u_top_sd_rw/ethernet_test/eth_udp_test/udp_ip_mac_top/ip_layer/ip_tx/N42.eq_0/gateop, insts:9.
I: Infer CARRY group, base inst: u_top_sd_rw/ethernet_test/eth_udp_test/udp_ip_mac_top/ip_layer/ip_tx/N82_1_1/gateop, insts:14.
I: Infer CARRY group, base inst: u_top_sd_rw/ethernet_test/eth_udp_test/udp_ip_mac_top/ip_layer/ip_tx/N83.eq_0/gateop, insts:9.
I: Infer CARRY group, base inst: u_top_sd_rw/ethernet_test/eth_udp_test/udp_ip_mac_top/ip_layer/ip_tx/N114_1_1/gateop, insts:15.
I: Infer CARRY group, base inst: u_top_sd_rw/ethernet_test/eth_udp_test/udp_ip_mac_top/ip_layer/ip_tx/N129_1_1/gateop, insts:15.
I: Infer CARRY group, base inst: u_top_sd_rw/ethernet_test/eth_udp_test/udp_ip_mac_top/ip_layer/ip_tx/N149_1_1/gateop, insts:15.
I: Infer CARRY group, base inst: u_top_sd_rw/ethernet_test/eth_udp_test/udp_ip_mac_top/ip_layer/ip_tx/N169_1_1/gateop, insts:8.
I: Infer CARRY group, base inst: u_top_sd_rw/ethernet_test/eth_udp_test/udp_ip_mac_top/ip_layer/ip_tx/N582_1/gateop, insts:16.
I: Infer CARRY group, base inst: u_top_sd_rw/ethernet_test/eth_udp_test/udp_ip_mac_top/ip_layer/ip_tx/N585_1/gateop, insts:17.
I: Infer CARRY group, base inst: u_top_sd_rw/ethernet_test/eth_udp_test/udp_ip_mac_top/ip_layer/ip_tx/N588_1/gateop, insts:20.
I: Infer CARRY group, base inst: u_top_sd_rw/ethernet_test/eth_udp_test/udp_ip_mac_top/ip_layer/ip_tx/N590_3/gateop, insts:17.
I: Infer CARRY group, base inst: u_top_sd_rw/ethernet_test/eth_udp_test/udp_ip_mac_top/ip_layer/ip_tx/N600_1/gateop, insts:18.
I: Infer CARRY group, base inst: u_top_sd_rw/ethernet_test/eth_udp_test/udp_ip_mac_top/ip_layer/ip_tx_mode/N51_1_1/gateop, insts:15.
I: Infer CARRY group, base inst: u_top_sd_rw/ethernet_test/eth_udp_test/udp_ip_mac_top/ip_layer/ip_tx_mode/N64_1_0/gateop, insts:14.
I: Infer CARRY group, base inst: u_top_sd_rw/ethernet_test/eth_udp_test/udp_ip_mac_top/udp_layer/udp_rx/N28_1.fsub_1/gateop, insts:16.
I: Infer CARRY group, base inst: u_top_sd_rw/ethernet_test/eth_udp_test/udp_ip_mac_top/udp_layer/udp_rx/N29.eq_0/gateop, insts:9.
I: Infer CARRY group, base inst: u_top_sd_rw/ethernet_test/eth_udp_test/udp_ip_mac_top/udp_layer/udp_rx/N84_1.fsub_1/gateop, insts:12.
I: Infer CARRY group, base inst: u_top_sd_rw/ethernet_test/eth_udp_test/udp_ip_mac_top/udp_layer/udp_rx/N96_1_1/gateop, insts:15.
I: Infer CARRY group, base inst: u_top_sd_rw/ethernet_test/eth_udp_test/udp_ip_mac_top/udp_layer/udp_rx/N103.lt_0/gateop, insts:8.
I: Infer CARRY group, base inst: u_top_sd_rw/ethernet_test/eth_udp_test/udp_ip_mac_top/udp_layer/udp_tx/N23_1.fsub_1/gateop, insts:12.
I: Infer CARRY group, base inst: u_top_sd_rw/ethernet_test/eth_udp_test/udp_ip_mac_top/udp_layer/udp_tx/N24.eq_0/gateop, insts:8.
I: Infer CARRY group, base inst: u_top_sd_rw/ethernet_test/eth_udp_test/udp_ip_mac_top/udp_layer/udp_tx/N41_1_1/gateop, insts:12.
I: Infer CARRY group, base inst: u_top_sd_rw/ethernet_test/eth_udp_test/udp_ip_mac_top/udp_layer/udp_tx/N95_1_1/gateop, insts:15.
I: Infer CARRY group, base inst: u_DDR3_50H/u_ipsxb_ddrc_top/mcdq_dcp_top/mcdq_dcp_buf/A_ipsxb_distributed_fifo/u_ipsxb_distributed_fifo_distributed_fifo_v1_0/u_ipsxb_distributed_fifo_ctr/N2_1/gateop, insts:5.
I: Infer CARRY group, base inst: u_DDR3_50H/u_ipsxb_ddrc_top/mcdq_dcp_top/mcdq_dcp_buf/A_ipsxb_distributed_fifo/u_ipsxb_distributed_fifo_distributed_fifo_v1_0/u_ipsxb_distributed_fifo_ctr/N9_1/gateop, insts:5.
I: Infer CARRY group, base inst: u_DDR3_50H/u_ipsxb_ddrc_top/mcdq_dcp_top/mcdq_dcp_buf/A_ipsxb_distributed_fifo/u_ipsxb_distributed_fifo_distributed_fifo_v1_0/u_ipsxb_distributed_fifo_ctr/N19.lt_0/gateop, insts:3.
I: Infer CARRY group, base inst: u_DDR3_50H/u_ipsxb_ddrc_top/mcdq_dcp_top/mcdq_dcp_buf/A_ipsxb_distributed_fifo/u_ipsxb_distributed_fifo_distributed_fifo_v1_0/u_ipsxb_distributed_fifo_ctr/N24_1.fsub_1/gateop, insts:6.
I: Infer CARRY group, base inst: u_DDR3_50H/u_ipsxb_ddrc_top/mcdq_dcp_top/mcdq_dcp_buf/A_ipsxb_distributed_fifo/u_ipsxb_distributed_fifo_distributed_fifo_v1_0/u_ipsxb_distributed_fifo_ctr/N30.fsub_1/gateop, insts:6.
I: Infer CARRY group, base inst: u_DDR3_50H/u_ipsxb_ddrc_top/mcdq_dcp_top/mcdq_dcp_buf/A_ipsxb_distributed_fifo/u_ipsxb_distributed_fifo_distributed_fifo_v1_0/u_ipsxb_distributed_fifo_ctr/N36.eq_0/gateop, insts:3.
I: Infer CARRY group, base inst: u_DDR3_50H/u_ipsxb_ddrc_top/mcdq_dcp_top/mcdq_dcp_buf/B_ipsxb_distributed_fifo/u_ipsxb_distributed_fifo_distributed_fifo_v1_0/u_ipsxb_distributed_fifo_ctr/N2_1/gateop, insts:5.
I: Infer CARRY group, base inst: u_DDR3_50H/u_ipsxb_ddrc_top/mcdq_dcp_top/mcdq_dcp_buf/B_ipsxb_distributed_fifo/u_ipsxb_distributed_fifo_distributed_fifo_v1_0/u_ipsxb_distributed_fifo_ctr/N9_1/gateop, insts:5.
I: Infer CARRY group, base inst: u_DDR3_50H/u_ipsxb_ddrc_top/mcdq_dcp_top/mcdq_dcp_buf/B_ipsxb_distributed_fifo/u_ipsxb_distributed_fifo_distributed_fifo_v1_0/u_ipsxb_distributed_fifo_ctr/N19.lt_0/gateop, insts:3.
I: Infer CARRY group, base inst: u_DDR3_50H/u_ipsxb_ddrc_top/mcdq_dcp_top/mcdq_dcp_buf/B_ipsxb_distributed_fifo/u_ipsxb_distributed_fifo_distributed_fifo_v1_0/u_ipsxb_distributed_fifo_ctr/N24_1.fsub_1/gateop, insts:6.
I: Infer CARRY group, base inst: u_DDR3_50H/u_ipsxb_ddrc_top/mcdq_dcp_top/mcdq_dcp_buf/B_ipsxb_distributed_fifo/u_ipsxb_distributed_fifo_distributed_fifo_v1_0/u_ipsxb_distributed_fifo_ctr/N30.fsub_1/gateop, insts:6.
I: Infer CARRY group, base inst: u_DDR3_50H/u_ipsxb_ddrc_top/mcdq_dcp_top/mcdq_dcp_buf/B_ipsxb_distributed_fifo/u_ipsxb_distributed_fifo_distributed_fifo_v1_0/u_ipsxb_distributed_fifo_ctr/N36.eq_0/gateop, insts:3.
I: Infer CARRY group, base inst: u_top_sd_rw/ethernet_test/eth_udp_test/udp_ip_mac_top/arp_mac_top_U1/mac_layer/mac_rx/N89_1_1/gateop, insts:15.
I: Infer CARRY group, base inst: u_top_sd_rw/ethernet_test/eth_udp_test/udp_ip_mac_top/arp_mac_top_U1/mac_layer/mac_rx/N213.eq_0/gateop, insts:16.
I: Infer CARRY group, base inst: u_top_sd_rw/ethernet_test/eth_udp_test/udp_ip_mac_top/arp_mac_top_U1/mac_layer/mac_tx/N108_1_1/gateop, insts:15.
I: Infer CARRY group, base inst: u_top_sd_rw/ethernet_test/eth_udp_test/udp_ip_mac_top/arp_mac_top_U1/mac_layer/mac_tx_mode/N51_1_1/gateop, insts:15.
Device mapping done.
Total device mapping takes 3.47 sec.

Device Utilization Summary:
+-------------------------------------------------------------------------+
| Logic Utilization     | Used      | Available     | Utilization(%)     
+-------------------------------------------------------------------------+
| APM                   | 11        | 84            | 14                 
| IOCKDLY               | 1         | 40            | 3                  
| FF                    | 10585     | 64200         | 17                 
| LUT                   | 11937     | 42800         | 28                 
| Distributed RAM       | 86        | 17000         | 1                  
| DLL                   | 2         | 10            | 20                 
| DQSL                  | 8         | 18            | 45                 
| DRM                   | 73.5      | 134           | 55                 
| FUSECODE              | 0         | 1             | 0                  
| IO                    | 181       | 296           | 62                 
| IOCKDIV               | 3         | 20            | 15                 
| IOCKGATE              | 6         | 20            | 30                 
| IPAL                  | 0         | 1             | 0                  
| PLL                   | 5         | 5             | 100                
| RCKB                  | 0         | 24            | 0                  
| SCANCHAIN             | 0         | 2             | 0                  
| START                 | 0         | 1             | 0                  
| USCM                  | 13        | 30            | 44                 
| HSST                  | 0         | 1             | 0                  
| OSC                   | 0         | 1             | 0                  
| CRYSTAL               | 0         | 2             | 0                  
| RESCAL                | 0         | 4             | 0                  
| UDID                  | 0         | 1             | 0                  
| PCIE                  | 0         | 1             | 0                  
+-------------------------------------------------------------------------+

Design 'hdmi_ddr_ov5640_top' has been successfully mapped to architecture-specific objects.
Saving design to DB.
W: Public-4010: Pcf file C:/Users/user/Desktop/end_test/full_screen/device_map/hdmi_ddr_ov5640_top.pcf has been covered.
Action dev_map: Real time elapsed is 0h:0m:14s
Action dev_map: CPU time elapsed is 0h:0m:11s
Action dev_map: Process CPU time elapsed is 0h:0m:11s
Current time: Mon Nov 13 20:18:48 2023
Action dev_map: Peak memory pool usage is 443 MB
