#Build: Fabric Compiler 2021.4-SP1.2, Build 96435, May 30 04:40 2022
#Install: D:\.PDS2021\PDS_2021.4-SP1.2\bin
#Application name: pds_shell.exe
#OS: Windows 10 10.0.22621
#Hostname: DESKTOP-M0DLJ71
Generated by Fabric Compiler (version 2021.4-SP1.2 build 96435) at Sun Nov 12 18:03:44 2023
Compiling verification operator library.
Compiling common defs.
Loading technology operator library.
Compiling technology operator library.
Compiling technology operator (valence) library.
Compiling operator packing rules.
Compiling prim grid devices.
Compiling gate devices.
Compiling gate operators.
Compiling tech operator impls.
Building architecture model.
Loading device packaging model.
I: Parameter configuration file C:/Users/23600/Desktop/1_end/full_screen/testparam.txt cannot open.
Reading design from translate DB.
C: SDC-2025: Clock source 'n:cmos2_8_16bit/pixel_clk' need a clock constraint, please use 'create_clock' or 'create_generate_clock' to generate.
C: SDC-2025: Clock source 'n:cmos1_8_16bit/pixel_clk' need a clock constraint, please use 'create_clock' or 'create_generate_clock' to generate.
C: SDC-2025: Clock source 'n:u_top_sd_rw/u_sd_ctrl_top/u_sd_init/div_clk' need a clock constraint, please use 'create_clock' or 'create_generate_clock' to generate.
C: SDC-2025: Clock source 'n:scaler_3/u_calculator/N177' need a clock constraint, please use 'create_clock' or 'create_generate_clock' to generate.
C: SDC-2025: Clock source 'n:scaler_3/u_calculator/N180' need a clock constraint, please use 'create_clock' or 'create_generate_clock' to generate.
C: SDC-2025: Clock source 'n:scaler_3/u_calculator/N183' need a clock constraint, please use 'create_clock' or 'create_generate_clock' to generate.
C: SDC-2025: Clock source 'n:scaler_3/u_calculator/N186' need a clock constraint, please use 'create_clock' or 'create_generate_clock' to generate.
C: SDC-2025: Clock source 'n:scaler_3/u_calculator/N189' need a clock constraint, please use 'create_clock' or 'create_generate_clock' to generate.
C: SDC-2025: Clock source 'n:scaler_3/u_calculator/N192' need a clock constraint, please use 'create_clock' or 'create_generate_clock' to generate.
C: SDC-2025: Clock source 'n:scaler_3/u_calculator/N195' need a clock constraint, please use 'create_clock' or 'create_generate_clock' to generate.
C: SDC-2025: Clock source 'n:scaler_3/u_calculator/N198' need a clock constraint, please use 'create_clock' or 'create_generate_clock' to generate.
C: SDC-2025: Clock source 'n:scaler_3/u_calculator/N201' need a clock constraint, please use 'create_clock' or 'create_generate_clock' to generate.
C: SDC-2025: Clock source 'n:scaler_3/u_calculator/N204' need a clock constraint, please use 'create_clock' or 'create_generate_clock' to generate.
C: SDC-2025: Clock source 'n:scaler_3/u_calculator/N207' need a clock constraint, please use 'create_clock' or 'create_generate_clock' to generate.
C: SDC-2025: Clock source 'n:scaler_2/u_calculator/N152' need a clock constraint, please use 'create_clock' or 'create_generate_clock' to generate.
C: SDC-2025: Clock source 'n:scaler_2/u_calculator/N155' need a clock constraint, please use 'create_clock' or 'create_generate_clock' to generate.
C: SDC-2025: Clock source 'n:scaler_2/u_calculator/N158' need a clock constraint, please use 'create_clock' or 'create_generate_clock' to generate.
C: SDC-2025: Clock source 'n:scaler_2/u_calculator/N161' need a clock constraint, please use 'create_clock' or 'create_generate_clock' to generate.
C: SDC-2025: Clock source 'n:scaler_2/u_calculator/N164' need a clock constraint, please use 'create_clock' or 'create_generate_clock' to generate.
C: SDC-2025: Clock source 'n:scaler_2/u_calculator/N167' need a clock constraint, please use 'create_clock' or 'create_generate_clock' to generate.
C: SDC-2025: Clock source 'n:scaler_2/u_calculator/N170' need a clock constraint, please use 'create_clock' or 'create_generate_clock' to generate.
C: SDC-2025: Clock source 'n:scaler_2/u_calculator/N173' need a clock constraint, please use 'create_clock' or 'create_generate_clock' to generate.
C: SDC-2025: Clock source 'n:scaler_2/u_calculator/N143' need a clock constraint, please use 'create_clock' or 'create_generate_clock' to generate.
C: SDC-2025: Clock source 'n:scaler_2/u_calculator/N146' need a clock constraint, please use 'create_clock' or 'create_generate_clock' to generate.
C: SDC-2025: Clock source 'n:scaler_2/u_calculator/N149' need a clock constraint, please use 'create_clock' or 'create_generate_clock' to generate.
C: SDC-2025: Clock source 'n:scaler_1/u_calculator/N183' need a clock constraint, please use 'create_clock' or 'create_generate_clock' to generate.
C: SDC-2025: Clock source 'n:scaler_1/u_calculator/N186' need a clock constraint, please use 'create_clock' or 'create_generate_clock' to generate.
C: SDC-2025: Clock source 'n:scaler_1/u_calculator/N189' need a clock constraint, please use 'create_clock' or 'create_generate_clock' to generate.
C: SDC-2025: Clock source 'n:scaler_1/u_calculator/N192' need a clock constraint, please use 'create_clock' or 'create_generate_clock' to generate.
C: SDC-2025: Clock source 'n:scaler_1/u_calculator/N195' need a clock constraint, please use 'create_clock' or 'create_generate_clock' to generate.
C: SDC-2025: Clock source 'n:scaler_1/u_calculator/N198' need a clock constraint, please use 'create_clock' or 'create_generate_clock' to generate.
C: SDC-2025: Clock source 'n:scaler_1/u_calculator/N201' need a clock constraint, please use 'create_clock' or 'create_generate_clock' to generate.
C: SDC-2025: Clock source 'n:scaler_1/u_calculator/N171' need a clock constraint, please use 'create_clock' or 'create_generate_clock' to generate.
C: SDC-2025: Clock source 'n:scaler_1/u_calculator/N174' need a clock constraint, please use 'create_clock' or 'create_generate_clock' to generate.
C: SDC-2025: Clock source 'n:scaler_1/u_calculator/N177' need a clock constraint, please use 'create_clock' or 'create_generate_clock' to generate.
C: SDC-2025: Clock source 'n:scaler_1/u_calculator/N180' need a clock constraint, please use 'create_clock' or 'create_generate_clock' to generate.
C: SDC-2025: Clock source 'n:scaler_1/u_calculator/N216' need a clock constraint, please use 'create_clock' or 'create_generate_clock' to generate.
C: SDC-2025: Clock source 'n:scaler_1/u_calculator/N219' need a clock constraint, please use 'create_clock' or 'create_generate_clock' to generate.
C: SDC-2025: Clock source 'n:scaler_1/u_calculator/N222' need a clock constraint, please use 'create_clock' or 'create_generate_clock' to generate.
C: SDC-2025: Clock source 'n:scaler_1/u_calculator/N225' need a clock constraint, please use 'create_clock' or 'create_generate_clock' to generate.
C: SDC-2025: Clock source 'n:scaler_1/u_calculator/N228' need a clock constraint, please use 'create_clock' or 'create_generate_clock' to generate.
C: SDC-2025: Clock source 'n:scaler_1/u_calculator/N231' need a clock constraint, please use 'create_clock' or 'create_generate_clock' to generate.
C: SDC-2025: Clock source 'n:scaler_1/u_calculator/N234' need a clock constraint, please use 'create_clock' or 'create_generate_clock' to generate.
C: SDC-2025: Clock source 'n:scaler_1/u_calculator/N246' need a clock constraint, please use 'create_clock' or 'create_generate_clock' to generate.
C: SDC-2025: Clock source 'n:scaler_1/u_calculator/N237' need a clock constraint, please use 'create_clock' or 'create_generate_clock' to generate.
C: SDC-2025: Clock source 'n:scaler_1/u_calculator/N240' need a clock constraint, please use 'create_clock' or 'create_generate_clock' to generate.
C: SDC-2025: Clock source 'n:scaler_1/u_calculator/N243' need a clock constraint, please use 'create_clock' or 'create_generate_clock' to generate.
C: SDC-2025: Clock source 'n:frame_buf/ddr_arbit/N74' need a clock constraint, please use 'create_clock' or 'create_generate_clock' to generate.
C: SDC-2025: Clock source 'n:frame_buf/ddr_arbit/N82' need a clock constraint, please use 'create_clock' or 'create_generate_clock' to generate.
C: SDC-2025: Clock source 'n:frame_buf/ddr_arbit/N90' need a clock constraint, please use 'create_clock' or 'create_generate_clock' to generate.
C: SDC-2025: Clock source 'n:frame_buf/ddr_arbit/N330' need a clock constraint, please use 'create_clock' or 'create_generate_clock' to generate.
C: SDC-2025: Clock source 'n:coms1_reg_config/clock_20k' need a clock constraint, please use 'create_clock' or 'create_generate_clock' to generate.
Executing : get_ports cmos1_pclk
Executing : get_ports cmos1_pclk successfully.
Executing : get_pins cmos1_8_16bit/u_GTP_IOCLKDIV:CLKDIVOUT
Executing : get_pins cmos1_8_16bit/u_GTP_IOCLKDIV:CLKDIVOUT successfully.
Executing : create_generated_clock -name hdmi_ddr_ov5640_top|cmos1_pclk|cmos1_8_16bit/u_GTP_IOCLKDIV/CLKDIVOUT_Inferred -source [get_ports cmos1_pclk] [get_pins cmos1_8_16bit/u_GTP_IOCLKDIV:CLKDIVOUT] -master_clock hdmi_ddr_ov5640_top|cmos1_pclk -edges {1 2 3} -edge_shift {0.000000 500.000000 1000.000000} -add
Executing : create_generated_clock -name hdmi_ddr_ov5640_top|cmos1_pclk|cmos1_8_16bit/u_GTP_IOCLKDIV/CLKDIVOUT_Inferred -source [get_ports cmos1_pclk] [get_pins cmos1_8_16bit/u_GTP_IOCLKDIV:CLKDIVOUT] -master_clock hdmi_ddr_ov5640_top|cmos1_pclk -edges {1 2 3} -edge_shift {0.000000 500.000000 1000.000000} -add successfully.
Executing : get_ports cmos2_pclk
Executing : get_ports cmos2_pclk successfully.
Executing : get_pins cmos2_8_16bit/u_GTP_IOCLKDIV:CLKDIVOUT
Executing : get_pins cmos2_8_16bit/u_GTP_IOCLKDIV:CLKDIVOUT successfully.
Executing : create_generated_clock -name hdmi_ddr_ov5640_top|cmos2_pclk|cmos2_8_16bit/u_GTP_IOCLKDIV/CLKDIVOUT_Inferred -source [get_ports cmos2_pclk] [get_pins cmos2_8_16bit/u_GTP_IOCLKDIV:CLKDIVOUT] -master_clock hdmi_ddr_ov5640_top|cmos2_pclk -edges {1 2 3} -edge_shift {0.000000 500.000000 1000.000000} -add
Executing : create_generated_clock -name hdmi_ddr_ov5640_top|cmos2_pclk|cmos2_8_16bit/u_GTP_IOCLKDIV/CLKDIVOUT_Inferred -source [get_ports cmos2_pclk] [get_pins cmos2_8_16bit/u_GTP_IOCLKDIV:CLKDIVOUT] -master_clock hdmi_ddr_ov5640_top|cmos2_pclk -edges {1 2 3} -edge_shift {0.000000 500.000000 1000.000000} -add successfully.
Flattening design 'hdmi_ddr_ov5640_top'
W: Public-4008: Instance 'u_top_sd_rw/u_eth_sd_fifo/U_ipml_fifo_eth_sd_fifo/U_ipml_fifo_ctrl/ASYN_CTRL.asyn_rempty' of 'GTP_DFF_P' unit is dangling and will be cleaned.
W: Public-4008: Instance 'u_top_sd_rw/u_eth_sd_fifo/U_ipml_fifo_eth_sd_fifo/U_ipml_fifo_ctrl/ASYN_CTRL.asyn_wfull' of 'GTP_DFF_C' unit is dangling and will be cleaned.
W: Public-4008: Instance 'u_top_sd_rw/u_eth_sd_fifo/U_ipml_fifo_eth_sd_fifo/U_ipml_fifo_ctrl/ASYN_CTRL.rbin[0]' of 'GTP_DFF_C' unit is dangling and will be cleaned.
W: Public-4008: Instance 'u_top_sd_rw/u_eth_sd_fifo/U_ipml_fifo_eth_sd_fifo/U_ipml_fifo_ctrl/ASYN_CTRL.rbin[1]' of 'GTP_DFF_C' unit is dangling and will be cleaned.
W: Public-4008: Instance 'u_top_sd_rw/u_eth_sd_fifo/U_ipml_fifo_eth_sd_fifo/U_ipml_fifo_ctrl/ASYN_CTRL.rbin[2]' of 'GTP_DFF_C' unit is dangling and will be cleaned.
W: Public-4008: Instance 'u_top_sd_rw/u_eth_sd_fifo/U_ipml_fifo_eth_sd_fifo/U_ipml_fifo_ctrl/ASYN_CTRL.rbin[3]' of 'GTP_DFF_C' unit is dangling and will be cleaned.
W: Public-4008: Instance 'u_top_sd_rw/u_eth_sd_fifo/U_ipml_fifo_eth_sd_fifo/U_ipml_fifo_ctrl/ASYN_CTRL.rbin[4]' of 'GTP_DFF_C' unit is dangling and will be cleaned.
W: Public-4008: Instance 'u_top_sd_rw/u_eth_sd_fifo/U_ipml_fifo_eth_sd_fifo/U_ipml_fifo_ctrl/ASYN_CTRL.rbin[5]' of 'GTP_DFF_C' unit is dangling and will be cleaned.
W: Public-4008: Instance 'u_top_sd_rw/u_eth_sd_fifo/U_ipml_fifo_eth_sd_fifo/U_ipml_fifo_ctrl/ASYN_CTRL.rbin[6]' of 'GTP_DFF_C' unit is dangling and will be cleaned.
W: Public-4008: Instance 'u_top_sd_rw/u_eth_sd_fifo/U_ipml_fifo_eth_sd_fifo/U_ipml_fifo_ctrl/ASYN_CTRL.rbin[7]' of 'GTP_DFF_C' unit is dangling and will be cleaned.
W: Public-4008: Instance 'u_top_sd_rw/u_eth_sd_fifo/U_ipml_fifo_eth_sd_fifo/U_ipml_fifo_ctrl/ASYN_CTRL.rptr[0]' of 'GTP_DFF_C' unit is dangling and will be cleaned.
W: Public-4008: Instance 'u_top_sd_rw/u_eth_sd_fifo/U_ipml_fifo_eth_sd_fifo/U_ipml_fifo_ctrl/ASYN_CTRL.rptr[1]' of 'GTP_DFF_C' unit is dangling and will be cleaned.
W: Public-4008: Instance 'u_top_sd_rw/u_eth_sd_fifo/U_ipml_fifo_eth_sd_fifo/U_ipml_fifo_ctrl/ASYN_CTRL.rptr[2]' of 'GTP_DFF_C' unit is dangling and will be cleaned.
W: Public-4008: Instance 'u_top_sd_rw/u_eth_sd_fifo/U_ipml_fifo_eth_sd_fifo/U_ipml_fifo_ctrl/ASYN_CTRL.rptr[3]' of 'GTP_DFF_C' unit is dangling and will be cleaned.
W: Public-4008: Instance 'u_top_sd_rw/u_eth_sd_fifo/U_ipml_fifo_eth_sd_fifo/U_ipml_fifo_ctrl/ASYN_CTRL.rptr[4]' of 'GTP_DFF_C' unit is dangling and will be cleaned.
W: Public-4008: Instance 'u_top_sd_rw/u_eth_sd_fifo/U_ipml_fifo_eth_sd_fifo/U_ipml_fifo_ctrl/ASYN_CTRL.rptr[5]' of 'GTP_DFF_C' unit is dangling and will be cleaned.
W: Public-4008: Instance 'u_top_sd_rw/u_eth_sd_fifo/U_ipml_fifo_eth_sd_fifo/U_ipml_fifo_ctrl/ASYN_CTRL.rptr[6]' of 'GTP_DFF_C' unit is dangling and will be cleaned.
W: Public-4008: Instance 'u_top_sd_rw/u_eth_sd_fifo/U_ipml_fifo_eth_sd_fifo/U_ipml_fifo_ctrl/ASYN_CTRL.rwptr1[0]' of 'GTP_DFF_C' unit is dangling and will be cleaned.
W: Public-4008: Instance 'u_top_sd_rw/u_eth_sd_fifo/U_ipml_fifo_eth_sd_fifo/U_ipml_fifo_ctrl/ASYN_CTRL.rwptr1[1]' of 'GTP_DFF_C' unit is dangling and will be cleaned.
W: Public-4008: Instance 'u_top_sd_rw/u_eth_sd_fifo/U_ipml_fifo_eth_sd_fifo/U_ipml_fifo_ctrl/ASYN_CTRL.rwptr1[2]' of 'GTP_DFF_C' unit is dangling and will be cleaned.
W: Public-4008: Instance 'u_top_sd_rw/u_eth_sd_fifo/U_ipml_fifo_eth_sd_fifo/U_ipml_fifo_ctrl/ASYN_CTRL.rwptr1[3]' of 'GTP_DFF_C' unit is dangling and will be cleaned.
W: Public-4008: Instance 'u_top_sd_rw/u_eth_sd_fifo/U_ipml_fifo_eth_sd_fifo/U_ipml_fifo_ctrl/ASYN_CTRL.rwptr1[4]' of 'GTP_DFF_C' unit is dangling and will be cleaned.
W: Public-4008: Instance 'u_top_sd_rw/u_eth_sd_fifo/U_ipml_fifo_eth_sd_fifo/U_ipml_fifo_ctrl/ASYN_CTRL.rwptr1[5]' of 'GTP_DFF_C' unit is dangling and will be cleaned.
W: Public-4008: Instance 'u_top_sd_rw/u_eth_sd_fifo/U_ipml_fifo_eth_sd_fifo/U_ipml_fifo_ctrl/ASYN_CTRL.rwptr1[6]' of 'GTP_DFF_C' unit is dangling and will be cleaned.
W: Public-4008: Instance 'u_top_sd_rw/u_eth_sd_fifo/U_ipml_fifo_eth_sd_fifo/U_ipml_fifo_ctrl/ASYN_CTRL.rwptr1[7]' of 'GTP_DFF_C' unit is dangling and will be cleaned.
W: Public-4008: Instance 'u_top_sd_rw/u_eth_sd_fifo/U_ipml_fifo_eth_sd_fifo/U_ipml_fifo_ctrl/ASYN_CTRL.wbin[0]' of 'GTP_DFF_C' unit is dangling and will be cleaned.
W: Public-4008: Instance 'u_top_sd_rw/u_eth_sd_fifo/U_ipml_fifo_eth_sd_fifo/U_ipml_fifo_ctrl/ASYN_CTRL.wbin[1]' of 'GTP_DFF_C' unit is dangling and will be cleaned.
W: Public-4008: Instance 'u_top_sd_rw/u_eth_sd_fifo/U_ipml_fifo_eth_sd_fifo/U_ipml_fifo_ctrl/ASYN_CTRL.wbin[2]' of 'GTP_DFF_C' unit is dangling and will be cleaned.
W: Public-4008: Instance 'u_top_sd_rw/u_eth_sd_fifo/U_ipml_fifo_eth_sd_fifo/U_ipml_fifo_ctrl/ASYN_CTRL.wbin[3]' of 'GTP_DFF_C' unit is dangling and will be cleaned.
W: Public-4008: Instance 'u_top_sd_rw/u_eth_sd_fifo/U_ipml_fifo_eth_sd_fifo/U_ipml_fifo_ctrl/ASYN_CTRL.wbin[4]' of 'GTP_DFF_C' unit is dangling and will be cleaned.
W: Public-4008: Instance 'u_top_sd_rw/u_eth_sd_fifo/U_ipml_fifo_eth_sd_fifo/U_ipml_fifo_ctrl/ASYN_CTRL.wbin[5]' of 'GTP_DFF_C' unit is dangling and will be cleaned.
W: Public-4008: Instance 'u_top_sd_rw/u_eth_sd_fifo/U_ipml_fifo_eth_sd_fifo/U_ipml_fifo_ctrl/ASYN_CTRL.wbin[6]' of 'GTP_DFF_C' unit is dangling and will be cleaned.
W: Public-4008: Instance 'u_top_sd_rw/u_eth_sd_fifo/U_ipml_fifo_eth_sd_fifo/U_ipml_fifo_ctrl/ASYN_CTRL.wbin[7]' of 'GTP_DFF_C' unit is dangling and will be cleaned.
W: Public-4008: Instance 'u_top_sd_rw/u_eth_sd_fifo/U_ipml_fifo_eth_sd_fifo/U_ipml_fifo_ctrl/ASYN_CTRL.wptr[0]' of 'GTP_DFF_C' unit is dangling and will be cleaned.
W: Public-4008: Instance 'u_top_sd_rw/u_eth_sd_fifo/U_ipml_fifo_eth_sd_fifo/U_ipml_fifo_ctrl/ASYN_CTRL.wptr[1]' of 'GTP_DFF_C' unit is dangling and will be cleaned.
W: Public-4008: Instance 'u_top_sd_rw/u_eth_sd_fifo/U_ipml_fifo_eth_sd_fifo/U_ipml_fifo_ctrl/ASYN_CTRL.wptr[2]' of 'GTP_DFF_C' unit is dangling and will be cleaned.
W: Public-4008: Instance 'u_top_sd_rw/u_eth_sd_fifo/U_ipml_fifo_eth_sd_fifo/U_ipml_fifo_ctrl/ASYN_CTRL.wptr[3]' of 'GTP_DFF_C' unit is dangling and will be cleaned.
W: Public-4008: Instance 'u_top_sd_rw/u_eth_sd_fifo/U_ipml_fifo_eth_sd_fifo/U_ipml_fifo_ctrl/ASYN_CTRL.wptr[4]' of 'GTP_DFF_C' unit is dangling and will be cleaned.
W: Public-4008: Instance 'u_top_sd_rw/u_eth_sd_fifo/U_ipml_fifo_eth_sd_fifo/U_ipml_fifo_ctrl/ASYN_CTRL.wptr[5]' of 'GTP_DFF_C' unit is dangling and will be cleaned.
W: Public-4008: Instance 'u_top_sd_rw/u_eth_sd_fifo/U_ipml_fifo_eth_sd_fifo/U_ipml_fifo_ctrl/ASYN_CTRL.wptr[6]' of 'GTP_DFF_C' unit is dangling and will be cleaned.
W: Public-4008: Instance 'u_top_sd_rw/u_eth_sd_fifo/U_ipml_fifo_eth_sd_fifo/U_ipml_fifo_ctrl/ASYN_CTRL.wrptr1[0]' of 'GTP_DFF_C' unit is dangling and will be cleaned.
W: Public-4008: Instance 'u_top_sd_rw/u_eth_sd_fifo/U_ipml_fifo_eth_sd_fifo/U_ipml_fifo_ctrl/ASYN_CTRL.wrptr1[1]' of 'GTP_DFF_C' unit is dangling and will be cleaned.
W: Public-4008: Instance 'u_top_sd_rw/u_eth_sd_fifo/U_ipml_fifo_eth_sd_fifo/U_ipml_fifo_ctrl/ASYN_CTRL.wrptr1[2]' of 'GTP_DFF_C' unit is dangling and will be cleaned.
W: Public-4008: Instance 'u_top_sd_rw/u_eth_sd_fifo/U_ipml_fifo_eth_sd_fifo/U_ipml_fifo_ctrl/ASYN_CTRL.wrptr1[3]' of 'GTP_DFF_C' unit is dangling and will be cleaned.
W: Public-4008: Instance 'u_top_sd_rw/u_eth_sd_fifo/U_ipml_fifo_eth_sd_fifo/U_ipml_fifo_ctrl/ASYN_CTRL.wrptr1[4]' of 'GTP_DFF_C' unit is dangling and will be cleaned.
W: Public-4008: Instance 'u_top_sd_rw/u_eth_sd_fifo/U_ipml_fifo_eth_sd_fifo/U_ipml_fifo_ctrl/ASYN_CTRL.wrptr1[5]' of 'GTP_DFF_C' unit is dangling and will be cleaned.
W: Public-4008: Instance 'u_top_sd_rw/u_eth_sd_fifo/U_ipml_fifo_eth_sd_fifo/U_ipml_fifo_ctrl/ASYN_CTRL.wrptr1[6]' of 'GTP_DFF_C' unit is dangling and will be cleaned.
W: Public-4008: Instance 'u_top_sd_rw/u_eth_sd_fifo/U_ipml_fifo_eth_sd_fifo/U_ipml_fifo_ctrl/ASYN_CTRL.wrptr1[7]' of 'GTP_DFF_C' unit is dangling and will be cleaned.
W: Public-4008: Instance 'u_top_sd_rw/u_eth_sd_fifo/U_ipml_fifo_eth_sd_fifo/U_ipml_fifo_ctrl/rwptr2[0]' of 'GTP_DFF_C' unit is dangling and will be cleaned.
W: Public-4008: Instance 'u_top_sd_rw/u_eth_sd_fifo/U_ipml_fifo_eth_sd_fifo/U_ipml_fifo_ctrl/rwptr2[1]' of 'GTP_DFF_C' unit is dangling and will be cleaned.
W: Public-4008: Instance 'u_top_sd_rw/u_eth_sd_fifo/U_ipml_fifo_eth_sd_fifo/U_ipml_fifo_ctrl/rwptr2[2]' of 'GTP_DFF_C' unit is dangling and will be cleaned.
W: Public-4008: Instance 'u_top_sd_rw/u_eth_sd_fifo/U_ipml_fifo_eth_sd_fifo/U_ipml_fifo_ctrl/rwptr2[3]' of 'GTP_DFF_C' unit is dangling and will be cleaned.
W: Public-4008: Instance 'u_top_sd_rw/u_eth_sd_fifo/U_ipml_fifo_eth_sd_fifo/U_ipml_fifo_ctrl/rwptr2[4]' of 'GTP_DFF_C' unit is dangling and will be cleaned.
W: Public-4008: Instance 'u_top_sd_rw/u_eth_sd_fifo/U_ipml_fifo_eth_sd_fifo/U_ipml_fifo_ctrl/rwptr2[5]' of 'GTP_DFF_C' unit is dangling and will be cleaned.
W: Public-4008: Instance 'u_top_sd_rw/u_eth_sd_fifo/U_ipml_fifo_eth_sd_fifo/U_ipml_fifo_ctrl/rwptr2[6]' of 'GTP_DFF_C' unit is dangling and will be cleaned.
W: Public-4008: Instance 'u_top_sd_rw/u_eth_sd_fifo/U_ipml_fifo_eth_sd_fifo/U_ipml_fifo_ctrl/rwptr2[7]' of 'GTP_DFF_C' unit is dangling and will be cleaned.
W: Public-4008: Instance 'u_top_sd_rw/u_eth_sd_fifo/U_ipml_fifo_eth_sd_fifo/U_ipml_fifo_ctrl/wrptr2[0]' of 'GTP_DFF_C' unit is dangling and will be cleaned.
W: Public-4008: Instance 'u_top_sd_rw/u_eth_sd_fifo/U_ipml_fifo_eth_sd_fifo/U_ipml_fifo_ctrl/wrptr2[1]' of 'GTP_DFF_C' unit is dangling and will be cleaned.
W: Public-4008: Instance 'u_top_sd_rw/u_eth_sd_fifo/U_ipml_fifo_eth_sd_fifo/U_ipml_fifo_ctrl/wrptr2[2]' of 'GTP_DFF_C' unit is dangling and will be cleaned.
W: Public-4008: Instance 'u_top_sd_rw/u_eth_sd_fifo/U_ipml_fifo_eth_sd_fifo/U_ipml_fifo_ctrl/wrptr2[3]' of 'GTP_DFF_C' unit is dangling and will be cleaned.
W: Public-4008: Instance 'u_top_sd_rw/u_eth_sd_fifo/U_ipml_fifo_eth_sd_fifo/U_ipml_fifo_ctrl/wrptr2[4]' of 'GTP_DFF_C' unit is dangling and will be cleaned.
W: Public-4008: Instance 'u_top_sd_rw/u_eth_sd_fifo/U_ipml_fifo_eth_sd_fifo/U_ipml_fifo_ctrl/wrptr2[5]' of 'GTP_DFF_C' unit is dangling and will be cleaned.
W: Public-4008: Instance 'u_top_sd_rw/u_eth_sd_fifo/U_ipml_fifo_eth_sd_fifo/U_ipml_fifo_ctrl/wrptr2[6]' of 'GTP_DFF_C' unit is dangling and will be cleaned.
W: Public-4008: Instance 'u_top_sd_rw/u_eth_sd_fifo/U_ipml_fifo_eth_sd_fifo/U_ipml_fifo_ctrl/wrptr2[7]' of 'GTP_DFF_C' unit is dangling and will be cleaned.
W: Public-4008: Instance 'u_top_sd_rw/ethernet_test/eth_udp_test/eth_sd_wr_en' of 'GTP_DFF' unit is dangling and will be cleaned.
W: Public-4008: Instance 'u_top_sd_rw/ethernet_test/eth_udp_test/font_count[0]' of 'GTP_DFF_RE' unit is dangling and will be cleaned.
W: Public-4008: Instance 'u_top_sd_rw/ethernet_test/eth_udp_test/font_count[1]' of 'GTP_DFF_RE' unit is dangling and will be cleaned.
W: Public-4008: Instance 'u_top_sd_rw/ethernet_test/eth_udp_test/font_count[2]' of 'GTP_DFF_RE' unit is dangling and will be cleaned.
W: Public-4008: Instance 'u_top_sd_rw/ethernet_test/eth_udp_test/font_count[3]' of 'GTP_DFF_RE' unit is dangling and will be cleaned.
W: Public-4008: Instance 'u_top_sd_rw/ethernet_test/eth_udp_test/font_count[4]' of 'GTP_DFF_RE' unit is dangling and will be cleaned.
W: Public-4008: Instance 'u_top_sd_rw/ethernet_test/eth_udp_test/font_count[5]' of 'GTP_DFF_RE' unit is dangling and will be cleaned.
W: Public-4008: Instance 'u_top_sd_rw/ethernet_test/eth_udp_test/font_count[6]' of 'GTP_DFF_RE' unit is dangling and will be cleaned.
W: Public-4008: Instance 'u_top_sd_rw/u_sd_ctrl_top/u_sd_read/rd_real_busy' of 'GTP_DFF_CE' unit is dangling and will be cleaned.
W: Public-4008: Instance 'u_top_sd_rw/u_sd_ctrl_top/u_sd_write/detect_data[0]' of 'GTP_DFF_C' unit is dangling and will be cleaned.
W: Public-4008: Instance 'u_top_sd_rw/u_sd_ctrl_top/u_sd_write/detect_data[1]' of 'GTP_DFF_C' unit is dangling and will be cleaned.
W: Public-4008: Instance 'u_top_sd_rw/u_sd_ctrl_top/u_sd_write/detect_data[2]' of 'GTP_DFF_C' unit is dangling and will be cleaned.
W: Public-4008: Instance 'u_top_sd_rw/u_sd_ctrl_top/u_sd_write/detect_data[3]' of 'GTP_DFF_C' unit is dangling and will be cleaned.
W: Public-4008: Instance 'u_top_sd_rw/u_sd_ctrl_top/u_sd_write/detect_data[4]' of 'GTP_DFF_C' unit is dangling and will be cleaned.
W: Public-4008: Instance 'u_top_sd_rw/u_sd_ctrl_top/u_sd_write/detect_data[5]' of 'GTP_DFF_C' unit is dangling and will be cleaned.
W: Public-4008: Instance 'u_top_sd_rw/u_sd_ctrl_top/u_sd_write/detect_data[6]' of 'GTP_DFF_C' unit is dangling and will be cleaned.
W: Public-4008: Instance 'u_top_sd_rw/u_sd_ctrl_top/u_sd_write/detect_data[7]' of 'GTP_DFF_C' unit is dangling and will be cleaned.
W: Public-4008: Instance 'u_top_sd_rw/u_sd_ctrl_top/u_sd_write/detect_done_flag' of 'GTP_DFF_C' unit is dangling and will be cleaned.
W: Public-4008: Instance 'u_top_sd_rw/u_sd_ctrl_top/u_sd_write/wr_ctrl_cnt[0]' of 'GTP_DFF_PE' unit is dangling and will be cleaned.
W: Public-4008: Instance 'u_top_sd_rw/u_sd_ctrl_top/u_sd_write/wr_ctrl_cnt[1]' of 'GTP_DFF_CE' unit is dangling and will be cleaned.
W: Public-4008: Instance 'u_top_sd_rw/u_sd_ctrl_top/u_sd_write/wr_ctrl_cnt[2]' of 'GTP_DFF_CE' unit is dangling and will be cleaned.
W: Public-4008: Instance 'u_top_sd_rw/u_sd_ctrl_top/u_sd_write/wr_ctrl_cnt[3]' of 'GTP_DFF_CE' unit is dangling and will be cleaned.
W: Public-4008: Instance 'u_top_sd_rw/u_sd_ctrl_top/u_sd_write/wr_ctrl_cnt[4]' of 'GTP_DFF_CE' unit is dangling and will be cleaned.
W: Public-4008: Instance 'u_top_sd_rw/u_sd_ctrl_top/u_sd_write/wr_ctrl_cnt[5]' of 'GTP_DFF_CE' unit is dangling and will be cleaned.
W: Public-4008: Instance 'u_top_sd_rw/u_sd_ctrl_top/u_sd_write/wr_ctrl_cnt[6]' of 'GTP_DFF_CE' unit is dangling and will be cleaned.
W: Public-4008: Instance 'u_top_sd_rw/u_sd_ctrl_top/u_sd_write/wr_ctrl_cnt[7]' of 'GTP_DFF_CE' unit is dangling and will be cleaned.
Device mapping started.
Optimizing circuit logic.
I: Const net (pin CEX of inst N575) has been disconnected.
I: Const net (pin CEZ of inst u_hsv_rgb/N33) has been disconnected.
I: Const net (pin CEM of inst u_rgb_hsv/N48) has been disconnected.
I: Const net (pin RSTX of inst u_top_sd_rw/u_data_gen/N37947) has been disconnected.
I: Const net (pin CEPRE of inst scaler_1/ram_fifo_ctrl_inst/p/u_ipml_mult_mul_2_8/mult_0) has been disconnected.
I: Const net (pin CEM of inst scaler_1/ram_fifo_ctrl_inst/p/u_ipml_mult_mul_2_8/mult_0) has been disconnected.
I: Const net (pin CEP of inst scaler_1/ram_fifo_ctrl_inst/p/u_ipml_mult_mul_2_8/mult_0) has been disconnected.
I: Const net (pin CEMODEX of inst scaler_1/ram_fifo_ctrl_inst/p/u_ipml_mult_mul_2_8/mult_0) has been disconnected.
I: Const net (pin CEMODEY of inst scaler_1/ram_fifo_ctrl_inst/p/u_ipml_mult_mul_2_8/mult_0) has been disconnected.
I: Const net (pin CEMODEZ of inst scaler_1/ram_fifo_ctrl_inst/p/u_ipml_mult_mul_2_8/mult_0) has been disconnected.
I: Const net (pin CEX of inst scaler_1/ram_fifo_ctrl_inst/p/u_ipml_mult_mul_2_8/mult_0) has been disconnected.
I: Const net (pin CEY of inst scaler_1/ram_fifo_ctrl_inst/p/u_ipml_mult_mul_2_8/mult_0) has been disconnected.
I: Const net (pin CEZ of inst scaler_1/ram_fifo_ctrl_inst/p/u_ipml_mult_mul_2_8/mult_0) has been disconnected.
I: Const net (pin CEPRE of inst scaler_1/u_rfifo/mul_inst/u_ipml_mult_mul_2_8/mult_0) has been disconnected.
I: Const net (pin CEM of inst scaler_1/u_rfifo/mul_inst/u_ipml_mult_mul_2_8/mult_0) has been disconnected.
I: Const net (pin CEP of inst scaler_1/u_rfifo/mul_inst/u_ipml_mult_mul_2_8/mult_0) has been disconnected.
I: Const net (pin CEMODEX of inst scaler_1/u_rfifo/mul_inst/u_ipml_mult_mul_2_8/mult_0) has been disconnected.
I: Const net (pin CEMODEY of inst scaler_1/u_rfifo/mul_inst/u_ipml_mult_mul_2_8/mult_0) has been disconnected.
I: Const net (pin CEMODEZ of inst scaler_1/u_rfifo/mul_inst/u_ipml_mult_mul_2_8/mult_0) has been disconnected.
I: Const net (pin CEX of inst scaler_1/u_rfifo/mul_inst/u_ipml_mult_mul_2_8/mult_0) has been disconnected.
I: Const net (pin CEY of inst scaler_1/u_rfifo/mul_inst/u_ipml_mult_mul_2_8/mult_0) has been disconnected.
I: Const net (pin CEZ of inst scaler_1/u_rfifo/mul_inst/u_ipml_mult_mul_2_8/mult_0) has been disconnected.
I: Const net (pin CEPRE of inst scaler_2/ram_fifo_ctrl_inst/p/u_ipml_mult_mul_2_8/mult_0) has been disconnected.
I: Const net (pin CEM of inst scaler_2/ram_fifo_ctrl_inst/p/u_ipml_mult_mul_2_8/mult_0) has been disconnected.
I: Const net (pin CEP of inst scaler_2/ram_fifo_ctrl_inst/p/u_ipml_mult_mul_2_8/mult_0) has been disconnected.
I: Const net (pin CEMODEX of inst scaler_2/ram_fifo_ctrl_inst/p/u_ipml_mult_mul_2_8/mult_0) has been disconnected.
I: Const net (pin CEMODEY of inst scaler_2/ram_fifo_ctrl_inst/p/u_ipml_mult_mul_2_8/mult_0) has been disconnected.
I: Const net (pin CEMODEZ of inst scaler_2/ram_fifo_ctrl_inst/p/u_ipml_mult_mul_2_8/mult_0) has been disconnected.
I: Const net (pin CEX of inst scaler_2/ram_fifo_ctrl_inst/p/u_ipml_mult_mul_2_8/mult_0) has been disconnected.
I: Const net (pin CEY of inst scaler_2/ram_fifo_ctrl_inst/p/u_ipml_mult_mul_2_8/mult_0) has been disconnected.
I: Const net (pin CEZ of inst scaler_2/ram_fifo_ctrl_inst/p/u_ipml_mult_mul_2_8/mult_0) has been disconnected.
I: Const net (pin CEPRE of inst scaler_2/u_rfifo/mul_inst/u_ipml_mult_mul_2_8/mult_0) has been disconnected.
I: Const net (pin CEM of inst scaler_2/u_rfifo/mul_inst/u_ipml_mult_mul_2_8/mult_0) has been disconnected.
I: Const net (pin CEP of inst scaler_2/u_rfifo/mul_inst/u_ipml_mult_mul_2_8/mult_0) has been disconnected.
I: Const net (pin CEMODEX of inst scaler_2/u_rfifo/mul_inst/u_ipml_mult_mul_2_8/mult_0) has been disconnected.
I: Const net (pin CEMODEY of inst scaler_2/u_rfifo/mul_inst/u_ipml_mult_mul_2_8/mult_0) has been disconnected.
I: Const net (pin CEMODEZ of inst scaler_2/u_rfifo/mul_inst/u_ipml_mult_mul_2_8/mult_0) has been disconnected.
I: Const net (pin CEX of inst scaler_2/u_rfifo/mul_inst/u_ipml_mult_mul_2_8/mult_0) has been disconnected.
I: Const net (pin CEY of inst scaler_2/u_rfifo/mul_inst/u_ipml_mult_mul_2_8/mult_0) has been disconnected.
I: Const net (pin CEZ of inst scaler_2/u_rfifo/mul_inst/u_ipml_mult_mul_2_8/mult_0) has been disconnected.
I: Const net (pin CEPRE of inst scaler_3/ram_fifo_ctrl_inst/p/u_ipml_mult_mul_2_8/mult_0) has been disconnected.
I: Const net (pin CEM of inst scaler_3/ram_fifo_ctrl_inst/p/u_ipml_mult_mul_2_8/mult_0) has been disconnected.
I: Const net (pin CEP of inst scaler_3/ram_fifo_ctrl_inst/p/u_ipml_mult_mul_2_8/mult_0) has been disconnected.
I: Const net (pin CEMODEX of inst scaler_3/ram_fifo_ctrl_inst/p/u_ipml_mult_mul_2_8/mult_0) has been disconnected.
I: Const net (pin CEMODEY of inst scaler_3/ram_fifo_ctrl_inst/p/u_ipml_mult_mul_2_8/mult_0) has been disconnected.
I: Const net (pin CEMODEZ of inst scaler_3/ram_fifo_ctrl_inst/p/u_ipml_mult_mul_2_8/mult_0) has been disconnected.
I: Const net (pin CEX of inst scaler_3/ram_fifo_ctrl_inst/p/u_ipml_mult_mul_2_8/mult_0) has been disconnected.
I: Const net (pin CEY of inst scaler_3/ram_fifo_ctrl_inst/p/u_ipml_mult_mul_2_8/mult_0) has been disconnected.
I: Const net (pin CEZ of inst scaler_3/ram_fifo_ctrl_inst/p/u_ipml_mult_mul_2_8/mult_0) has been disconnected.
I: Const net (pin CEPRE of inst scaler_3/u_rfifo/mul_inst/u_ipml_mult_mul_2_8/mult_0) has been disconnected.
I: Const net (pin CEM of inst scaler_3/u_rfifo/mul_inst/u_ipml_mult_mul_2_8/mult_0) has been disconnected.
I: Const net (pin CEP of inst scaler_3/u_rfifo/mul_inst/u_ipml_mult_mul_2_8/mult_0) has been disconnected.
I: Const net (pin CEMODEX of inst scaler_3/u_rfifo/mul_inst/u_ipml_mult_mul_2_8/mult_0) has been disconnected.
I: Const net (pin CEMODEY of inst scaler_3/u_rfifo/mul_inst/u_ipml_mult_mul_2_8/mult_0) has been disconnected.
I: Const net (pin CEMODEZ of inst scaler_3/u_rfifo/mul_inst/u_ipml_mult_mul_2_8/mult_0) has been disconnected.
I: Const net (pin CEX of inst scaler_3/u_rfifo/mul_inst/u_ipml_mult_mul_2_8/mult_0) has been disconnected.
I: Const net (pin CEY of inst scaler_3/u_rfifo/mul_inst/u_ipml_mult_mul_2_8/mult_0) has been disconnected.
I: Const net (pin CEZ of inst scaler_3/u_rfifo/mul_inst/u_ipml_mult_mul_2_8/mult_0) has been disconnected.
I: Const net (pin CEPRE of inst scaler_4/ram_fifo_ctrl_inst/p/u_ipml_mult_mul_2_8/mult_0) has been disconnected.
I: Const net (pin CEM of inst scaler_4/ram_fifo_ctrl_inst/p/u_ipml_mult_mul_2_8/mult_0) has been disconnected.
I: Const net (pin CEP of inst scaler_4/ram_fifo_ctrl_inst/p/u_ipml_mult_mul_2_8/mult_0) has been disconnected.
I: Const net (pin CEMODEX of inst scaler_4/ram_fifo_ctrl_inst/p/u_ipml_mult_mul_2_8/mult_0) has been disconnected.
I: Const net (pin CEMODEY of inst scaler_4/ram_fifo_ctrl_inst/p/u_ipml_mult_mul_2_8/mult_0) has been disconnected.
I: Const net (pin CEMODEZ of inst scaler_4/ram_fifo_ctrl_inst/p/u_ipml_mult_mul_2_8/mult_0) has been disconnected.
I: Const net (pin CEX of inst scaler_4/ram_fifo_ctrl_inst/p/u_ipml_mult_mul_2_8/mult_0) has been disconnected.
I: Const net (pin CEY of inst scaler_4/ram_fifo_ctrl_inst/p/u_ipml_mult_mul_2_8/mult_0) has been disconnected.
I: Const net (pin CEZ of inst scaler_4/ram_fifo_ctrl_inst/p/u_ipml_mult_mul_2_8/mult_0) has been disconnected.
I: Const net (pin CEPRE of inst scaler_4/u_rfifo/mul_inst/u_ipml_mult_mul_2_8/mult_0) has been disconnected.
I: Const net (pin CEM of inst scaler_4/u_rfifo/mul_inst/u_ipml_mult_mul_2_8/mult_0) has been disconnected.
I: Const net (pin CEP of inst scaler_4/u_rfifo/mul_inst/u_ipml_mult_mul_2_8/mult_0) has been disconnected.
I: Const net (pin CEMODEX of inst scaler_4/u_rfifo/mul_inst/u_ipml_mult_mul_2_8/mult_0) has been disconnected.
I: Const net (pin CEMODEY of inst scaler_4/u_rfifo/mul_inst/u_ipml_mult_mul_2_8/mult_0) has been disconnected.
I: Const net (pin CEMODEZ of inst scaler_4/u_rfifo/mul_inst/u_ipml_mult_mul_2_8/mult_0) has been disconnected.
I: Const net (pin CEX of inst scaler_4/u_rfifo/mul_inst/u_ipml_mult_mul_2_8/mult_0) has been disconnected.
I: Const net (pin CEY of inst scaler_4/u_rfifo/mul_inst/u_ipml_mult_mul_2_8/mult_0) has been disconnected.
I: Const net (pin CEZ of inst scaler_4/u_rfifo/mul_inst/u_ipml_mult_mul_2_8/mult_0) has been disconnected.
W: Public-4008: Instance 'ms72xx_ctl/ms7200_ctl/freq_rec[0]' of 'GTP_DFF_RE' unit is dangling and will be cleaned.
W: Public-4008: Instance 'ms72xx_ctl/ms7200_ctl/freq_rec[1]' of 'GTP_DFF_RE' unit is dangling and will be cleaned.
W: Public-4008: Instance 'ms72xx_ctl/ms7200_ctl/freq_rec_1d[0]' of 'GTP_DFF' unit is dangling and will be cleaned.
W: Public-4008: Instance 'ms72xx_ctl/ms7200_ctl/freq_rec_1d[1]' of 'GTP_DFF' unit is dangling and will be cleaned.
W: Public-4008: Instance 'ms72xx_ctl/ms7200_ctl/freq_rec_1d[2]' of 'GTP_DFF' unit is dangling and will be cleaned.
W: Public-4008: Instance 'ms72xx_ctl/ms7200_ctl/freq_rec_1d[3]' of 'GTP_DFF' unit is dangling and will be cleaned.
W: Public-4008: Instance 'ms72xx_ctl/ms7200_ctl/freq_rec_1d[4]' of 'GTP_DFF' unit is dangling and will be cleaned.
W: Public-4008: Instance 'ms72xx_ctl/ms7200_ctl/freq_rec_1d[5]' of 'GTP_DFF' unit is dangling and will be cleaned.
W: Public-4008: Instance 'ms72xx_ctl/ms7200_ctl/freq_rec_1d[6]' of 'GTP_DFF' unit is dangling and will be cleaned.
W: Public-4008: Instance 'ms72xx_ctl/ms7200_ctl/freq_rec_1d[7]' of 'GTP_DFF' unit is dangling and will be cleaned.
W: Public-4008: Instance 'ms72xx_ctl/ms7200_ctl/freq_rec_1d[8]' of 'GTP_DFF' unit is dangling and will be cleaned.
W: Public-4008: Instance 'ms72xx_ctl/ms7200_ctl/freq_rec_1d[9]' of 'GTP_DFF' unit is dangling and will be cleaned.
W: Public-4008: Instance 'ms72xx_ctl/ms7200_ctl/freq_rec_1d[10]' of 'GTP_DFF' unit is dangling and will be cleaned.
W: Public-4008: Instance 'ms72xx_ctl/ms7200_ctl/freq_rec_1d[11]' of 'GTP_DFF' unit is dangling and will be cleaned.
W: Public-4008: Instance 'ms72xx_ctl/ms7200_ctl/freq_rec_1d[12]' of 'GTP_DFF' unit is dangling and will be cleaned.
W: Public-4008: Instance 'ms72xx_ctl/ms7200_ctl/freq_rec_1d[13]' of 'GTP_DFF' unit is dangling and will be cleaned.
W: Public-4008: Instance 'ms72xx_ctl/ms7200_ctl/freq_rec_1d[14]' of 'GTP_DFF' unit is dangling and will be cleaned.
W: Public-4008: Instance 'ms72xx_ctl/ms7200_ctl/freq_rec_1d[15]' of 'GTP_DFF' unit is dangling and will be cleaned.
W: Public-4008: Instance 'ms72xx_ctl/ms7200_ctl/freq_rec_1d[18]' of 'GTP_DFF' unit is dangling and will be cleaned.
W: Public-4008: Instance 'ms72xx_ctl/ms7200_ctl/freq_rec_1d[19]' of 'GTP_DFF' unit is dangling and will be cleaned.
W: Public-4008: Instance 'ms72xx_ctl/ms7200_ctl/freq_rec_1d[20]' of 'GTP_DFF' unit is dangling and will be cleaned.
W: Public-4008: Instance 'ms72xx_ctl/ms7200_ctl/freq_rec_1d[21]' of 'GTP_DFF' unit is dangling and will be cleaned.
W: Public-4008: Instance 'ms72xx_ctl/ms7200_ctl/freq_rec_1d[22]' of 'GTP_DFF' unit is dangling and will be cleaned.
W: Public-4008: Instance 'ms72xx_ctl/ms7200_ctl/freq_rec_1d[23]' of 'GTP_DFF' unit is dangling and will be cleaned.
W: Public-4008: Instance 'ms72xx_ctl/ms7200_ctl/freq_rec_1d[24]' of 'GTP_DFF' unit is dangling and will be cleaned.
W: Public-4008: Instance 'ms72xx_ctl/ms7200_ctl/freq_rec_1d[25]' of 'GTP_DFF' unit is dangling and will be cleaned.
W: Public-4008: Instance 'ms72xx_ctl/ms7200_ctl/freq_rec_1d[26]' of 'GTP_DFF' unit is dangling and will be cleaned.
W: Public-4008: Instance 'ms72xx_ctl/ms7200_ctl/freq_rec_1d[27]' of 'GTP_DFF' unit is dangling and will be cleaned.
W: Public-4008: Instance 'ms72xx_ctl/ms7200_ctl/freq_rec_1d[28]' of 'GTP_DFF' unit is dangling and will be cleaned.
W: Public-4008: Instance 'ms72xx_ctl/ms7200_ctl/freq_rec_1d[29]' of 'GTP_DFF' unit is dangling and will be cleaned.
W: Public-4008: Instance 'ms72xx_ctl/ms7200_ctl/freq_rec_1d[30]' of 'GTP_DFF' unit is dangling and will be cleaned.
W: Public-4008: Instance 'ms72xx_ctl/ms7200_ctl/freq_rec_1d[31]' of 'GTP_DFF' unit is dangling and will be cleaned.
W: Public-4008: Instance 'ms72xx_ctl/ms7200_ctl/freq_rec[2]' of 'GTP_DFF_RE' unit is dangling and will be cleaned.
W: Public-4008: Instance 'ms72xx_ctl/ms7200_ctl/freq_rec_2d[0]' of 'GTP_DFF_E' unit is dangling and will be cleaned.
W: Public-4008: Instance 'ms72xx_ctl/ms7200_ctl/freq_rec_2d[1]' of 'GTP_DFF_E' unit is dangling and will be cleaned.
W: Public-4008: Instance 'ms72xx_ctl/ms7200_ctl/freq_rec_2d[2]' of 'GTP_DFF_E' unit is dangling and will be cleaned.
W: Public-4008: Instance 'ms72xx_ctl/ms7200_ctl/freq_rec_2d[3]' of 'GTP_DFF_E' unit is dangling and will be cleaned.
W: Public-4008: Instance 'ms72xx_ctl/ms7200_ctl/freq_rec_2d[4]' of 'GTP_DFF_E' unit is dangling and will be cleaned.
W: Public-4008: Instance 'ms72xx_ctl/ms7200_ctl/freq_rec_2d[5]' of 'GTP_DFF_E' unit is dangling and will be cleaned.
W: Public-4008: Instance 'ms72xx_ctl/ms7200_ctl/freq_rec_2d[6]' of 'GTP_DFF_E' unit is dangling and will be cleaned.
W: Public-4008: Instance 'ms72xx_ctl/ms7200_ctl/freq_rec_2d[7]' of 'GTP_DFF_E' unit is dangling and will be cleaned.
W: Public-4008: Instance 'ms72xx_ctl/ms7200_ctl/freq_rec_2d[8]' of 'GTP_DFF_E' unit is dangling and will be cleaned.
W: Public-4008: Instance 'ms72xx_ctl/ms7200_ctl/freq_rec_2d[9]' of 'GTP_DFF_E' unit is dangling and will be cleaned.
W: Public-4008: Instance 'ms72xx_ctl/ms7200_ctl/freq_rec_2d[10]' of 'GTP_DFF_E' unit is dangling and will be cleaned.
W: Public-4008: Instance 'ms72xx_ctl/ms7200_ctl/freq_rec_2d[11]' of 'GTP_DFF_E' unit is dangling and will be cleaned.
W: Public-4008: Instance 'ms72xx_ctl/ms7200_ctl/freq_rec_2d[12]' of 'GTP_DFF_E' unit is dangling and will be cleaned.
W: Public-4008: Instance 'ms72xx_ctl/ms7200_ctl/freq_rec_2d[13]' of 'GTP_DFF_E' unit is dangling and will be cleaned.
W: Public-4008: Instance 'ms72xx_ctl/ms7200_ctl/freq_rec_2d[14]' of 'GTP_DFF_E' unit is dangling and will be cleaned.
W: Public-4008: Instance 'ms72xx_ctl/ms7200_ctl/freq_rec_2d[15]' of 'GTP_DFF_E' unit is dangling and will be cleaned.
W: Public-4008: Instance 'ms72xx_ctl/ms7200_ctl/freq_rec_2d[18]' of 'GTP_DFF_E' unit is dangling and will be cleaned.
W: Public-4008: Instance 'ms72xx_ctl/ms7200_ctl/freq_rec_2d[19]' of 'GTP_DFF_E' unit is dangling and will be cleaned.
W: Public-4008: Instance 'ms72xx_ctl/ms7200_ctl/freq_rec_2d[20]' of 'GTP_DFF_E' unit is dangling and will be cleaned.
W: Public-4008: Instance 'ms72xx_ctl/ms7200_ctl/freq_rec_2d[21]' of 'GTP_DFF_E' unit is dangling and will be cleaned.
W: Public-4008: Instance 'ms72xx_ctl/ms7200_ctl/freq_rec_2d[22]' of 'GTP_DFF_E' unit is dangling and will be cleaned.
W: Public-4008: Instance 'ms72xx_ctl/ms7200_ctl/freq_rec_2d[23]' of 'GTP_DFF_E' unit is dangling and will be cleaned.
W: Public-4008: Instance 'ms72xx_ctl/ms7200_ctl/freq_rec_2d[24]' of 'GTP_DFF_E' unit is dangling and will be cleaned.
W: Public-4008: Instance 'ms72xx_ctl/ms7200_ctl/freq_rec_2d[25]' of 'GTP_DFF_E' unit is dangling and will be cleaned.
W: Public-4008: Instance 'ms72xx_ctl/ms7200_ctl/freq_rec_2d[26]' of 'GTP_DFF_E' unit is dangling and will be cleaned.
W: Public-4008: Instance 'ms72xx_ctl/ms7200_ctl/freq_rec_2d[27]' of 'GTP_DFF_E' unit is dangling and will be cleaned.
W: Public-4008: Instance 'ms72xx_ctl/ms7200_ctl/freq_rec_2d[28]' of 'GTP_DFF_E' unit is dangling and will be cleaned.
W: Public-4008: Instance 'ms72xx_ctl/ms7200_ctl/freq_rec_2d[29]' of 'GTP_DFF_E' unit is dangling and will be cleaned.
W: Public-4008: Instance 'ms72xx_ctl/ms7200_ctl/freq_rec_2d[30]' of 'GTP_DFF_E' unit is dangling and will be cleaned.
W: Public-4008: Instance 'ms72xx_ctl/ms7200_ctl/freq_rec_2d[31]' of 'GTP_DFF_E' unit is dangling and will be cleaned.
W: Public-4008: Instance 'ms72xx_ctl/ms7200_ctl/freq_rec[3]' of 'GTP_DFF_RE' unit is dangling and will be cleaned.
W: Public-4008: Instance 'ms72xx_ctl/ms7200_ctl/freq_rec[4]' of 'GTP_DFF_RE' unit is dangling and will be cleaned.
W: Public-4008: Instance 'ms72xx_ctl/ms7200_ctl/freq_rec[5]' of 'GTP_DFF_RE' unit is dangling and will be cleaned.
W: Public-4008: Instance 'ms72xx_ctl/ms7200_ctl/freq_rec[6]' of 'GTP_DFF_RE' unit is dangling and will be cleaned.
W: Public-4008: Instance 'ms72xx_ctl/ms7200_ctl/freq_rec[7]' of 'GTP_DFF_RE' unit is dangling and will be cleaned.
W: Public-4008: Instance 'ms72xx_ctl/ms7200_ctl/freq_rec[8]' of 'GTP_DFF_RE' unit is dangling and will be cleaned.
W: Public-4008: Instance 'ms72xx_ctl/ms7200_ctl/freq_rec[9]' of 'GTP_DFF_RE' unit is dangling and will be cleaned.
W: Public-4008: Instance 'ms72xx_ctl/ms7200_ctl/freq_rec[10]' of 'GTP_DFF_RE' unit is dangling and will be cleaned.
W: Public-4008: Instance 'ms72xx_ctl/ms7200_ctl/freq_rec[11]' of 'GTP_DFF_RE' unit is dangling and will be cleaned.
W: Public-4008: Instance 'ms72xx_ctl/ms7200_ctl/freq_rec[12]' of 'GTP_DFF_RE' unit is dangling and will be cleaned.
W: Public-4008: Instance 'ms72xx_ctl/ms7200_ctl/freq_rec[13]' of 'GTP_DFF_RE' unit is dangling and will be cleaned.
W: Public-4008: Instance 'ms72xx_ctl/ms7200_ctl/freq_rec[14]' of 'GTP_DFF_RE' unit is dangling and will be cleaned.
W: Public-4008: Instance 'ms72xx_ctl/ms7200_ctl/freq_rec[15]' of 'GTP_DFF_RE' unit is dangling and will be cleaned.
W: Public-4008: Instance 'ms72xx_ctl/ms7200_ctl/freq_rec[18]' of 'GTP_DFF_RE' unit is dangling and will be cleaned.
W: Public-4008: Instance 'ms72xx_ctl/ms7200_ctl/freq_rec[19]' of 'GTP_DFF_RE' unit is dangling and will be cleaned.
W: Public-4008: Instance 'ms72xx_ctl/ms7200_ctl/freq_rec[20]' of 'GTP_DFF_RE' unit is dangling and will be cleaned.
W: Public-4008: Instance 'ms72xx_ctl/ms7200_ctl/freq_rec[21]' of 'GTP_DFF_RE' unit is dangling and will be cleaned.
W: Public-4008: Instance 'ms72xx_ctl/ms7200_ctl/freq_rec[22]' of 'GTP_DFF_RE' unit is dangling and will be cleaned.
W: Public-4008: Instance 'ms72xx_ctl/ms7200_ctl/freq_rec[23]' of 'GTP_DFF_RE' unit is dangling and will be cleaned.
W: Public-4008: Instance 'ms72xx_ctl/ms7200_ctl/freq_rec[24]' of 'GTP_DFF_RE' unit is dangling and will be cleaned.
W: Public-4008: Instance 'ms72xx_ctl/ms7200_ctl/freq_rec[25]' of 'GTP_DFF_RE' unit is dangling and will be cleaned.
W: Public-4008: Instance 'ms72xx_ctl/ms7200_ctl/freq_rec[26]' of 'GTP_DFF_RE' unit is dangling and will be cleaned.
W: Public-4008: Instance 'ms72xx_ctl/ms7200_ctl/freq_rec[27]' of 'GTP_DFF_RE' unit is dangling and will be cleaned.
W: Public-4008: Instance 'ms72xx_ctl/ms7200_ctl/freq_rec[28]' of 'GTP_DFF_RE' unit is dangling and will be cleaned.
W: Public-4008: Instance 'ms72xx_ctl/ms7200_ctl/freq_rec[29]' of 'GTP_DFF_RE' unit is dangling and will be cleaned.
W: Public-4008: Instance 'ms72xx_ctl/ms7200_ctl/freq_rec[30]' of 'GTP_DFF_RE' unit is dangling and will be cleaned.
W: Public-4008: Instance 'ms72xx_ctl/ms7200_ctl/freq_rec[31]' of 'GTP_DFF_RE' unit is dangling and will be cleaned.
W: Public-4008: Instance 'frame_buf/wr_rd_ctrl_top/wr_cmd_trans/wr_data_en' of 'GTP_DFF' unit is dangling and will be cleaned.
Checking design netlist.
Processing tech operator.
I: The instance clkbufg_1(GTP_CLKBUFG) has been inserted on the net clk_25M in design, driver pin CLKOUT2(instance u_pll/u_pll_e3) -> load pin CLK(instance coms1_reg_config/clock_20k).
I: The instance clkbufg_2(GTP_CLKBUFG) has been inserted on the net nt_cmos2_pclk in design, driver pin O(instance cmos2_pclk_ibuf) -> load pin CLK(instance cmos2_8_16bit/cnt[0]).
I: The instance clkbufg_3(GTP_CLKBUFG) has been inserted on the net nt_cmos1_pclk in design, driver pin O(instance cmos1_pclk_ibuf) -> load pin CLK(instance cmos1_8_16bit/cnt[0]).
I: The instance clkbufg_4(GTP_CLKBUFG) has been inserted on the net u_top_sd_rw/clk_ref_180deg in design, driver pin CLKOUT1(instance u_top_sd_rw/pll_clk_inst/u_pll_e3) -> load pin CLK(instance u_top_sd_rw/u_sd_ctrl_top/u_sd_read/res_bit_cnt[0]).
C: DeviceMap-2011: The net nt_sys_clk has both clock instance u_DDR3_50H/u_clkbufg(GTP_CLKBUFG) loader and other clock pin loader.
I: The instance clkbufg_5(GTP_CLKBUFG) has been inserted on the net clk_ref in design, driver pin CLKOUT0(instance u_top_sd_rw/pll_clk_inst/u_pll_e3) -> load pin CLKA(instance u_ram_ethhdmi/u_eth_ram_hdmi/U_ipml_sdpram_eth_ram_hdmi/ADDR_LOOP[0].DATA_LOOP[0].U_GTP_DRM18K).
I: The instance clkbufg_6(GTP_CLKBUFG) has been inserted on the net cfg_clk in design, driver pin CLKOUT1(instance u_pll/u_pll_e3) -> load pin CLK(instance ms72xx_ctl/iic_dri_rx/busy).
I: The instance clkbufg_7(GTP_CLKBUFG) has been inserted on the net pclk_in_test2 in design, driver pin CLKDIVOUT(instance cmos2_8_16bit/u_GTP_IOCLKDIV) -> load pin CLK(instance TARGET_H_NUM_4[0]).
I: The instance clkbufg_8(GTP_CLKBUFG) has been inserted on the net pclk_in_test in design, driver pin CLKDIVOUT(instance cmos1_8_16bit/u_GTP_IOCLKDIV) -> load pin CLK(instance TARGET_H_NUM_1[0]).
I: The instance clkbufg_9(GTP_CLKBUFG) has been inserted on the net nt_pixclk_in in design, driver pin O(instance pixclk_in_ibuf) -> load pin CLK(instance N575).
I: The instance clkbufg_10(GTP_CLKBUFG) has been inserted on the net core_clk in design, driver pin CLKDIVOUT(instance u_DDR3_50H/I_GTP_CLKDIV) -> load pin CLK(instance cnt[0]).
W: DeviceMap-4006: Insert a inst clkgate_11(GTP_IOCLKBUF) before u_DDR3_50H/I_GTP_CLKDIV(GTP_IOCLKDIV).
Converting tech operator to gate operator.
Processing gate operator.
I: Infer CARRY group, base inst: N16_0_1/gateop, insts:13.
I: Infer CARRY group, base inst: N172_0_1/gateop, insts:20.
I: Infer CARRY group, base inst: N182_0.fsub_1/gateop, insts:5.
I: Infer CARRY group, base inst: N191_4_1/gateop, insts:7.
I: Infer CARRY group, base inst: N222_0_2/gateop, insts:10.
I: Infer CARRY group, base inst: N226_2.fsub_1/gateop, insts:6.
I: Infer CARRY group, base inst: N226_3_1/gateop, insts:10.
I: Infer CARRY group, base inst: N241_4/gateop, insts:6.
I: Infer CARRY group, base inst: N243.lt_0/gateop, insts:4.
I: Infer CARRY group, base inst: N244_0.fsub_1/gateop, insts:7.
I: Infer CARRY group, base inst: N249.lt_0/gateop, insts:4.
I: Infer CARRY group, base inst: N252_0_0/gateop, insts:7.
I: Infer CARRY group, base inst: N291_0.fsub_1/gateop, insts:11.
I: Infer CARRY group, base inst: N292.lt_0/gateop, insts:7.
I: Infer CARRY group, base inst: N297_0_1/gateop, insts:8.
I: Infer CARRY group, base inst: N298.lt_0/gateop, insts:6.
I: Infer CARRY group, base inst: N435_0_1/gateop, insts:24.
I: Infer CARRY group, base inst: coms1_reg_config/N11_2_0/gateop, insts:11.
I: Infer CARRY group, base inst: coms1_reg_config/N36_1_1/gateop, insts:8.
I: Infer CARRY group, base inst: coms2_reg_config/N36_1_1/gateop, insts:8.
I: Infer CARRY group, base inst: image_size_down_without_fifo_1/N10_1_1/gateop, insts:15.
I: Infer CARRY group, base inst: image_size_down_without_fifo_1/N33_1_1/gateop, insts:15.
I: Infer CARRY group, base inst: image_size_down_without_fifo_2/N10_1_1/gateop, insts:15.
I: Infer CARRY group, base inst: image_size_down_without_fifo_2/N33_1_1/gateop, insts:15.
I: Infer CARRY group, base inst: image_size_down_without_fifo_4/N10_1_1/gateop, insts:15.
I: Infer CARRY group, base inst: image_size_down_without_fifo_4/N33_1_1/gateop, insts:15.
I: Infer CARRY group, base inst: power_on_delay_inst/N5_1_1/gateop, insts:18.
I: Infer CARRY group, base inst: power_on_delay_inst/N17_1_1/gateop, insts:15.
I: Infer CARRY group, base inst: scaler_1/N10_3.fsub_1/gateop, insts:14.
I: Infer CARRY group, base inst: scaler_2/N12_4.fsub_0/gateop, insts:15.
I: Infer CARRY group, base inst: scaler_2/N32_1_1/gateop, insts:12.
I: Infer CARRY group, base inst: sync_vg/N24_1_1/gateop, insts:9.
I: Infer CARRY group, base inst: sync_vg/N96_1.fsub_1/gateop, insts:9.
I: Infer CARRY group, base inst: sync_vg/N104_1.fsub_1/gateop, insts:10.
I: Infer CARRY group, base inst: sync_vg/N153_1_1/gateop, insts:11.
I: Infer CARRY group, base inst: u_hsv_rgb/N8_1.fsub_1/gateop, insts:4.
I: Infer CARRY group, base inst: u_hsv_rgb/N130.fsub_1/gateop, insts:9.
I: Infer CARRY group, base inst: u_hsv_rgb/N139_1/gateop, insts:8.
I: Infer CARRY group, base inst: u_hsv_rgb/N141.fsub_0/gateop, insts:9.
I: Infer CARRY group, base inst: u_key_config/N19_1_0/gateop, insts:11.
I: Infer CARRY group, base inst: u_key_config/N21_1.fsub_1/gateop, insts:10.
I: Infer CARRY group, base inst: u_key_config/N26_1.fsub_1/gateop, insts:10.
I: Infer CARRY group, base inst: u_rgb_hsv/N0_1.fsub_1/gateop, insts:6.
I: Infer CARRY group, base inst: u_rgb_hsv/N6.lt_0/gateop, insts:7.
I: Infer CARRY group, base inst: u_rgb_hsv/N15_6.fsub_1/gateop, insts:11.
I: Infer CARRY group, base inst: u_rgb_hsv/N15_8.fsub_1/gateop, insts:9.
I: Infer CARRY group, base inst: u_rgb_hsv/N16.lt_1/gateop, insts:6.
I: Infer CARRY group, base inst: u_rgb_hsv/N25_8.fsub_1/gateop, insts:9.
I: Infer CARRY group, base inst: u_rgb_hsv/N25_9.fsub_1/gateop, insts:9.
I: Infer CARRY group, base inst: u_rgb_hsv/N26.lt_0/gateop, insts:6.
I: Infer CARRY group, base inst: u_rgb_hsv/N35_7.fsub_1/gateop, insts:11.
I: Infer CARRY group, base inst: u_rgb_hsv/N35_8.fsub_1/gateop, insts:9.
I: Infer CARRY group, base inst: u_rgb_hsv/N43_a1_1_0/gateop, insts:8.
I: Infer CARRY group, base inst: u_rgb_hsv/N53_a1_1_0/gateop, insts:8.
I: Infer CARRY group, base inst: u_rgb_hsv/N65.lt_0/gateop, insts:4.
I: Infer CARRY group, base inst: u_rgb_hsv/N67.lt_0/gateop, insts:3.
I: Infer CARRY group, base inst: u_rgb_hsv/N72.lt_0/gateop, insts:4.
I: Infer CARRY group, base inst: u_rgb_hsv/N74.lt_0/gateop, insts:4.
I: Infer CARRY group, base inst: u_rgb_hsv/N79.lt_0/gateop, insts:4.
I: Infer CARRY group, base inst: u_rgb_hsv/N81.lt_0/gateop, insts:3.
I: Infer CARRY group, base inst: u_rgb_hsv/N124.eq_0/gateop, insts:7.
I: Infer CARRY group, base inst: u_rgb_hsv/N127_sub0.faddsub_2/gateop, insts:8.
I: Infer CARRY group, base inst: u_rgb_hsv/N127_sub1.faddsub_1/gateop, insts:9.
I: Infer CARRY group, base inst: u_rgb_hsv/N127_sub2.faddsub_1/gateop, insts:9.
I: Infer CARRY group, base inst: u_rgb_hsv/N127_sub3.faddsub_1/gateop, insts:9.
I: Infer CARRY group, base inst: u_rgb_hsv/N127_sub4.faddsub_1/gateop, insts:9.
I: Infer CARRY group, base inst: u_rgb_hsv/N127_sub5.faddsub_1/gateop, insts:9.
I: Infer CARRY group, base inst: u_rgb_hsv/N127_sub6.faddsub_1/gateop, insts:9.
I: Infer CARRY group, base inst: u_rgb_hsv/N127_sub7.faddsub_1/gateop, insts:9.
I: Infer CARRY group, base inst: u_rgb_hsv/N127_sub8.faddsub_1/gateop, insts:9.
I: Infer CARRY group, base inst: u_rgb_hsv/N127_sub9.faddsub_1/gateop, insts:9.
I: Infer CARRY group, base inst: u_rgb_hsv/N127_sub10.faddsub_1/gateop, insts:9.
I: Infer CARRY group, base inst: u_rgb_hsv/N127_sub11.faddsub_1/gateop, insts:9.
I: Infer CARRY group, base inst: u_rgb_hsv/N127_sub12.faddsub_1/gateop, insts:9.
I: Infer CARRY group, base inst: u_rgb_hsv/N127_sub13.faddsub_4/gateop, insts:6.
I: Infer CARRY group, base inst: u_rgb_hsv/N128.eq_0/gateop, insts:7.
I: Infer CARRY group, base inst: u_rgb_hsv/N131_sub0.faddsub_2/gateop, insts:8.
I: Infer CARRY group, base inst: u_rgb_hsv/N131_sub1.faddsub_1/gateop, insts:9.
I: Infer CARRY group, base inst: u_rgb_hsv/N131_sub2.faddsub_1/gateop, insts:9.
I: Infer CARRY group, base inst: u_rgb_hsv/N131_sub3.faddsub_1/gateop, insts:9.
I: Infer CARRY group, base inst: u_rgb_hsv/N131_sub4.faddsub_1/gateop, insts:9.
I: Infer CARRY group, base inst: u_rgb_hsv/N131_sub5.faddsub_1/gateop, insts:9.
I: Infer CARRY group, base inst: u_rgb_hsv/N131_sub6.faddsub_1/gateop, insts:9.
I: Infer CARRY group, base inst: u_rgb_hsv/N131_sub7.faddsub_1/gateop, insts:9.
I: Infer CARRY group, base inst: u_rgb_hsv/N131_sub8.faddsub_1/gateop, insts:9.
I: Infer CARRY group, base inst: u_rgb_hsv/N131_sub9.faddsub_1/gateop, insts:9.
I: Infer CARRY group, base inst: u_rgb_hsv/N131_sub10.faddsub_1/gateop, insts:9.
I: Infer CARRY group, base inst: u_rgb_hsv/N131_sub11.faddsub_1/gateop, insts:9.
I: Infer CARRY group, base inst: u_rgb_hsv/N131_sub12.faddsub_1/gateop, insts:9.
I: Infer CARRY group, base inst: u_rgb_hsv/N131_sub13.faddsub_4/gateop, insts:6.
I: Infer CARRY group, base inst: u_rgb_hsv/N132.eq_0/gateop, insts:7.
I: Infer CARRY group, base inst: u_rgb_hsv/N135_sub0.faddsub_2/gateop, insts:8.
I: Infer CARRY group, base inst: u_rgb_hsv/N135_sub1.faddsub_1/gateop, insts:9.
I: Infer CARRY group, base inst: u_rgb_hsv/N135_sub2.faddsub_1/gateop, insts:9.
I: Infer CARRY group, base inst: u_rgb_hsv/N135_sub3.faddsub_1/gateop, insts:9.
I: Infer CARRY group, base inst: u_rgb_hsv/N135_sub4.faddsub_1/gateop, insts:9.
I: Infer CARRY group, base inst: u_rgb_hsv/N135_sub5.faddsub_1/gateop, insts:9.
I: Infer CARRY group, base inst: u_rgb_hsv/N135_sub6.faddsub_1/gateop, insts:9.
I: Infer CARRY group, base inst: u_rgb_hsv/N135_sub7.faddsub_1/gateop, insts:9.
I: Infer CARRY group, base inst: u_rgb_hsv/N135_sub8.faddsub_1/gateop, insts:9.
I: Infer CARRY group, base inst: u_rgb_hsv/N135_sub9.faddsub_1/gateop, insts:9.
I: Infer CARRY group, base inst: u_rgb_hsv/N135_sub10.faddsub_1/gateop, insts:9.
I: Infer CARRY group, base inst: u_rgb_hsv/N135_sub11.faddsub_1/gateop, insts:9.
I: Infer CARRY group, base inst: u_rgb_hsv/N135_sub12.faddsub_1/gateop, insts:9.
I: Infer CARRY group, base inst: u_rgb_hsv/N135_sub13.faddsub_4/gateop, insts:6.
I: Infer CARRY group, base inst: u_rgb_hsv/N156.eq_0/gateop, insts:6.
I: Infer CARRY group, base inst: u_rgb_hsv/N167.lt_0/gateop, insts:7.
I: Infer CARRY group, base inst: u_rgb_hsv/N175_1.fsub_1/gateop, insts:8.
I: Infer CARRY group, base inst: u_rgb_hsv/N183.eq_0/gateop, insts:7.
I: Infer CARRY group, base inst: u_rgb_hsv/N194.lt_1/gateop, insts:6.
I: Infer CARRY group, base inst: u_rgb_hsv/N207_3_2/gateop, insts:8.
I: Infer CARRY group, base inst: u_rgb_hsv/N214.eq_0/gateop, insts:6.
I: Infer CARRY group, base inst: u_rgb_hsv/N225.lt_0/gateop, insts:6.
I: Infer CARRY group, base inst: u_rgb_hsv/N238_3_2/gateop, insts:8.
I: Infer CARRY group, base inst: u_rgb_hsv/N254_sub0.faddsub_2/gateop, insts:8.
I: Infer CARRY group, base inst: u_rgb_hsv/N254_sub1.faddsub_1/gateop, insts:9.
I: Infer CARRY group, base inst: u_rgb_hsv/N254_sub2.faddsub_1/gateop, insts:9.
I: Infer CARRY group, base inst: u_rgb_hsv/N254_sub3.faddsub_1/gateop, insts:9.
I: Infer CARRY group, base inst: u_rgb_hsv/N254_sub4.faddsub_1/gateop, insts:9.
I: Infer CARRY group, base inst: u_rgb_hsv/N254_sub5.faddsub_1/gateop, insts:9.
I: Infer CARRY group, base inst: u_rgb_hsv/N254_sub6.faddsub_1/gateop, insts:9.
I: Infer CARRY group, base inst: u_rgb_hsv/N254_sub7.faddsub_1/gateop, insts:9.
I: Infer CARRY group, base inst: u_rgb_hsv/N254_sub8.faddsub_1/gateop, insts:9.
I: Infer CARRY group, base inst: u_rgb_hsv/N254_sub9.faddsub_1/gateop, insts:9.
I: Infer CARRY group, base inst: u_rgb_hsv/N254_sub10.faddsub_1/gateop, insts:9.
I: Infer CARRY group, base inst: u_rgb_hsv/N254_sub11.faddsub_1/gateop, insts:9.
I: Infer CARRY group, base inst: u_rgb_hsv/N254_sub12.faddsub_1/gateop, insts:9.
I: Infer CARRY group, base inst: u_rgb_hsv/N254_sub13.faddsub_1/gateop, insts:9.
I: Infer CARRY group, base inst: u_rgb_hsv/N254_sub14.faddsub_1/gateop, insts:9.
I: Infer CARRY group, base inst: u_rgb_hsv/N254_sub15.faddsub_4/gateop, insts:6.
I: Infer CARRY group, base inst: coms1_reg_config/u1/N37_1_1/gateop, insts:5.
I: Infer CARRY group, base inst: coms2_reg_config/u1/N37_1_1/gateop, insts:5.
I: Infer CARRY group, base inst: u_top_sd_rw/ethernet_test/eth_udp_test/udp_ip_mac_top/udp_layer/udp_tx/N23_1.fsub_1/gateop, insts:12.
I: Infer CARRY group, base inst: u_top_sd_rw/ethernet_test/eth_udp_test/udp_ip_mac_top/udp_layer/udp_tx/N24.eq_0/gateop, insts:8.
I: Infer CARRY group, base inst: u_top_sd_rw/ethernet_test/eth_udp_test/udp_ip_mac_top/udp_layer/udp_tx/N41_1_1/gateop, insts:12.
I: Infer CARRY group, base inst: u_top_sd_rw/ethernet_test/eth_udp_test/udp_ip_mac_top/udp_layer/udp_tx/N95_1_1/gateop, insts:15.
I: Infer CARRY group, base inst: u_DDR3_50H/u_ipsxb_ddrc_top/mcdq_dcp_top/mcdq_dcp_buf/A_ipsxb_distributed_fifo/u_ipsxb_distributed_fifo_distributed_fifo_v1_0/u_ipsxb_distributed_fifo_ctr/N3_3_1/gateop, insts:5.
I: Infer CARRY group, base inst: u_DDR3_50H/u_ipsxb_ddrc_top/mcdq_dcp_top/mcdq_dcp_buf/A_ipsxb_distributed_fifo/u_ipsxb_distributed_fifo_distributed_fifo_v1_0/u_ipsxb_distributed_fifo_ctr/N10_3_1/gateop, insts:5.
I: Infer CARRY group, base inst: u_DDR3_50H/u_ipsxb_ddrc_top/mcdq_dcp_top/mcdq_dcp_buf/A_ipsxb_distributed_fifo/u_ipsxb_distributed_fifo_distributed_fifo_v1_0/u_ipsxb_distributed_fifo_ctr/N16.eq_0/gateop, insts:2.
I: Infer CARRY group, base inst: u_DDR3_50H/u_ipsxb_ddrc_top/mcdq_dcp_top/mcdq_dcp_buf/A_ipsxb_distributed_fifo/u_ipsxb_distributed_fifo_distributed_fifo_v1_0/u_ipsxb_distributed_fifo_ctr/N19.lt_0/gateop, insts:3.
I: Infer CARRY group, base inst: u_DDR3_50H/u_ipsxb_ddrc_top/mcdq_dcp_top/mcdq_dcp_buf/A_ipsxb_distributed_fifo/u_ipsxb_distributed_fifo_distributed_fifo_v1_0/u_ipsxb_distributed_fifo_ctr/N24_1.fsub_1/gateop, insts:6.
I: Infer CARRY group, base inst: u_DDR3_50H/u_ipsxb_ddrc_top/mcdq_dcp_top/mcdq_dcp_buf/A_ipsxb_distributed_fifo/u_ipsxb_distributed_fifo_distributed_fifo_v1_0/u_ipsxb_distributed_fifo_ctr/N30.fsub_1/gateop, insts:6.
I: Infer CARRY group, base inst: u_DDR3_50H/u_ipsxb_ddrc_top/mcdq_dcp_top/mcdq_dcp_buf/A_ipsxb_distributed_fifo/u_ipsxb_distributed_fifo_distributed_fifo_v1_0/u_ipsxb_distributed_fifo_ctr/N36.eq_0/gateop, insts:3.
I: Infer CARRY group, base inst: u_DDR3_50H/u_ipsxb_ddrc_top/mcdq_dcp_top/mcdq_dcp_buf/B_ipsxb_distributed_fifo/u_ipsxb_distributed_fifo_distributed_fifo_v1_0/u_ipsxb_distributed_fifo_ctr/N3_3_1/gateop, insts:5.
I: Infer CARRY group, base inst: u_DDR3_50H/u_ipsxb_ddrc_top/mcdq_dcp_top/mcdq_dcp_buf/B_ipsxb_distributed_fifo/u_ipsxb_distributed_fifo_distributed_fifo_v1_0/u_ipsxb_distributed_fifo_ctr/N10_3_1/gateop, insts:5.
I: Infer CARRY group, base inst: u_DDR3_50H/u_ipsxb_ddrc_top/mcdq_dcp_top/mcdq_dcp_buf/B_ipsxb_distributed_fifo/u_ipsxb_distributed_fifo_distributed_fifo_v1_0/u_ipsxb_distributed_fifo_ctr/N16.eq_0/gateop, insts:2.
I: Infer CARRY group, base inst: u_DDR3_50H/u_ipsxb_ddrc_top/mcdq_dcp_top/mcdq_dcp_buf/B_ipsxb_distributed_fifo/u_ipsxb_distributed_fifo_distributed_fifo_v1_0/u_ipsxb_distributed_fifo_ctr/N19.lt_0/gateop, insts:3.
I: Infer CARRY group, base inst: u_DDR3_50H/u_ipsxb_ddrc_top/mcdq_dcp_top/mcdq_dcp_buf/B_ipsxb_distributed_fifo/u_ipsxb_distributed_fifo_distributed_fifo_v1_0/u_ipsxb_distributed_fifo_ctr/N24_1.fsub_1/gateop, insts:6.
I: Infer CARRY group, base inst: u_DDR3_50H/u_ipsxb_ddrc_top/mcdq_dcp_top/mcdq_dcp_buf/B_ipsxb_distributed_fifo/u_ipsxb_distributed_fifo_distributed_fifo_v1_0/u_ipsxb_distributed_fifo_ctr/N30.fsub_1/gateop, insts:6.
I: Infer CARRY group, base inst: u_DDR3_50H/u_ipsxb_ddrc_top/mcdq_dcp_top/mcdq_dcp_buf/B_ipsxb_distributed_fifo/u_ipsxb_distributed_fifo_distributed_fifo_v1_0/u_ipsxb_distributed_fifo_ctr/N36.eq_0/gateop, insts:3.
I: Infer CARRY group, base inst: u_top_sd_rw/ethernet_test/eth_udp_test/udp_ip_mac_top/arp_mac_top_U1/mac_layer/mac_rx/N89_1_1/gateop, insts:15.
I: Infer CARRY group, base inst: u_top_sd_rw/ethernet_test/eth_udp_test/udp_ip_mac_top/arp_mac_top_U1/mac_layer/mac_rx/N213.eq_0/gateop, insts:16.
I: Infer CARRY group, base inst: u_top_sd_rw/ethernet_test/eth_udp_test/udp_ip_mac_top/arp_mac_top_U1/mac_layer/mac_tx/N108_1_1/gateop, insts:15.
I: Infer CARRY group, base inst: u_top_sd_rw/ethernet_test/eth_udp_test/udp_ip_mac_top/arp_mac_top_U1/mac_layer/mac_tx_mode/N51_1_1/gateop, insts:15.
I: Infer CARRY group, base inst: frame_buf/rd_buf/N13_1_1/gateop, insts:11.
I: Infer CARRY group, base inst: frame_buf/rd_buf/N19_1_0/gateop, insts:2.
I: Infer CARRY group, base inst: frame_buf/rd_buf/N68_1_1/gateop, insts:8.
I: Infer CARRY group, base inst: frame_buf/rd_buf/N165_8_0/gateop, insts:15.
I: Infer CARRY group, base inst: frame_buf/rd_buf/N174_10_0/gateop, insts:12.
I: Infer CARRY group, base inst: frame_buf/wr_buf_1/N16_1_1/gateop, insts:11.
I: Infer CARRY group, base inst: frame_buf/wr_buf_1/N22_1_1/gateop, insts:11.
I: Infer CARRY group, base inst: frame_buf/wr_buf_1/N71_1_1/gateop, insts:14.
I: Infer CARRY group, base inst: frame_buf/wr_buf_1/N82_8/gateop, insts:21.
I: Infer CARRY group, base inst: frame_buf/wr_buf_1/N100_6_0/gateop, insts:9.
I: Infer CARRY group, base inst: frame_buf/wr_buf_2/N16_1_1/gateop, insts:11.
I: Infer CARRY group, base inst: frame_buf/wr_buf_2/N22_1_1/gateop, insts:11.
I: Infer CARRY group, base inst: frame_buf/wr_buf_2/N71_1_1/gateop, insts:14.
I: Infer CARRY group, base inst: frame_buf/wr_buf_2/N82_8/gateop, insts:21.
I: Infer CARRY group, base inst: frame_buf/wr_buf_2/N100_6_0/gateop, insts:9.
I: Infer CARRY group, base inst: frame_buf/wr_buf_3/N16_1_1/gateop, insts:11.
I: Infer CARRY group, base inst: frame_buf/wr_buf_3/N22_1_1/gateop, insts:11.
I: Infer CARRY group, base inst: frame_buf/wr_buf_3/N71_1_1/gateop, insts:14.
I: Infer CARRY group, base inst: frame_buf/wr_buf_3/N82_8/gateop, insts:21.
I: Infer CARRY group, base inst: frame_buf/wr_buf_3/N100_6_0/gateop, insts:9.
I: Infer CARRY group, base inst: frame_buf/wr_buf_4/N16_1_1/gateop, insts:11.
I: Infer CARRY group, base inst: frame_buf/wr_buf_4/N22_1_1/gateop, insts:11.
I: Infer CARRY group, base inst: frame_buf/wr_buf_4/N71_1_1/gateop, insts:14.
I: Infer CARRY group, base inst: frame_buf/wr_buf_4/N82_0/gateop, insts:22.
I: Infer CARRY group, base inst: frame_buf/wr_buf_4/N100_6_0/gateop, insts:9.
I: Infer CARRY group, base inst: ms72xx_ctl/iic_dri_rx/N136.lt_0/gateop, insts:2.
I: Infer CARRY group, base inst: ms72xx_ctl/iic_dri_tx/N136.lt_0/gateop, insts:2.
I: Infer CARRY group, base inst: ms72xx_ctl/ms7200_ctl/N101_1_1/gateop, insts:8.
I: Infer CARRY group, base inst: ms72xx_ctl/ms7200_ctl/N224_1_0/gateop, insts:9.
I: Infer CARRY group, base inst: ms72xx_ctl/ms7210_ctl/N98_1_1/gateop, insts:21.
I: Infer CARRY group, base inst: ms72xx_ctl/ms7210_ctl/N156_1_0/gateop, insts:6.
I: Infer CARRY group, base inst: scaler_1/ram_fifo_ctrl_inst/N1_1_1/gateop, insts:10.
I: Infer CARRY group, base inst: scaler_1/ram_fifo_ctrl_inst/N13_3_1/gateop, insts:11.
I: Infer CARRY group, base inst: scaler_1/ram_fifo_ctrl_inst/N23_1_1/gateop, insts:9.
I: Infer CARRY group, base inst: scaler_1/ram_fifo_ctrl_inst/N47_4_1/gateop, insts:10.
I: Infer CARRY group, base inst: scaler_1/ram_fifo_ctrl_inst/N52.lt_0/gateop, insts:6.
I: Infer CARRY group, base inst: scaler_1/ram_fifo_ctrl_inst/N62.eq_0/gateop, insts:6.
I: Infer CARRY group, base inst: scaler_1/ram_fifo_ctrl_inst/N63.lt_0/gateop, insts:6.
I: Infer CARRY group, base inst: scaler_1/u_calculator/N20.eq_0/gateop, insts:6.
I: Infer CARRY group, base inst: scaler_1/u_calculator/N38_1.fsub_1/gateop, insts:10.
I: Infer CARRY group, base inst: scaler_1/u_calculator/N44_1_0/gateop, insts:11.
I: Infer CARRY group, base inst: scaler_1/u_calculator/N56_1.fsub_1/gateop, insts:10.
I: Infer CARRY group, base inst: scaler_1/u_calculator/N71_2_0/gateop, insts:11.
I: Infer CARRY group, base inst: scaler_1/u_calculator/N81.eq_0/gateop, insts:6.
I: Infer CARRY group, base inst: scaler_1/u_calculator/N101_1.fsub_1/gateop, insts:9.
I: Infer CARRY group, base inst: scaler_1/u_calculator/N102.lt_0/gateop, insts:7.
I: Infer CARRY group, base inst: scaler_1/u_calculator/N114_1.fsub_1/gateop, insts:11.
I: Infer CARRY group, base inst: scaler_1/u_calculator/N115.lt_0/gateop, insts:7.
I: Infer CARRY group, base inst: scaler_1/u_calculator/N124_1_1/gateop, insts:11.
I: Infer CARRY group, base inst: scaler_1/u_rfifo/N5_3_1/gateop, insts:11.
I: Infer CARRY group, base inst: scaler_2/ram_fifo_ctrl_inst/N1_1_1/gateop, insts:10.
I: Infer CARRY group, base inst: scaler_2/ram_fifo_ctrl_inst/N13_3_1/gateop, insts:11.
I: Infer CARRY group, base inst: scaler_2/ram_fifo_ctrl_inst/N23_1_1/gateop, insts:9.
I: Infer CARRY group, base inst: scaler_2/ram_fifo_ctrl_inst/N47_4_1/gateop, insts:10.
I: Infer CARRY group, base inst: scaler_2/ram_fifo_ctrl_inst/N52.lt_0/gateop, insts:6.
I: Infer CARRY group, base inst: scaler_2/ram_fifo_ctrl_inst/N62.eq_0/gateop, insts:6.
I: Infer CARRY group, base inst: scaler_2/ram_fifo_ctrl_inst/N63.lt_0/gateop, insts:6.
I: Infer CARRY group, base inst: scaler_2/u_calculator/N20.eq_0/gateop, insts:6.
I: Infer CARRY group, base inst: scaler_2/u_calculator/N46_1.fsub_1/gateop, insts:10.
I: Infer CARRY group, base inst: scaler_2/u_calculator/N61_2_0/gateop, insts:11.
I: Infer CARRY group, base inst: scaler_2/u_calculator/N90.lt_0/gateop, insts:6.
I: Infer CARRY group, base inst: scaler_2/u_calculator/N139_3_1/gateop, insts:11.
I: Infer CARRY group, base inst: scaler_2/u_rfifo/N5_3_1/gateop, insts:11.
I: Infer CARRY group, base inst: scaler_3/ram_fifo_ctrl_inst/N1_1_1/gateop, insts:10.
I: Infer CARRY group, base inst: scaler_3/ram_fifo_ctrl_inst/N13_3_1/gateop, insts:11.
I: Infer CARRY group, base inst: scaler_3/ram_fifo_ctrl_inst/N23_1_1/gateop, insts:9.
I: Infer CARRY group, base inst: scaler_3/ram_fifo_ctrl_inst/N47_4_1/gateop, insts:10.
I: Infer CARRY group, base inst: scaler_3/ram_fifo_ctrl_inst/N52.lt_0/gateop, insts:6.
I: Infer CARRY group, base inst: scaler_3/ram_fifo_ctrl_inst/N62.eq_0/gateop, insts:6.
I: Infer CARRY group, base inst: scaler_3/ram_fifo_ctrl_inst/N63.lt_0/gateop, insts:6.
I: Infer CARRY group, base inst: scaler_3/u_calculator/N20.eq_0/gateop, insts:6.
I: Infer CARRY group, base inst: scaler_3/u_calculator/N26_1.fsub_1/gateop, insts:11.
I: Infer CARRY group, base inst: scaler_3/u_calculator/N27.eq_0/gateop, insts:7.
I: Infer CARRY group, base inst: scaler_3/u_calculator/N56_1.fsub_1/gateop, insts:10.
I: Infer CARRY group, base inst: scaler_3/u_calculator/N62_1_0/gateop, insts:11.
I: Infer CARRY group, base inst: scaler_3/u_calculator/N78_4_1/gateop, insts:10.
I: Infer CARRY group, base inst: scaler_3/u_calculator/N88.eq_0/gateop, insts:6.
I: Infer CARRY group, base inst: scaler_3/u_calculator/N108_1.fsub_1/gateop, insts:9.
I: Infer CARRY group, base inst: scaler_3/u_calculator/N109.lt_0/gateop, insts:7.
I: Infer CARRY group, base inst: scaler_3/u_calculator/N121_1.fsub_1/gateop, insts:11.
I: Infer CARRY group, base inst: scaler_3/u_calculator/N122.lt_0/gateop, insts:7.
I: Infer CARRY group, base inst: scaler_3/u_calculator/N131_1_1/gateop, insts:11.
I: Infer CARRY group, base inst: scaler_3/u_rfifo/N5_3_1/gateop, insts:11.
I: Infer CARRY group, base inst: scaler_4/ram_fifo_ctrl_inst/N1_1_1/gateop, insts:10.
I: Infer CARRY group, base inst: scaler_4/ram_fifo_ctrl_inst/N13_3_1/gateop, insts:11.
I: Infer CARRY group, base inst: scaler_4/ram_fifo_ctrl_inst/N23_1_1/gateop, insts:9.
I: Infer CARRY group, base inst: scaler_4/ram_fifo_ctrl_inst/N47_4_1/gateop, insts:10.
I: Infer CARRY group, base inst: scaler_4/ram_fifo_ctrl_inst/N52.lt_0/gateop, insts:6.
I: Infer CARRY group, base inst: scaler_4/ram_fifo_ctrl_inst/N62.eq_0/gateop, insts:6.
I: Infer CARRY group, base inst: scaler_4/ram_fifo_ctrl_inst/N63.lt_0/gateop, insts:6.
I: Infer CARRY group, base inst: scaler_4/u_calculator/N20.eq_0/gateop, insts:6.
I: Infer CARRY group, base inst: scaler_4/u_calculator/N26_1.fsub_1/gateop, insts:11.
I: Infer CARRY group, base inst: scaler_4/u_calculator/N27.eq_0/gateop, insts:7.
I: Infer CARRY group, base inst: scaler_4/u_calculator/N68_4_1/gateop, insts:10.
I: Infer CARRY group, base inst: scaler_4/u_calculator/N97.lt_0/gateop, insts:6.
I: Infer CARRY group, base inst: scaler_4/u_calculator/N145_3_1/gateop, insts:11.
I: Infer CARRY group, base inst: scaler_4/u_rfifo/N5_3_1/gateop, insts:11.
I: Infer CARRY group, base inst: u_top_sd_rw/u_data_gen/N63_1_0/gateop, insts:7.
I: Infer CARRY group, base inst: u_top_sd_rw/ethernet_test/eth_udp_test/udp_ip_mac_top/udp_layer/udp_rx/N103.lt_0/gateop, insts:8.
I: Infer CARRY group, base inst: u_top_sd_rw/ethernet_test/eth_udp_test/udp_ip_mac_top/udp_layer/udp_rx/N96_1_1/gateop, insts:15.
I: Infer CARRY group, base inst: u_top_sd_rw/u_data_gen/N147_5_1/gateop, insts:16.
I: Infer CARRY group, base inst: u_top_sd_rw/u_data_gen/N147_6.fsub_1/gateop, insts:18.
I: Infer CARRY group, base inst: u_top_sd_rw/u_data_gen/N152_1_0/gateop, insts:16.
I: Infer CARRY group, base inst: u_top_sd_rw/u_data_gen/N249_1_0/gateop, insts:10.
I: Infer CARRY group, base inst: u_top_sd_rw/u_data_gen/N275_0_4/gateop, insts:10.
I: Infer CARRY group, base inst: u_top_sd_rw/u_data_gen/N275_1_2/gateop, insts:12.
I: Infer CARRY group, base inst: u_top_sd_rw/u_data_gen/N277_1_0/gateop, insts:16.
I: Infer CARRY group, base inst: u_top_sd_rw/u_data_gen/N36942_6_0/gateop, insts:13.
I: Infer CARRY group, base inst: frame_buf/wr_rd_ctrl_top/wr_cmd_trans/N42_1_0/gateop, insts:12.
I: Infer CARRY group, base inst: frame_buf/wr_rd_ctrl_top/wr_cmd_trans/N86_2_1/gateop, insts:25.
I: Infer CARRY group, base inst: frame_buf/wr_rd_ctrl_top/wr_cmd_trans/N150_1_1/gateop, insts:15.
I: Infer CARRY group, base inst: frame_buf/wr_rd_ctrl_top/wr_cmd_trans/N192_1_1/gateop, insts:11.
I: Infer CARRY group, base inst: frame_buf/wr_rd_ctrl_top/wr_cmd_trans/N227_2_1/gateop, insts:25.
I: Infer CARRY group, base inst: scale_fifo_inst/U_ipml_fifo_scale_fifo/U_ipml_fifo_ctrl/N3_3_1/gateop, insts:12.
I: Infer CARRY group, base inst: scale_fifo_inst/U_ipml_fifo_scale_fifo/U_ipml_fifo_ctrl/N85_3_1/gateop, insts:12.
I: Infer CARRY group, base inst: scale_fifo_inst/U_ipml_fifo_scale_fifo/U_ipml_fifo_ctrl/N167.eq_0/gateop, insts:6.
I: Infer CARRY group, base inst: scale_fifo_inst/U_ipml_fifo_scale_fifo/U_ipml_fifo_ctrl/N170.eq_0/gateop, insts:6.
I: Infer CARRY group, base inst: scale_fifo_inst_2/U_ipml_fifo_scale_fifo/U_ipml_fifo_ctrl/N3_3_1/gateop, insts:12.
I: Infer CARRY group, base inst: scale_fifo_inst_2/U_ipml_fifo_scale_fifo/U_ipml_fifo_ctrl/N85_5_1/gateop, insts:11.
I: Infer CARRY group, base inst: scale_fifo_inst_2/U_ipml_fifo_scale_fifo/U_ipml_fifo_ctrl/N167.eq_0/gateop, insts:6.
I: Infer CARRY group, base inst: scale_fifo_inst_2/U_ipml_fifo_scale_fifo/U_ipml_fifo_ctrl/N170.eq_0/gateop, insts:6.
I: Infer CARRY group, base inst: scale_fifo_inst_3/U_ipml_fifo_scale_fifo/U_ipml_fifo_ctrl/N3_3_1/gateop, insts:12.
I: Infer CARRY group, base inst: scale_fifo_inst_3/U_ipml_fifo_scale_fifo/U_ipml_fifo_ctrl/N85_5_1/gateop, insts:11.
I: Infer CARRY group, base inst: scale_fifo_inst_3/U_ipml_fifo_scale_fifo/U_ipml_fifo_ctrl/N167.eq_0/gateop, insts:6.
I: Infer CARRY group, base inst: scale_fifo_inst_3/U_ipml_fifo_scale_fifo/U_ipml_fifo_ctrl/N170.eq_0/gateop, insts:6.
I: Infer CARRY group, base inst: scale_fifo_inst_4/U_ipml_fifo_scale_fifo/U_ipml_fifo_ctrl/N3_3_1/gateop, insts:12.
I: Infer CARRY group, base inst: scale_fifo_inst_4/U_ipml_fifo_scale_fifo/U_ipml_fifo_ctrl/N85_3_1/gateop, insts:12.
I: Infer CARRY group, base inst: scale_fifo_inst_4/U_ipml_fifo_scale_fifo/U_ipml_fifo_ctrl/N167.eq_0/gateop, insts:6.
I: Infer CARRY group, base inst: scale_fifo_inst_4/U_ipml_fifo_scale_fifo/U_ipml_fifo_ctrl/N170.eq_0/gateop, insts:6.
I: Infer CARRY group, base inst: u_DDR3_50H/u_ddrphy_top/ddrphy_info/mc_al_6.fsub_0/gateop, insts:5.
I: Infer CARRY group, base inst: u_DDR3_50H/u_ddrphy_top/ddrphy_info/mc_rl_0/gateop, insts:6.
I: Infer CARRY group, base inst: u_DDR3_50H/u_ddrphy_top/ddrphy_info/mc_wl_0/gateop, insts:6.
I: Infer CARRY group, base inst: u_DDR3_50H/u_ddrphy_top/ddrphy_reset_ctrl/N29_1_1/gateop, insts:7.
I: Infer CARRY group, base inst: u_DDR3_50H/u_ddrphy_top/ddrphy_slice_top/N48_1_1/gateop, insts:7.
I: Infer CARRY group, base inst: u_DDR3_50H/u_ipsxb_ddrc_top/mcdq_ui_axi/N59_1_0/gateop, insts:5.
I: Infer CARRY group, base inst: u_DDR3_50H/u_ipsxb_ddrc_top/mcdq_ui_axi/N69_2_1/gateop, insts:25.
I: Infer CARRY group, base inst: u_DDR3_50H/u_ipsxb_ddrc_top/mcdq_ui_axi/N185.eq_0/gateop, insts:8.
I: Infer CARRY group, base inst: u_DDR3_50H/u_ipsxb_ddrc_top/mcdq_ui_axi/column_addr_end_1_1/gateop, insts:7.
I: Infer CARRY group, base inst: u_top_sd_rw/ethernet_test/eth_udp_test/N110.eq_0/gateop, insts:5.
I: Infer CARRY group, base inst: u_top_sd_rw/ethernet_test/eth_udp_test/N127_1_1/gateop, insts:31.
I: Infer CARRY group, base inst: u_top_sd_rw/ethernet_test/eth_udp_test/N139.eq_0/gateop, insts:8.
I: Infer CARRY group, base inst: u_top_sd_rw/ethernet_test/eth_udp_test/N150_1.fsub_1/gateop, insts:10.
I: Infer CARRY group, base inst: u_top_sd_rw/ethernet_test/eth_udp_test/N152_1_1/gateop, insts:15.
I: Infer CARRY group, base inst: u_top_sd_rw/u_sd_ctrl_top/u_sd_init/N9_1_1/gateop, insts:6.
I: Infer CARRY group, base inst: u_top_sd_rw/u_sd_ctrl_top/u_sd_init/N22_1_1/gateop, insts:12.
I: Infer CARRY group, base inst: u_top_sd_rw/u_sd_ctrl_top/u_sd_init/N35_1_1/gateop, insts:5.
I: Infer CARRY group, base inst: u_top_sd_rw/u_sd_ctrl_top/u_sd_init/N126_1_1/gateop, insts:5.
I: Infer CARRY group, base inst: u_top_sd_rw/u_sd_ctrl_top/u_sd_init/N138_1_1/gateop, insts:15.
I: Infer CARRY group, base inst: u_top_sd_rw/u_sd_ctrl_top/u_sd_read/N13_1_1/gateop, insts:5.
I: Infer CARRY group, base inst: u_top_sd_rw/u_sd_ctrl_top/u_sd_read/N49_1_1/gateop, insts:8.
I: Infer CARRY group, base inst: u_top_sd_rw/u_sd_ctrl_top/u_sd_read/N112_1_1/gateop, insts:5.
I: Infer CARRY group, base inst: u_DDR3_50H/u_ddrphy_top/ddrphy_calib_top/ddrphy_init/N3_1_1/gateop, insts:15.
I: Infer CARRY group, base inst: u_DDR3_50H/u_ddrphy_top/ddrphy_calib_top/ddrphy_init/N23_1_1/gateop, insts:15.
I: Infer CARRY group, base inst: u_DDR3_50H/u_ddrphy_top/ddrphy_calib_top/ddrphy_init/N41_1_1/gateop, insts:7.
I: Infer CARRY group, base inst: u_DDR3_50H/u_ddrphy_top/ddrphy_calib_top/ddrphy_init/N79_1_0/gateop, insts:10.
I: Infer CARRY group, base inst: u_DDR3_50H/u_ddrphy_top/ddrphy_calib_top/ddrphy_wrlvl/N8_1_0/gateop, insts:8.
I: Infer CARRY group, base inst: u_DDR3_50H/u_ddrphy_top/ddrphy_calib_top/rdcal/N33_1_0/gateop, insts:18.
I: Infer CARRY group, base inst: u_DDR3_50H/u_ddrphy_top/ddrphy_reset_ctrl/ddrphy_pll_lock_debounce/N11_1_1/gateop, insts:18.
I: Infer CARRY group, base inst: u_DDR3_50H/u_ipsxb_ddrc_top/mcdq_dcd_top/mcdq_dcd_bm/N37_1_1/gateop, insts:12.
I: Infer CARRY group, base inst: u_DDR3_50H/u_ipsxb_ddrc_top/mcdq_dcd_top/mcdq_dcd_sm/N162_7_0[9:0]/gateop, insts:7.
I: Infer CARRY group, base inst: u_DDR3_50H/u_ipsxb_ddrc_top/mcdq_dcp_top/mcdq_dcp_buf/N46_1_1/gateop, insts:6.
I: Infer CARRY group, base inst: u_DDR3_50H/u_ddrphy_top/ddrphy_slice_top/i_dqs_group[0].u_ddrphy_data_slice/data_slice_wrlvl/N102_1_1/gateop, insts:7.
I: Infer CARRY group, base inst: u_DDR3_50H/u_ddrphy_top/ddrphy_slice_top/i_dqs_group[0].u_ddrphy_data_slice/data_slice_wrlvl/N104_1_1/gateop, insts:7.
I: Infer CARRY group, base inst: u_DDR3_50H/u_ddrphy_top/ddrphy_slice_top/i_dqs_group[0].u_ddrphy_data_slice/data_slice_wrlvl/N201_1_1/gateop, insts:7.
I: Infer CARRY group, base inst: u_DDR3_50H/u_ddrphy_top/ddrphy_slice_top/i_dqs_group[0].u_ddrphy_data_slice/dqsi_rdel_cal/N28_1.fsub_0/gateop, insts:7.
I: Infer CARRY group, base inst: u_DDR3_50H/u_ddrphy_top/ddrphy_slice_top/i_dqs_group[0].u_ddrphy_data_slice/dqsi_rdel_cal/N33_1_1/gateop, insts:7.
I: Infer CARRY group, base inst: u_DDR3_50H/u_ddrphy_top/ddrphy_slice_top/i_dqs_group[0].u_ddrphy_data_slice/dqsi_rdel_cal/N43_1.fsub_1/gateop, insts:7.
I: Infer CARRY group, base inst: u_DDR3_50H/u_ddrphy_top/ddrphy_slice_top/i_dqs_group[0].u_ddrphy_data_slice/dqsi_rdel_cal/N53.eq_0/gateop, insts:4.
I: Infer CARRY group, base inst: u_DDR3_50H/u_ddrphy_top/ddrphy_slice_top/i_dqs_group[0].u_ddrphy_data_slice/dqsi_rdel_cal/N85_1/gateop, insts:8.
I: Infer CARRY group, base inst: u_DDR3_50H/u_ddrphy_top/ddrphy_slice_top/i_dqs_group[0].u_ddrphy_data_slice/dqsi_rdel_cal/N104_1_1/gateop, insts:9.
I: Infer CARRY group, base inst: u_DDR3_50H/u_ddrphy_top/ddrphy_slice_top/i_dqs_group[0].u_ddrphy_data_slice/dqsi_rdel_cal/N108.eq_0/gateop, insts:5.
I: Infer CARRY group, base inst: u_DDR3_50H/u_ddrphy_top/ddrphy_slice_top/i_dqs_group[0].u_ddrphy_data_slice/dqsi_rdel_cal/N167.eq_0/gateop, insts:5.
I: Infer CARRY group, base inst: u_DDR3_50H/u_ddrphy_top/ddrphy_slice_top/i_dqs_group[0].u_ddrphy_data_slice/dqsi_rdel_cal/N264_1_0/gateop, insts:8.
I: Infer CARRY group, base inst: u_DDR3_50H/u_ddrphy_top/ddrphy_slice_top/i_dqs_group[0].u_ddrphy_data_slice/dqsi_rdel_cal/N280_1_0/gateop, insts:8.
I: Infer CARRY group, base inst: u_DDR3_50H/u_ddrphy_top/ddrphy_slice_top/i_dqs_group[0].u_ddrphy_data_slice/dqsi_rdel_cal/N285_1_1/gateop, insts:9.
I: Infer CARRY group, base inst: u_DDR3_50H/u_ddrphy_top/ddrphy_slice_top/i_dqs_group[1].u_ddrphy_data_slice/data_slice_wrlvl/N102_1_1/gateop, insts:7.
I: Infer CARRY group, base inst: u_DDR3_50H/u_ddrphy_top/ddrphy_slice_top/i_dqs_group[1].u_ddrphy_data_slice/data_slice_wrlvl/N104_1_1/gateop, insts:7.
I: Infer CARRY group, base inst: u_DDR3_50H/u_ddrphy_top/ddrphy_slice_top/i_dqs_group[1].u_ddrphy_data_slice/data_slice_wrlvl/N201_1_1/gateop, insts:7.
I: Infer CARRY group, base inst: u_DDR3_50H/u_ddrphy_top/ddrphy_slice_top/i_dqs_group[1].u_ddrphy_data_slice/dqsi_rdel_cal/N28_1.fsub_0/gateop, insts:7.
I: Infer CARRY group, base inst: u_DDR3_50H/u_ddrphy_top/ddrphy_slice_top/i_dqs_group[1].u_ddrphy_data_slice/dqsi_rdel_cal/N33_1_1/gateop, insts:7.
I: Infer CARRY group, base inst: u_DDR3_50H/u_ddrphy_top/ddrphy_slice_top/i_dqs_group[1].u_ddrphy_data_slice/dqsi_rdel_cal/N43_1.fsub_1/gateop, insts:7.
I: Infer CARRY group, base inst: u_DDR3_50H/u_ddrphy_top/ddrphy_slice_top/i_dqs_group[1].u_ddrphy_data_slice/dqsi_rdel_cal/N53.eq_0/gateop, insts:4.
I: Infer CARRY group, base inst: u_DDR3_50H/u_ddrphy_top/ddrphy_slice_top/i_dqs_group[1].u_ddrphy_data_slice/dqsi_rdel_cal/N85_1/gateop, insts:8.
I: Infer CARRY group, base inst: u_DDR3_50H/u_ddrphy_top/ddrphy_slice_top/i_dqs_group[1].u_ddrphy_data_slice/dqsi_rdel_cal/N104_1_1/gateop, insts:9.
I: Infer CARRY group, base inst: u_DDR3_50H/u_ddrphy_top/ddrphy_slice_top/i_dqs_group[1].u_ddrphy_data_slice/dqsi_rdel_cal/N108.eq_0/gateop, insts:5.
I: Infer CARRY group, base inst: u_DDR3_50H/u_ddrphy_top/ddrphy_slice_top/i_dqs_group[1].u_ddrphy_data_slice/dqsi_rdel_cal/N167.eq_0/gateop, insts:5.
I: Infer CARRY group, base inst: u_DDR3_50H/u_ddrphy_top/ddrphy_slice_top/i_dqs_group[1].u_ddrphy_data_slice/dqsi_rdel_cal/N264_1_0/gateop, insts:8.
I: Infer CARRY group, base inst: u_DDR3_50H/u_ddrphy_top/ddrphy_slice_top/i_dqs_group[1].u_ddrphy_data_slice/dqsi_rdel_cal/N280_1_0/gateop, insts:8.
I: Infer CARRY group, base inst: u_DDR3_50H/u_ddrphy_top/ddrphy_slice_top/i_dqs_group[1].u_ddrphy_data_slice/dqsi_rdel_cal/N285_1_1/gateop, insts:9.
I: Infer CARRY group, base inst: u_DDR3_50H/u_ddrphy_top/ddrphy_slice_top/i_dqs_group[2].u_ddrphy_data_slice/data_slice_wrlvl/N102_1_1/gateop, insts:7.
I: Infer CARRY group, base inst: u_DDR3_50H/u_ddrphy_top/ddrphy_slice_top/i_dqs_group[2].u_ddrphy_data_slice/data_slice_wrlvl/N104_1_1/gateop, insts:7.
I: Infer CARRY group, base inst: u_DDR3_50H/u_ddrphy_top/ddrphy_slice_top/i_dqs_group[2].u_ddrphy_data_slice/data_slice_wrlvl/N201_1_1/gateop, insts:7.
I: Infer CARRY group, base inst: u_DDR3_50H/u_ddrphy_top/ddrphy_slice_top/i_dqs_group[2].u_ddrphy_data_slice/dqsi_rdel_cal/N85_1/gateop, insts:8.
I: Infer CARRY group, base inst: u_DDR3_50H/u_ddrphy_top/ddrphy_slice_top/i_dqs_group[2].u_ddrphy_data_slice/dqsi_rdel_cal/N104_1_1/gateop, insts:9.
I: Infer CARRY group, base inst: u_DDR3_50H/u_ddrphy_top/ddrphy_slice_top/i_dqs_group[2].u_ddrphy_data_slice/dqsi_rdel_cal/N108.eq_0/gateop, insts:5.
I: Infer CARRY group, base inst: u_DDR3_50H/u_ddrphy_top/ddrphy_slice_top/i_dqs_group[2].u_ddrphy_data_slice/dqsi_rdel_cal/N167.eq_0/gateop, insts:5.
I: Infer CARRY group, base inst: u_DDR3_50H/u_ddrphy_top/ddrphy_slice_top/i_dqs_group[2].u_ddrphy_data_slice/dqsi_rdel_cal/N264_1_0/gateop, insts:8.
I: Infer CARRY group, base inst: u_DDR3_50H/u_ddrphy_top/ddrphy_slice_top/i_dqs_group[2].u_ddrphy_data_slice/dqsi_rdel_cal/N280_1_0/gateop, insts:8.
I: Infer CARRY group, base inst: u_DDR3_50H/u_ddrphy_top/ddrphy_slice_top/i_dqs_group[2].u_ddrphy_data_slice/dqsi_rdel_cal/N285_1_1/gateop, insts:9.
I: Infer CARRY group, base inst: u_DDR3_50H/u_ddrphy_top/ddrphy_slice_top/i_dqs_group[3].u_ddrphy_data_slice/data_slice_wrlvl/N102_1_1/gateop, insts:7.
I: Infer CARRY group, base inst: u_DDR3_50H/u_ddrphy_top/ddrphy_slice_top/i_dqs_group[3].u_ddrphy_data_slice/data_slice_wrlvl/N104_1_1/gateop, insts:7.
I: Infer CARRY group, base inst: u_DDR3_50H/u_ddrphy_top/ddrphy_slice_top/i_dqs_group[3].u_ddrphy_data_slice/data_slice_wrlvl/N201_1_1/gateop, insts:7.
I: Infer CARRY group, base inst: u_DDR3_50H/u_ddrphy_top/ddrphy_slice_top/i_dqs_group[3].u_ddrphy_data_slice/dqsi_rdel_cal/N85_1/gateop, insts:8.
I: Infer CARRY group, base inst: u_DDR3_50H/u_ddrphy_top/ddrphy_slice_top/i_dqs_group[3].u_ddrphy_data_slice/dqsi_rdel_cal/N104_1_1/gateop, insts:9.
I: Infer CARRY group, base inst: u_DDR3_50H/u_ddrphy_top/ddrphy_slice_top/i_dqs_group[3].u_ddrphy_data_slice/dqsi_rdel_cal/N108.eq_0/gateop, insts:5.
I: Infer CARRY group, base inst: u_DDR3_50H/u_ddrphy_top/ddrphy_slice_top/i_dqs_group[3].u_ddrphy_data_slice/dqsi_rdel_cal/N167.eq_0/gateop, insts:5.
I: Infer CARRY group, base inst: u_DDR3_50H/u_ddrphy_top/ddrphy_slice_top/i_dqs_group[3].u_ddrphy_data_slice/dqsi_rdel_cal/N264_1_0/gateop, insts:8.
I: Infer CARRY group, base inst: u_DDR3_50H/u_ddrphy_top/ddrphy_slice_top/i_dqs_group[3].u_ddrphy_data_slice/dqsi_rdel_cal/N280_1_0/gateop, insts:8.
I: Infer CARRY group, base inst: u_DDR3_50H/u_ddrphy_top/ddrphy_slice_top/i_dqs_group[3].u_ddrphy_data_slice/dqsi_rdel_cal/N285_1_1/gateop, insts:9.
I: Infer CARRY group, base inst: u_DDR3_50H/u_ipsxb_ddrc_top/mcdq_dcp_top/mcdq_dcp_back_ctrl/timing_act_pass/N31.lt_0/gateop, insts:4.
I: Infer CARRY group, base inst: u_DDR3_50H/u_ipsxb_ddrc_top/mcdq_dcp_top/mcdq_dcp_back_ctrl/timing_ref_pass/N27.lt_0/gateop, insts:3.
I: Infer CARRY group, base inst: u_DDR3_50H/u_ddrphy_top/ddrphy_slice_top/i_dqs_group[0].u_ddrphy_data_slice/data_slice_dqs_gate_cal/gatecal/N81_1_0/gateop, insts:6.
I: Infer CARRY group, base inst: u_DDR3_50H/u_ddrphy_top/ddrphy_slice_top/i_dqs_group[0].u_ddrphy_data_slice/data_slice_dqs_gate_cal/gatecal/N169_1_1/gateop, insts:5.
I: Infer CARRY group, base inst: u_DDR3_50H/u_ddrphy_top/ddrphy_slice_top/i_dqs_group[0].u_ddrphy_data_slice/data_slice_dqs_gate_cal/gatecal/N373_8.fsub_0/gateop, insts:6.
I: Infer CARRY group, base inst: u_DDR3_50H/u_ddrphy_top/ddrphy_slice_top/i_dqs_group[1].u_ddrphy_data_slice/data_slice_dqs_gate_cal/gatecal/N81_1_0/gateop, insts:6.
I: Infer CARRY group, base inst: u_DDR3_50H/u_ddrphy_top/ddrphy_slice_top/i_dqs_group[1].u_ddrphy_data_slice/data_slice_dqs_gate_cal/gatecal/N169_1_1/gateop, insts:5.
I: Infer CARRY group, base inst: u_DDR3_50H/u_ddrphy_top/ddrphy_slice_top/i_dqs_group[1].u_ddrphy_data_slice/data_slice_dqs_gate_cal/gatecal/N373_8.fsub_0/gateop, insts:6.
I: Infer CARRY group, base inst: u_DDR3_50H/u_ddrphy_top/ddrphy_slice_top/i_dqs_group[2].u_ddrphy_data_slice/data_slice_dqs_gate_cal/gatecal/N81_1_0/gateop, insts:6.
I: Infer CARRY group, base inst: u_DDR3_50H/u_ddrphy_top/ddrphy_slice_top/i_dqs_group[2].u_ddrphy_data_slice/data_slice_dqs_gate_cal/gatecal/N169_1_1/gateop, insts:5.
I: Infer CARRY group, base inst: u_DDR3_50H/u_ddrphy_top/ddrphy_slice_top/i_dqs_group[2].u_ddrphy_data_slice/data_slice_dqs_gate_cal/gatecal/N373_8.fsub_0/gateop, insts:6.
I: Infer CARRY group, base inst: u_DDR3_50H/u_ddrphy_top/ddrphy_slice_top/i_dqs_group[3].u_ddrphy_data_slice/data_slice_dqs_gate_cal/gatecal/N81_1_0/gateop, insts:6.
I: Infer CARRY group, base inst: u_DDR3_50H/u_ddrphy_top/ddrphy_slice_top/i_dqs_group[3].u_ddrphy_data_slice/data_slice_dqs_gate_cal/gatecal/N169_1_1/gateop, insts:5.
I: Infer CARRY group, base inst: u_DDR3_50H/u_ddrphy_top/ddrphy_slice_top/i_dqs_group[3].u_ddrphy_data_slice/data_slice_dqs_gate_cal/gatecal/N373_8.fsub_0/gateop, insts:6.
I: Infer CARRY group, base inst: u_DDR3_50H/u_ipsxb_ddrc_top/mcdq_wdatapath/ipsxb_distributed_fifo/u_ipsxb_distributed_fifo_distributed_fifo_v1_0/u_ipsxb_distributed_fifo_ctr/N3_3_1/gateop, insts:5.
I: Infer CARRY group, base inst: u_DDR3_50H/u_ipsxb_ddrc_top/mcdq_wdatapath/ipsxb_distributed_fifo/u_ipsxb_distributed_fifo_distributed_fifo_v1_0/u_ipsxb_distributed_fifo_ctr/N10_3_1/gateop, insts:5.
I: Infer CARRY group, base inst: u_DDR3_50H/u_ipsxb_ddrc_top/mcdq_wdatapath/ipsxb_distributed_fifo/u_ipsxb_distributed_fifo_distributed_fifo_v1_0/u_ipsxb_distributed_fifo_ctr/N16.eq_0/gateop, insts:2.
I: Infer CARRY group, base inst: u_DDR3_50H/u_ipsxb_ddrc_top/mcdq_wdatapath/ipsxb_distributed_fifo/u_ipsxb_distributed_fifo_distributed_fifo_v1_0/u_ipsxb_distributed_fifo_ctr/N36.eq_0/gateop, insts:3.
I: Infer CARRY group, base inst: u_top_sd_rw/ethernet_test/eth_udp_test/u_sync_fifo_2048x8b/U_ipml_fifo_sync_fifo_2048x8b/U_ipml_fifo_ctrl/N3_3_1/gateop, insts:12.
I: Infer CARRY group, base inst: u_top_sd_rw/ethernet_test/eth_udp_test/u_sync_fifo_2048x8b/U_ipml_fifo_sync_fifo_2048x8b/U_ipml_fifo_ctrl/N12_3_1/gateop, insts:12.
I: Infer CARRY group, base inst: u_top_sd_rw/ethernet_test/eth_udp_test/u_sync_fifo_2048x8b/U_ipml_fifo_sync_fifo_2048x8b/U_ipml_fifo_ctrl/N21.eq_0/gateop, insts:6.
I: Infer CARRY group, base inst: u_top_sd_rw/ethernet_test/eth_udp_test/u_sync_fifo_2048x8b/U_ipml_fifo_sync_fifo_2048x8b/U_ipml_fifo_ctrl/N24.eq_0/gateop, insts:6.
I: Infer CARRY group, base inst: u_top_sd_rw/ethernet_test/eth_udp_test/udp_ip_mac_top/arp_mac_top_U1/arp_rx/N82_1_1/gateop, insts:7.
I: Infer CARRY group, base inst: u_top_sd_rw/ethernet_test/eth_udp_test/udp_ip_mac_top/arp_mac_top_U1/arp_tx/N116_1_1/gateop, insts:15.
I: Infer CARRY group, base inst: u_top_sd_rw/ethernet_test/eth_udp_test/udp_ip_mac_top/arp_mac_top_U1/arp_tx/N149_1_1/gateop, insts:15.
I: Infer CARRY group, base inst: u_top_sd_rw/ethernet_test/eth_udp_test/udp_ip_mac_top/ip_layer/icmp/N15_1.fsub_1/gateop, insts:16.
I: Infer CARRY group, base inst: u_top_sd_rw/ethernet_test/eth_udp_test/udp_ip_mac_top/ip_layer/icmp/N16.eq_0/gateop, insts:9.
I: Infer CARRY group, base inst: u_top_sd_rw/ethernet_test/eth_udp_test/udp_ip_mac_top/ip_layer/icmp/N31_1.fsub_1/gateop, insts:15.
I: Infer CARRY group, base inst: u_top_sd_rw/ethernet_test/eth_udp_test/udp_ip_mac_top/ip_layer/icmp/N32.eq_0/gateop, insts:9.
I: Infer CARRY group, base inst: u_top_sd_rw/ethernet_test/eth_udp_test/udp_ip_mac_top/ip_layer/icmp/N101.eq_0/gateop, insts:8.
I: Infer CARRY group, base inst: u_top_sd_rw/ethernet_test/eth_udp_test/udp_ip_mac_top/ip_layer/icmp/N149.lt_0/gateop, insts:8.
I: Infer CARRY group, base inst: u_top_sd_rw/ethernet_test/eth_udp_test/udp_ip_mac_top/ip_layer/icmp/N168_1.fsub_1/gateop, insts:7.
I: Infer CARRY group, base inst: u_top_sd_rw/ethernet_test/eth_udp_test/udp_ip_mac_top/ip_layer/icmp/N176_1_1/gateop, insts:15.
I: Infer CARRY group, base inst: u_top_sd_rw/ethernet_test/eth_udp_test/udp_ip_mac_top/ip_layer/icmp/N200_1_1/gateop, insts:15.
I: Infer CARRY group, base inst: u_top_sd_rw/ethernet_test/eth_udp_test/udp_ip_mac_top/ip_layer/icmp/N282_1.fsub_1/gateop, insts:9.
I: Infer CARRY group, base inst: u_top_sd_rw/ethernet_test/eth_udp_test/udp_ip_mac_top/ip_layer/icmp/N673_3_0/gateop, insts:33.
I: Infer CARRY group, base inst: u_top_sd_rw/ethernet_test/eth_udp_test/udp_ip_mac_top/ip_layer/icmp/N680_3_0/gateop, insts:18.
I: Infer CARRY group, base inst: u_top_sd_rw/ethernet_test/eth_udp_test/udp_ip_mac_top/ip_layer/icmp/N689_3_0/gateop, insts:18.
I: Infer CARRY group, base inst: u_top_sd_rw/ethernet_test/eth_udp_test/udp_ip_mac_top/ip_layer/icmp/N714_7_0/gateop, insts:33.
I: Infer CARRY group, base inst: u_top_sd_rw/ethernet_test/eth_udp_test/udp_ip_mac_top/ip_layer/ip_rx/N19.eq_0/gateop, insts:9.
I: Infer CARRY group, base inst: u_top_sd_rw/ethernet_test/eth_udp_test/udp_ip_mac_top/ip_layer/ip_rx/N56_1.fsub_1/gateop, insts:16.
I: Infer CARRY group, base inst: u_top_sd_rw/ethernet_test/eth_udp_test/udp_ip_mac_top/ip_layer/ip_rx/N57.eq_0/gateop, insts:9.
I: Infer CARRY group, base inst: u_top_sd_rw/ethernet_test/eth_udp_test/udp_ip_mac_top/ip_layer/ip_rx/N87.eq_0/gateop, insts:9.
I: Infer CARRY group, base inst: u_top_sd_rw/ethernet_test/eth_udp_test/udp_ip_mac_top/ip_layer/ip_rx/N122_1.fsub_1/gateop, insts:14.
I: Infer CARRY group, base inst: u_top_sd_rw/ethernet_test/eth_udp_test/udp_ip_mac_top/ip_layer/ip_rx/N140_1_1/gateop, insts:15.
I: Infer CARRY group, base inst: u_top_sd_rw/ethernet_test/eth_udp_test/udp_ip_mac_top/ip_layer/ip_rx/N280_1/gateop, insts:32.
I: Infer CARRY group, base inst: u_top_sd_rw/ethernet_test/eth_udp_test/udp_ip_mac_top/ip_layer/ip_rx/N300_1_1/gateop, insts:16.
I: Infer CARRY group, base inst: u_top_sd_rw/ethernet_test/eth_udp_test/udp_ip_mac_top/ip_layer/ip_tx/N41_1_1/gateop, insts:15.
I: Infer CARRY group, base inst: u_top_sd_rw/ethernet_test/eth_udp_test/udp_ip_mac_top/ip_layer/ip_tx/N42.eq_0/gateop, insts:9.
I: Infer CARRY group, base inst: u_top_sd_rw/ethernet_test/eth_udp_test/udp_ip_mac_top/ip_layer/ip_tx/N82_1_1/gateop, insts:14.
I: Infer CARRY group, base inst: u_top_sd_rw/ethernet_test/eth_udp_test/udp_ip_mac_top/ip_layer/ip_tx/N83.eq_0/gateop, insts:9.
I: Infer CARRY group, base inst: u_top_sd_rw/ethernet_test/eth_udp_test/udp_ip_mac_top/ip_layer/ip_tx/N114_1_1/gateop, insts:15.
I: Infer CARRY group, base inst: u_top_sd_rw/ethernet_test/eth_udp_test/udp_ip_mac_top/ip_layer/ip_tx/N129_1_1/gateop, insts:15.
I: Infer CARRY group, base inst: u_top_sd_rw/ethernet_test/eth_udp_test/udp_ip_mac_top/ip_layer/ip_tx/N149_1_1/gateop, insts:15.
I: Infer CARRY group, base inst: u_top_sd_rw/ethernet_test/eth_udp_test/udp_ip_mac_top/ip_layer/ip_tx/N169_1_1/gateop, insts:8.
I: Infer CARRY group, base inst: u_top_sd_rw/ethernet_test/eth_udp_test/udp_ip_mac_top/ip_layer/ip_tx/N516_1/gateop, insts:16.
I: Infer CARRY group, base inst: u_top_sd_rw/ethernet_test/eth_udp_test/udp_ip_mac_top/ip_layer/ip_tx/N519_1/gateop, insts:17.
I: Infer CARRY group, base inst: u_top_sd_rw/ethernet_test/eth_udp_test/udp_ip_mac_top/ip_layer/ip_tx/N522_1/gateop, insts:20.
I: Infer CARRY group, base inst: u_top_sd_rw/ethernet_test/eth_udp_test/udp_ip_mac_top/ip_layer/ip_tx/N524_3/gateop, insts:17.
I: Infer CARRY group, base inst: u_top_sd_rw/ethernet_test/eth_udp_test/udp_ip_mac_top/ip_layer/ip_tx/N534_1/gateop, insts:18.
I: Infer CARRY group, base inst: u_top_sd_rw/ethernet_test/eth_udp_test/udp_ip_mac_top/ip_layer/ip_tx_mode/N51_1_1/gateop, insts:15.
I: Infer CARRY group, base inst: u_top_sd_rw/ethernet_test/eth_udp_test/udp_ip_mac_top/ip_layer/ip_tx_mode/N64_1_0/gateop, insts:14.
I: Infer CARRY group, base inst: u_top_sd_rw/ethernet_test/eth_udp_test/udp_ip_mac_top/udp_layer/udp_rx/N28_1.fsub_1/gateop, insts:16.
I: Infer CARRY group, base inst: u_top_sd_rw/ethernet_test/eth_udp_test/udp_ip_mac_top/udp_layer/udp_rx/N29.eq_0/gateop, insts:9.
I: Infer CARRY group, base inst: u_top_sd_rw/ethernet_test/eth_udp_test/udp_ip_mac_top/udp_layer/udp_rx/N84_1.fsub_1/gateop, insts:12.
Device mapping done.
Total device mapping takes 4.02 sec.

Device Utilization Summary:
+--------------------------------------------------------------------------+
| Logic Utilization     | Used      | Available     | Utilization(%)     
+--------------------------------------------------------------------------+
| APM                   | 13        | 84            | 16                  
| IOCKDLY               | 1         | 40            | 3                   
| FF                    | 10591     | 64200         | 17                  
| LUT                   | 12002     | 42800         | 29                  
| Distributed RAM       | 86        | 17000         | 1                   
| DLL                   | 2         | 10            | 20                  
| DQSL                  | 8         | 18            | 45                  
| DRM                   | 73.5      | 134           | 55                  
| FUSECODE              | 0         | 1             | 0                   
| IO                    | 192       | 296           | 65                  
| IOCKDIV               | 3         | 20            | 15                  
| IOCKGATE              | 6         | 20            | 30                  
| IPAL                  | 0         | 1             | 0                   
| PLL                   | 5         | 5             | 100                 
| RCKB                  | 0         | 24            | 0                   
| SCANCHAIN             | 0         | 2             | 0                   
| START                 | 0         | 1             | 0                   
| USCM                  | 13        | 30            | 44                  
| HSST                  | 0         | 1             | 0                   
| OSC                   | 0         | 1             | 0                   
| CRYSTAL               | 0         | 2             | 0                   
| RESCAL                | 0         | 4             | 0                   
| UDID                  | 0         | 1             | 0                   
| PCIE                  | 0         | 1             | 0                   
+--------------------------------------------------------------------------+

Design 'hdmi_ddr_ov5640_top' has been successfully mapped to architecture-specific objects.
Saving design to DB.
W: Public-4010: Pcf file C:/Users/23600/Desktop/1_end/full_screen/device_map/hdmi_ddr_ov5640_top.pcf has been covered.
Action dev_map: Real time elapsed is 15.000 sec
Action dev_map: CPU time elapsed is 10.906 sec
Action dev_map: Process CPU time elapsed is 10.906 sec
Current time: Sun Nov 12 18:03:57 2023
Action dev_map: Peak memory pool usage is 428,511,232 bytes
