IP Generator (Version 2022.1 build 99559)
Check out license ...
Start generating at 2023-11-10 15:41
Instance: eth_ram_hdmi (C:\Users\user\Desktop\11_10\ipcore\eth_ram_hdmi\eth_ram_hdmi.idf)
IP: DRM Based Simple Dual Port RAM (1.6)
Part: Logos-PGL50H-FBG484--6
Create directory 'rtl' ...
Copy 'rtl\ipml_sdpram_v1_6.v.xml' to 'rtl' ...
Compile file 'rtl\ipml_sdpram_v1_6.v.xml' to 'rtl\ipml_sdpram_v1_6_eth_ram_hdmi.v' ...
Copy 'ipml_sdpram_wrapper_v1_6.v.xml' ...
Compile file 'ipml_sdpram_wrapper_v1_6.v.xml' to 'eth_ram_hdmi.v' ...
Found top module 'eth_ram_hdmi' in file 'eth_ram_hdmi.v'.
Copy 'ipml_sdpram_wrapper_v1_3_tb.v.xml' ...
Compile file 'ipml_sdpram_wrapper_v1_3_tb.v.xml' to 'eth_ram_hdmi_tb.v' ...
Copy 'init_param_bin_exmp.dat' ...
Copy 'init_param_hex_exmp.dat' ...
Run file 'createParam.tcl' ...
Create template file 'eth_ram_hdmi_tmpl.v' ...
Create template file 'eth_ram_hdmi_tmpl.vhdl' ...
There are 2 source files to synthesize.
Synthesis is disabled.
Done: 0 error(s), 0 warning(s)
