IP Generator (Version 2021.4-SP1.2 build 96435)
Check out license ...
Start generating at 2023-11-05 17:42
Instance: size_down_fifo (C:\Users\Lenovo\Desktop\1027\fifo_ram_ctrl\ipcore\size_down_fifo\size_down_fifo.idf)
IP: Distributed FIFO (1.2)
Part: Logos-PGL50H-FBG484--6
Create directory 'rtl' ...
Copy 'rtl\ipm_distributed_fifo_ctr_v1_0.v' to 'rtl' ...
Copy 'rtl\ipm_distributed_fifo_v1_2.v.xml' to 'rtl' ...
Copy 'rtl\ipm_distributed_sdpram_v1_2.v.xml' to 'rtl' ...
Compile file 'rtl\ipm_distributed_fifo_v1_2.v.xml' to 'rtl\ipm_distributed_fifo_v1_2_size_down_fifo.v' ...
Compile file 'rtl\ipm_distributed_sdpram_v1_2.v.xml' to 'rtl\ipm_distributed_sdpram_v1_2_size_down_fifo.v' ...
Copy 'ipm_distributed_fifo_wrapper_v1_2.v.xml' ...
Copy 'ipm_distributed_fifo_wrapper_v1_2_tb.v.xml' ...
Compile file 'ipm_distributed_fifo_wrapper_v1_2.v.xml' to 'size_down_fifo.v' ...
Found top module 'size_down_fifo' in file 'size_down_fifo.v'.
Compile file 'ipm_distributed_fifo_wrapper_v1_2_tb.v.xml' to 'size_down_fifo_tb.v' ...
Create template file 'size_down_fifo_tmpl.v' ...
Create template file 'size_down_fifo_tmpl.vhdl' ...
There are 4 source files to synthesize.
Synthesis is disabled.
Done: 0 error(s), 0 warning(s)
