#Build: Fabric Compiler 2021.4-SP1.2, Build 96435, May 30 04:40 2022
#Install: D:\PDS_2021.4-SP1.2\bin
#Application name: pds_shell.exe
#OS: Windows 10 10.0.22621
#Hostname: LAPTOP-GOI50Q5C
Generated by Fabric Compiler (version 2021.4-SP1.2 build 96435) at Fri Oct 27 21:09:30 2023
Compiling verification operator library.
Compiling common defs.
Compiling prim grid devices.
Compiling gate devices.
Compiling gate operators.
Building architecture model.
Loading device packaging model.
Reading design from DB.
Start Generate Netlist.
Generate Netlist is finished successfully.
Action gen_netlist: Real time elapsed is 19.000 sec
Action gen_netlist: CPU time elapsed is 4.703 sec
Action gen_netlist: Process CPU time elapsed is 4.703 sec
Current time: Fri Oct 27 21:09:48 2023
Action gen_netlist: Peak memory pool usage is 838,303,744 bytes
