-----------------------------------------------------------------------------------------------------------------------------------------------------------------------------------------------------------------------------------------------------------------------------------------------------
Detailed RTL Component Info :
-----Module Name :
                    hdmi_ddr_ov5640_top

-----Multipliers :
                    4 x 1     Multipliers := 1
                    5 x 10     Multipliers := 1
                    7 x 8     Multipliers := 1
                    9 x 8     Multipliers := 1
                    16 x 8     Multipliers := 1

-----Adders :

APM: Final Mapping Report
|---------------------------------|-------------------------------------------|--------------|--------------|---------|---------|---------|---------|---------|---------|--------------|--------------|--------------|--------------|--------------|
| APM Inst Name                   | APM Cascade                               | X Size       | Y Size       | Z Size  | P Size  | X_REG   | Y_REG   | Z_REG   | P_REG   | MULT_REG     | PREADD_REG   | USE_PREADD   | USE_POSTADD  | Primitives   |
|---------------------------------|-------------------------------------------|--------------|--------------|---------|---------|---------|---------|---------|---------|--------------|--------------|--------------|--------------|--------------|
| u_top_sd_rw/u_data_gen/N37996   | /                                         | 8(unsigned)  | 7(unsigned)  | /       | 15      | 1       | 0       | /       | 0       | 0            | 0            | 0            | 0            | GTP_APM_E1   |
|---------------------------------|-------------------------------------------|--------------|--------------|---------|---------|---------|---------|---------|---------|--------------|--------------|--------------|--------------|--------------|
| N582                            | /                                         | 10(unsigned) | 4(unsigned)  | /       | 10      | 1       | 0       | /       | 0       | 0            | 0            | 0            | 0            | GTP_APM_E1   |
|---------------------------------|-------------------------------------------|--------------|--------------|---------|---------|---------|---------|---------|---------|--------------|--------------|--------------|--------------|--------------|
| u_hsv_rgb/N132                  | /                                         | 16(unsigned) | 8(unsigned)  | /       | 16      | 0       | 1       | /       | 0       | 1            | 0            | 0            | 0            | GTP_APM_E1   |
|---------------------------------|-------------------------------------------|--------------|--------------|---------|---------|---------|---------|---------|---------|--------------|--------------|--------------|--------------|--------------|
| u_hsv_rgb/N33                   | /                                         | 9(unsigned)  | 8(unsigned)  | /       | 16      | 0       | 0       | /       | 1       | 1            | 0            | 0            | 1            | GTP_APM_E1   |
|---------------------------------|-------------------------------------------|--------------|--------------|---------|---------|---------|---------|---------|---------|--------------|--------------|--------------|--------------|--------------|

-----------------------------------------------------------------------------------------------------------------------------------------------------------------------------------------------------------------------------------------------------------------------------------------------------

-------------------------------------------------------------------------------------------------------------------------------------------------------------------------------------------------------------------------------------------------------------------------------------------------------------------------
Detailed RTL Component Info :
-----Module Name :
                    hdmi_ddr_ov5640_top

-----ROMs :
            64 Bit    (64 x 1 bit)          ROMs := 4
            1K Bit    (64 x 20 bit)          ROMs := 1
            10K Bit    (512 x 20 bit)          ROMs := 1
            12K Bit    (512 x 24 bit)          ROMs := 2

-----RAMs :
            32 Bit    (16 x 2 bit)          RAMs := 1
            128 Bit    (16 x 8 bit)          RAMs := 1
            688 Bit    (16 x 43 bit)          RAMs := 2

Distributed RAM and Block RAM: Final Mapping Report
|------------------------------------------------------------------------------------------------------------------------------------------------------------------------------------------------|------------------------|-------------------|---------|
| DPRAM Inst Name                                                                                                                                                                                | Size (Depth x Width)   | Primitives        | Count   |
|------------------------------------------------------------------------------------------------------------------------------------------------------------------------------------------------|------------------------|-------------------|---------|
| u_top_sd_rw/u_sd_ctrl_top/u_sd_init/N186_1                                                                                                                                                     | 64 x 1                 |                   |         |
|                                                                                                                                                                                                | 64 x 1                 | GTP_ROM64X1       | 1       |
|------------------------------------------------------------------------------------------------------------------------------------------------------------------------------------------------|------------------------|-------------------|---------|
| u_top_sd_rw/u_sd_ctrl_top/u_sd_init/N170_1                                                                                                                                                     | 64 x 1                 |                   |         |
|                                                                                                                                                                                                | 64 x 1                 | GTP_ROM64X1       | 1       |
|------------------------------------------------------------------------------------------------------------------------------------------------------------------------------------------------|------------------------|-------------------|---------|
| u_top_sd_rw/u_sd_ctrl_top/u_sd_init/N154_1                                                                                                                                                     | 64 x 1                 |                   |         |
|                                                                                                                                                                                                | 64 x 1                 | GTP_ROM64X1       | 1       |
|------------------------------------------------------------------------------------------------------------------------------------------------------------------------------------------------|------------------------|-------------------|---------|
| u_top_sd_rw/u_sd_ctrl_top/u_sd_init/N129_1                                                                                                                                                     | 64 x 1                 |                   |         |
|                                                                                                                                                                                                | 64 x 1                 | GTP_ROM64X1       | 1       |
|------------------------------------------------------------------------------------------------------------------------------------------------------------------------------------------------|------------------------|-------------------|---------|
| u_DDR3_50H/u_ipsxb_ddrc_top/mcdq_dcp_top/mcdq_dcp_buf/B_ipsxb_distributed_fifo/u_ipsxb_distributed_fifo_distributed_fifo_v1_0/ipsxb_distributed_sdpram_distributed_fifo_v1_0/mem               | 16 x 43                |                   |         |
|                                                                                                                                                                                                | 16 x 1                 | GTP_RAM16X1DP     | 39      |
|------------------------------------------------------------------------------------------------------------------------------------------------------------------------------------------------|------------------------|-------------------|---------|
| u_DDR3_50H/u_ipsxb_ddrc_top/mcdq_dcp_top/mcdq_dcp_buf/A_ipsxb_distributed_fifo/u_ipsxb_distributed_fifo_distributed_fifo_v1_0/ipsxb_distributed_sdpram_distributed_fifo_v1_0/mem               | 16 x 43                |                   |         |
|                                                                                                                                                                                                | 16 x 1                 | GTP_RAM16X1DP     | 39      |
|------------------------------------------------------------------------------------------------------------------------------------------------------------------------------------------------|------------------------|-------------------|---------|
| u_DDR3_50H/u_ipsxb_ddrc_top/mcdq_wdatapath/ipsxb_distributed_fifo/u_ipsxb_distributed_fifo_distributed_fifo_v1_0/ipsxb_distributed_sdpram_distributed_fifo_v1_0/mem                            | 16 x 2                 |                   |         |
|                                                                                                                                                                                                | 16 x 1                 | GTP_RAM16X1DP     | 2       |
|------------------------------------------------------------------------------------------------------------------------------------------------------------------------------------------------|------------------------|-------------------|---------|
| u_top_sd_rw/ethernet_test/eth_udp_test/udp_ip_mac_top/udp_layer/udp_tx/udp_shift_register/u_ipm_distributed_shiftregister_udp_shift_register/u_ipm_distributed_sdpram_udp_shift_register/mem   | 16 x 8                 |                   |         |
|                                                                                                                                                                                                | 16 x 1                 | GTP_RAM16X1DP     | 8       |
|------------------------------------------------------------------------------------------------------------------------------------------------------------------------------------------------|------------------------|-------------------|---------|

|------------------------------------------|------------------------|-------------------|-------------------|-------------------|-------------------|
| Inst Name                                | Size (Depth x Width)   | Write_Mode_A      | Write_Mode_B      | Ram_Mode          | Primitives        |
|------------------------------------------|------------------------|-------------------|-------------------|-------------------|-------------------|
| ms72xx_ctl/ms7200_ctl/N1219_1_concat_3   | 512 x 20               |                   |                   |                   |                   |
|                       N1219_1_concat_3   | 512 x 20               | NORMAL_WRITE      | /                 | SINGLE_PORT       | GTP_DRM18K        |
|------------------------------------------|------------------------|-------------------|-------------------|-------------------|-------------------|
| ms72xx_ctl/ms7210_ctl/N325_1_concat_2    | 64 x 20                |                   |                   |                   |                   |
|                       N325_1_concat_2    | 64 x 20                | NORMAL_WRITE      | /                 | SINGLE_PORT       | GTP_DRM9K         |
|------------------------------------------|------------------------|-------------------|-------------------|-------------------|-------------------|
| coms2_reg_config/reg_data                | 512 x 24               |                   |                   |                   |                   |
|                  reg_data                | 512 x 24               | NORMAL_WRITE      | /                 | SINGLE_PORT       | GTP_DRM18K        |
|------------------------------------------|------------------------|-------------------|-------------------|-------------------|-------------------|
| coms1_reg_config/reg_data                | 512 x 24               |                   |                   |                   |                   |
|                  reg_data                | 512 x 24               | NORMAL_WRITE      | /                 | SINGLE_PORT       | GTP_DRM18K        |
|------------------------------------------|------------------------|-------------------|-------------------|-------------------|-------------------|

-------------------------------------------------------------------------------------------------------------------------------------------------------------------------------------------------------------------------------------------------------------------------------------------------------------------------

