IP Generator (Version 2021.4-SP1.2 build 96435)
Check out license ...
Start generating at 2023-10-19 21:15
Instance: rd_fram_buf (D:\.PDS2021\prj\fifo_ram_ctrl\source\rd_fram_buf\rd_fram_buf.idf)
IP: DRM Based Simple Dual Port RAM (1.6)
Part: Logos-PGL50G-MBG484--6
Create directory 'rtl' ...
Copy 'rtl\ipml_sdpram_v1_6.v.xml' to 'rtl' ...
Compile file 'rtl\ipml_sdpram_v1_6.v.xml' to 'rtl\ipml_sdpram_v1_6_rd_fram_buf.v' ...
Copy 'ipml_sdpram_wrapper_v1_6.v.xml' ...
Compile file 'ipml_sdpram_wrapper_v1_6.v.xml' to 'rd_fram_buf.v' ...
Found top module 'rd_fram_buf' in file 'rd_fram_buf.v'.
Copy 'ipml_sdpram_wrapper_v1_3_tb.v.xml' ...
Compile file 'ipml_sdpram_wrapper_v1_3_tb.v.xml' to 'rd_fram_buf_tb.v' ...
Copy 'init_param_bin_exmp.dat' ...
Copy 'init_param_hex_exmp.dat' ...
Run file 'createParam.tcl' ...
Create template file 'rd_fram_buf_tmpl.v' ...
Create template file 'rd_fram_buf_tmpl.vhdl' ...
There are 2 source files to synthesize.
Synthesis is disabled.
Done: 0 error(s), 0 warning(s)
